<?php defined('COREPATH') or exit('No direct script access allowed'); ?>

INFO - 2016-10-04 10:06:00 --> Fuel\Core\Request::__construct - Creating a new main Request with URI = "admin"
INFO - 2016-10-04 10:06:00 --> Fuel\Core\Request::execute - Called
INFO - 2016-10-04 10:06:00 --> Fuel\Core\Request::execute - Setting main Request
INFO - 2016-10-04 10:06:09 --> Fuel\Core\Request::__construct - Creating a new main Request with URI = "top"
INFO - 2016-10-04 10:06:09 --> Fuel\Core\Request::execute - Called
INFO - 2016-10-04 10:06:09 --> Fuel\Core\Request::execute - Setting main Request
INFO - 2016-10-04 10:06:09 --> Fuel\Core\Request::__construct - Creating a new main Request with URI = "top"
INFO - 2016-10-04 10:06:09 --> Fuel\Core\Request::execute - Called
INFO - 2016-10-04 10:06:09 --> Fuel\Core\Request::execute - Setting main Request
INFO - 2016-10-04 10:06:13 --> Fuel\Core\Request::__construct - Creating a new main Request with URI = "admin"
INFO - 2016-10-04 10:06:13 --> Fuel\Core\Request::execute - Called
INFO - 2016-10-04 10:06:13 --> Fuel\Core\Request::execute - Setting main Request
INFO - 2016-10-04 10:27:15 --> Fuel\Core\Request::__construct - Creating a new main Request with URI = "admin"
INFO - 2016-10-04 10:27:15 --> Fuel\Core\Request::execute - Called
INFO - 2016-10-04 10:27:15 --> Fuel\Core\Request::execute - Setting main Request
INFO - 2016-10-04 10:27:18 --> Fuel\Core\Request::__construct - Creating a new main Request with URI = "admin/memo/svn"
INFO - 2016-10-04 10:27:18 --> Fuel\Core\Request::execute - Called
INFO - 2016-10-04 10:27:18 --> Fuel\Core\Request::execute - Setting main Request
INFO - 2016-10-04 10:27:50 --> Fuel\Core\Request::__construct - Creating a new main Request with URI = "admin"
INFO - 2016-10-04 10:27:50 --> Fuel\Core\Request::execute - Called
INFO - 2016-10-04 10:27:50 --> Fuel\Core\Request::execute - Setting main Request
INFO - 2016-10-04 10:27:52 --> Fuel\Core\Request::__construct - Creating a new main Request with URI = "admin/memo/fuel"
INFO - 2016-10-04 10:27:52 --> Fuel\Core\Request::execute - Called
INFO - 2016-10-04 10:27:52 --> Fuel\Core\Request::execute - Setting main Request
INFO - 2016-10-04 10:30:07 --> Fuel\Core\Request::__construct - Creating a new main Request with URI = "admin"
INFO - 2016-10-04 10:30:07 --> Fuel\Core\Request::execute - Called
INFO - 2016-10-04 10:30:07 --> Fuel\Core\Request::execute - Setting main Request
INFO - 2016-10-04 10:30:09 --> Fuel\Core\Request::__construct - Creating a new main Request with URI = "admin/editNews"
INFO - 2016-10-04 10:30:09 --> Fuel\Core\Request::execute - Called
INFO - 2016-10-04 10:30:09 --> Fuel\Core\Request::execute - Setting main Request
INFO - 2016-10-04 10:30:16 --> Fuel\Core\Request::__construct - Creating a new main Request with URI = "admin"
INFO - 2016-10-04 10:30:16 --> Fuel\Core\Request::execute - Called
INFO - 2016-10-04 10:30:16 --> Fuel\Core\Request::execute - Setting main Request
INFO - 2016-10-04 10:33:59 --> Fuel\Core\Request::__construct - Creating a new main Request with URI = "admin/memo/svn"
INFO - 2016-10-04 10:33:59 --> Fuel\Core\Request::execute - Called
INFO - 2016-10-04 10:33:59 --> Fuel\Core\Request::execute - Setting main Request
INFO - 2016-10-04 10:37:04 --> Fuel\Core\Request::__construct - Creating a new main Request with URI = "admin"
INFO - 2016-10-04 10:37:04 --> Fuel\Core\Request::execute - Called
INFO - 2016-10-04 10:37:04 --> Fuel\Core\Request::execute - Setting main Request
INFO - 2016-10-04 10:37:13 --> Fuel\Core\Request::__construct - Creating a new main Request with URI = "admin/memo/fuel"
INFO - 2016-10-04 10:37:13 --> Fuel\Core\Request::execute - Called
INFO - 2016-10-04 10:37:13 --> Fuel\Core\Request::execute - Setting main Request
INFO - 2016-10-04 11:28:34 --> Fuel\Core\Request::__construct - Creating a new main Request with URI = "admin"
INFO - 2016-10-04 11:28:34 --> Fuel\Core\Request::execute - Called
INFO - 2016-10-04 11:28:34 --> Fuel\Core\Request::execute - Setting main Request
INFO - 2016-10-04 11:28:36 --> Fuel\Core\Request::__construct - Creating a new main Request with URI = "admin/memo/server"
INFO - 2016-10-04 11:28:36 --> Fuel\Core\Request::execute - Called
INFO - 2016-10-04 11:28:36 --> Fuel\Core\Request::execute - Setting main Request
