<?php defined('COREPATH') or exit('No direct script access allowed'); ?>

INFO - 2016-10-03 12:45:03 --> Fuel\Core\Request::__construct - Creating a new main Request with URI = "admin"
INFO - 2016-10-03 12:45:03 --> Fuel\Core\Request::execute - Called
INFO - 2016-10-03 12:45:03 --> Fuel\Core\Request::execute - Setting main Request
INFO - 2016-10-03 12:45:05 --> Fuel\Core\Request::__construct - Creating a new main Request with URI = "admin/editNews"
INFO - 2016-10-03 12:45:05 --> Fuel\Core\Request::execute - Called
INFO - 2016-10-03 12:45:05 --> Fuel\Core\Request::execute - Setting main Request
INFO - 2016-10-03 12:45:15 --> Fuel\Core\Request::__construct - Creating a new main Request with URI = "admin"
INFO - 2016-10-03 12:45:15 --> Fuel\Core\Request::execute - Called
INFO - 2016-10-03 12:45:15 --> Fuel\Core\Request::execute - Setting main Request
INFO - 2016-10-03 12:47:40 --> Fuel\Core\Request::__construct - Creating a new main Request with URI = "admin/editNews"
INFO - 2016-10-03 12:47:40 --> Fuel\Core\Request::execute - Called
INFO - 2016-10-03 12:47:40 --> Fuel\Core\Request::execute - Setting main Request
INFO - 2016-10-03 12:48:14 --> Fuel\Core\Request::__construct - Creating a new main Request with URI = "admin"
INFO - 2016-10-03 12:48:14 --> Fuel\Core\Request::execute - Called
INFO - 2016-10-03 12:48:14 --> Fuel\Core\Request::execute - Setting main Request
INFO - 2016-10-03 12:48:17 --> Fuel\Core\Request::__construct - Creating a new main Request with URI = "admin/editNews"
INFO - 2016-10-03 12:48:17 --> Fuel\Core\Request::execute - Called
INFO - 2016-10-03 12:48:17 --> Fuel\Core\Request::execute - Setting main Request
INFO - 2016-10-03 14:12:30 --> Fuel\Core\Request::__construct - Creating a new main Request with URI = "admin"
INFO - 2016-10-03 14:12:30 --> Fuel\Core\Request::execute - Called
INFO - 2016-10-03 14:12:30 --> Fuel\Core\Request::execute - Setting main Request
INFO - 2016-10-03 14:18:53 --> Fuel\Core\Request::__construct - Creating a new main Request with URI = "admin/editNews"
INFO - 2016-10-03 14:18:53 --> Fuel\Core\Request::execute - Called
INFO - 2016-10-03 14:18:53 --> Fuel\Core\Request::execute - Setting main Request
INFO - 2016-10-03 14:31:09 --> Fuel\Core\Request::__construct - Creating a new main Request with URI = ""
INFO - 2016-10-03 14:31:10 --> Fuel\Core\Request::execute - Called
INFO - 2016-10-03 14:31:10 --> Fuel\Core\Request::execute - Setting main Request
INFO - 2016-10-03 14:34:47 --> Fuel\Core\Request::__construct - Creating a new main Request with URI = "admin"
INFO - 2016-10-03 14:34:47 --> Fuel\Core\Request::execute - Called
INFO - 2016-10-03 14:34:47 --> Fuel\Core\Request::execute - Setting main Request
INFO - 2016-10-03 14:34:51 --> Fuel\Core\Request::__construct - Creating a new main Request with URI = "admin/memo/server"
INFO - 2016-10-03 14:34:51 --> Fuel\Core\Request::execute - Called
INFO - 2016-10-03 14:34:51 --> Fuel\Core\Request::execute - Setting main Request
INFO - 2016-10-03 14:34:59 --> Fuel\Core\Request::__construct - Creating a new main Request with URI = "admin/editNews"
INFO - 2016-10-03 14:34:59 --> Fuel\Core\Request::execute - Called
INFO - 2016-10-03 14:34:59 --> Fuel\Core\Request::execute - Setting main Request
INFO - 2016-10-03 14:40:28 --> Fuel\Core\Request::__construct - Creating a new main Request with URI = "admin"
INFO - 2016-10-03 14:40:28 --> Fuel\Core\Request::execute - Called
INFO - 2016-10-03 14:40:28 --> Fuel\Core\Request::execute - Setting main Request
INFO - 2016-10-03 14:40:35 --> Fuel\Core\Request::__construct - Creating a new main Request with URI = "ishida"
INFO - 2016-10-03 14:40:35 --> Fuel\Core\Request::execute - Called
INFO - 2016-10-03 14:40:35 --> Fuel\Core\Request::execute - Setting main Request
INFO - 2016-10-03 14:40:35 --> Fuel\Core\Request::__construct - Creating a new main Request with URI = "welcome/404"
INFO - 2016-10-03 14:40:35 --> Fuel\Core\Request::execute - Called
INFO - 2016-10-03 14:40:35 --> Fuel\Core\Request::execute - Setting main Request
INFO - 2016-10-03 14:40:41 --> Fuel\Core\Request::__construct - Creating a new main Request with URI = "admin/memo/svn"
INFO - 2016-10-03 14:40:41 --> Fuel\Core\Request::execute - Called
INFO - 2016-10-03 14:40:41 --> Fuel\Core\Request::execute - Setting main Request
INFO - 2016-10-03 14:41:02 --> Fuel\Core\Request::__construct - Creating a new main Request with URI = "admin"
INFO - 2016-10-03 14:41:02 --> Fuel\Core\Request::execute - Called
INFO - 2016-10-03 14:41:02 --> Fuel\Core\Request::execute - Setting main Request
INFO - 2016-10-03 14:41:04 --> Fuel\Core\Request::__construct - Creating a new main Request with URI = "admin/memo/fuel"
INFO - 2016-10-03 14:41:04 --> Fuel\Core\Request::execute - Called
INFO - 2016-10-03 14:41:04 --> Fuel\Core\Request::execute - Setting main Request
INFO - 2016-10-03 14:42:07 --> Fuel\Core\Request::__construct - Creating a new main Request with URI = "admin/memo/server"
INFO - 2016-10-03 14:42:07 --> Fuel\Core\Request::execute - Called
INFO - 2016-10-03 14:42:07 --> Fuel\Core\Request::execute - Setting main Request
