<?php defined('COREPATH') or exit('No direct script access allowed'); ?>

INFO - 2017-05-08 09:45:46 --> Fuel\Core\Request::__construct - Creating a new main Request with URI = "admin"
INFO - 2017-05-08 09:45:46 --> Fuel\Core\Request::execute - Called
INFO - 2017-05-08 09:45:46 --> Fuel\Core\Request::execute - Setting main Request
INFO - 2017-05-08 10:58:01 --> Fuel\Core\Request::__construct - Creating a new main Request with URI = "admin"
INFO - 2017-05-08 10:58:01 --> Fuel\Core\Request::execute - Called
INFO - 2017-05-08 10:58:01 --> Fuel\Core\Request::execute - Setting main Request
INFO - 2017-05-08 11:16:43 --> Fuel\Core\Request::__construct - Creating a new main Request with URI = "admin"
INFO - 2017-05-08 11:16:43 --> Fuel\Core\Request::execute - Called
INFO - 2017-05-08 11:16:43 --> Fuel\Core\Request::execute - Setting main Request
INFO - 2017-05-08 11:21:40 --> Fuel\Core\Request::__construct - Creating a new main Request with URI = "admin"
INFO - 2017-05-08 11:21:40 --> Fuel\Core\Request::execute - Called
INFO - 2017-05-08 11:21:40 --> Fuel\Core\Request::execute - Setting main Request
INFO - 2017-05-08 11:21:47 --> Fuel\Core\Request::__construct - Creating a new main Request with URI = "admin/memo/server"
INFO - 2017-05-08 11:21:47 --> Fuel\Core\Request::execute - Called
INFO - 2017-05-08 11:21:47 --> Fuel\Core\Request::execute - Setting main Request
INFO - 2017-05-08 14:14:56 --> Fuel\Core\Request::__construct - Creating a new main Request with URI = "admin"
INFO - 2017-05-08 14:14:56 --> Fuel\Core\Request::execute - Called
INFO - 2017-05-08 14:14:56 --> Fuel\Core\Request::execute - Setting main Request
INFO - 2017-05-08 18:55:19 --> Fuel\Core\Request::__construct - Creating a new main Request with URI = "admin"
INFO - 2017-05-08 18:55:19 --> Fuel\Core\Request::execute - Called
INFO - 2017-05-08 18:55:19 --> Fuel\Core\Request::execute - Setting main Request
INFO - 2017-05-08 18:55:21 --> Fuel\Core\Request::__construct - Creating a new main Request with URI = "admin/memo/server"
INFO - 2017-05-08 18:55:21 --> Fuel\Core\Request::execute - Called
INFO - 2017-05-08 18:55:21 --> Fuel\Core\Request::execute - Setting main Request
