<?php defined('COREPATH') or exit('No direct script access allowed'); ?>

INFO - 2017-05-31 12:06:28 --> Fuel\Core\Request::__construct - Creating a new main Request with URI = "admin"
INFO - 2017-05-31 12:06:28 --> Fuel\Core\Request::execute - Called
INFO - 2017-05-31 12:06:28 --> Fuel\Core\Request::execute - Setting main Request
INFO - 2017-05-31 14:25:43 --> Fuel\Core\Request::__construct - Creating a new main Request with URI = "admin"
INFO - 2017-05-31 14:25:43 --> Fuel\Core\Request::execute - Called
INFO - 2017-05-31 14:25:43 --> Fuel\Core\Request::execute - Setting main Request
INFO - 2017-05-31 14:25:45 --> Fuel\Core\Request::__construct - Creating a new main Request with URI = "admin/memo/server"
INFO - 2017-05-31 14:25:45 --> Fuel\Core\Request::execute - Called
INFO - 2017-05-31 14:25:45 --> Fuel\Core\Request::execute - Setting main Request
INFO - 2017-05-31 14:33:02 --> Fuel\Core\Request::__construct - Creating a new main Request with URI = "admin"
INFO - 2017-05-31 14:33:02 --> Fuel\Core\Request::execute - Called
INFO - 2017-05-31 14:33:02 --> Fuel\Core\Request::execute - Setting main Request
INFO - 2017-05-31 15:23:45 --> Fuel\Core\Request::__construct - Creating a new main Request with URI = "admin"
INFO - 2017-05-31 15:23:45 --> Fuel\Core\Request::execute - Called
INFO - 2017-05-31 15:23:45 --> Fuel\Core\Request::execute - Setting main Request
INFO - 2017-05-31 16:08:41 --> Fuel\Core\Request::__construct - Creating a new main Request with URI = "admin"
INFO - 2017-05-31 16:08:41 --> Fuel\Core\Request::execute - Called
INFO - 2017-05-31 16:08:41 --> Fuel\Core\Request::execute - Setting main Request
INFO - 2017-05-31 16:55:55 --> Fuel\Core\Request::__construct - Creating a new main Request with URI = "admin/memo/server"
INFO - 2017-05-31 16:55:55 --> Fuel\Core\Request::execute - Called
INFO - 2017-05-31 16:55:55 --> Fuel\Core\Request::execute - Setting main Request
INFO - 2017-05-31 17:51:49 --> Fuel\Core\Request::__construct - Creating a new main Request with URI = "admin"
INFO - 2017-05-31 17:51:49 --> Fuel\Core\Request::execute - Called
INFO - 2017-05-31 17:51:49 --> Fuel\Core\Request::execute - Setting main Request
