<?php defined('COREPATH') or exit('No direct script access allowed'); ?>

INFO - 2017-05-30 14:43:30 --> Fuel\Core\Request::__construct - Creating a new main Request with URI = "admin"
INFO - 2017-05-30 14:43:30 --> Fuel\Core\Request::execute - Called
INFO - 2017-05-30 14:43:30 --> Fuel\Core\Request::execute - Setting main Request
INFO - 2017-05-30 15:00:49 --> Fuel\Core\Request::__construct - Creating a new main Request with URI = "admin"
INFO - 2017-05-30 15:00:49 --> Fuel\Core\Request::execute - Called
INFO - 2017-05-30 15:00:49 --> Fuel\Core\Request::execute - Setting main Request
INFO - 2017-05-30 15:19:27 --> Fuel\Core\Request::__construct - Creating a new main Request with URI = "admin"
INFO - 2017-05-30 15:19:27 --> Fuel\Core\Request::execute - Called
INFO - 2017-05-30 15:19:27 --> Fuel\Core\Request::execute - Setting main Request
INFO - 2017-05-30 15:19:27 --> Fuel\Core\Request::__construct - Creating a new main Request with URI = "admin"
INFO - 2017-05-30 15:19:27 --> Fuel\Core\Request::execute - Called
INFO - 2017-05-30 15:19:27 --> Fuel\Core\Request::execute - Setting main Request
INFO - 2017-05-30 17:16:09 --> Fuel\Core\Request::__construct - Creating a new main Request with URI = "admin"
INFO - 2017-05-30 17:16:09 --> Fuel\Core\Request::execute - Called
INFO - 2017-05-30 17:16:09 --> Fuel\Core\Request::execute - Setting main Request
INFO - 2017-05-30 17:16:12 --> Fuel\Core\Request::__construct - Creating a new main Request with URI = "admin/memo/server"
INFO - 2017-05-30 17:16:12 --> Fuel\Core\Request::execute - Called
INFO - 2017-05-30 17:16:12 --> Fuel\Core\Request::execute - Setting main Request
INFO - 2017-05-30 18:10:12 --> Fuel\Core\Request::__construct - Creating a new main Request with URI = "admin/editNews"
INFO - 2017-05-30 18:10:12 --> Fuel\Core\Request::execute - Called
INFO - 2017-05-30 18:10:12 --> Fuel\Core\Request::execute - Setting main Request
