<?php defined('COREPATH') or exit('No direct script access allowed'); ?>

INFO - 2017-05-10 10:08:47 --> Fuel\Core\Request::__construct - Creating a new main Request with URI = "admin"
INFO - 2017-05-10 10:08:47 --> Fuel\Core\Request::execute - Called
INFO - 2017-05-10 10:08:47 --> Fuel\Core\Request::execute - Setting main Request
INFO - 2017-05-10 10:09:19 --> Fuel\Core\Request::__construct - Creating a new main Request with URI = "admin"
INFO - 2017-05-10 10:09:19 --> Fuel\Core\Request::execute - Called
INFO - 2017-05-10 10:09:19 --> Fuel\Core\Request::execute - Setting main Request
INFO - 2017-05-10 10:12:02 --> Fuel\Core\Request::__construct - Creating a new main Request with URI = "admin"
INFO - 2017-05-10 10:12:02 --> Fuel\Core\Request::execute - Called
INFO - 2017-05-10 10:12:02 --> Fuel\Core\Request::execute - Setting main Request
INFO - 2017-05-10 10:49:28 --> Fuel\Core\Request::__construct - Creating a new main Request with URI = "admin"
INFO - 2017-05-10 10:49:28 --> Fuel\Core\Request::execute - Called
INFO - 2017-05-10 10:49:28 --> Fuel\Core\Request::execute - Setting main Request
INFO - 2017-05-10 11:02:32 --> Fuel\Core\Request::__construct - Creating a new main Request with URI = "admin"
INFO - 2017-05-10 11:02:32 --> Fuel\Core\Request::execute - Called
INFO - 2017-05-10 11:02:32 --> Fuel\Core\Request::execute - Setting main Request
INFO - 2017-05-10 11:32:19 --> Fuel\Core\Request::__construct - Creating a new main Request with URI = "admin"
INFO - 2017-05-10 11:32:19 --> Fuel\Core\Request::execute - Called
INFO - 2017-05-10 11:32:19 --> Fuel\Core\Request::execute - Setting main Request
INFO - 2017-05-10 14:16:26 --> Fuel\Core\Request::__construct - Creating a new main Request with URI = "admin"
INFO - 2017-05-10 14:16:26 --> Fuel\Core\Request::execute - Called
INFO - 2017-05-10 14:16:26 --> Fuel\Core\Request::execute - Setting main Request
INFO - 2017-05-10 16:27:07 --> Fuel\Core\Request::__construct - Creating a new main Request with URI = "admin"
INFO - 2017-05-10 16:27:07 --> Fuel\Core\Request::execute - Called
INFO - 2017-05-10 16:27:07 --> Fuel\Core\Request::execute - Setting main Request
INFO - 2017-05-10 16:27:09 --> Fuel\Core\Request::__construct - Creating a new main Request with URI = "admin/memo/server"
INFO - 2017-05-10 16:27:09 --> Fuel\Core\Request::execute - Called
INFO - 2017-05-10 16:27:09 --> Fuel\Core\Request::execute - Setting main Request
INFO - 2017-05-10 16:27:25 --> Fuel\Core\Request::__construct - Creating a new main Request with URI = "admin/memo/server"
INFO - 2017-05-10 16:27:25 --> Fuel\Core\Request::execute - Called
INFO - 2017-05-10 16:27:25 --> Fuel\Core\Request::execute - Setting main Request
INFO - 2017-05-10 17:15:22 --> Fuel\Core\Request::__construct - Creating a new main Request with URI = "admin"
INFO - 2017-05-10 17:15:22 --> Fuel\Core\Request::execute - Called
INFO - 2017-05-10 17:15:22 --> Fuel\Core\Request::execute - Setting main Request
