<?php defined('COREPATH') or exit('No direct script access allowed'); ?>

INFO - 2017-05-19 10:41:19 --> Fuel\Core\Request::__construct - Creating a new main Request with URI = "admin"
INFO - 2017-05-19 10:41:19 --> Fuel\Core\Request::execute - Called
INFO - 2017-05-19 10:41:19 --> Fuel\Core\Request::execute - Setting main Request
INFO - 2017-05-19 10:45:26 --> Fuel\Core\Request::__construct - Creating a new main Request with URI = "admin"
INFO - 2017-05-19 10:45:26 --> Fuel\Core\Request::execute - Called
INFO - 2017-05-19 10:45:26 --> Fuel\Core\Request::execute - Setting main Request
INFO - 2017-05-19 10:45:38 --> Fuel\Core\Request::__construct - Creating a new main Request with URI = "admin/memo/svn"
INFO - 2017-05-19 10:45:38 --> Fuel\Core\Request::execute - Called
INFO - 2017-05-19 10:45:38 --> Fuel\Core\Request::execute - Setting main Request
INFO - 2017-05-19 10:45:41 --> Fuel\Core\Request::__construct - Creating a new main Request with URI = "admin/memo/server"
INFO - 2017-05-19 10:45:41 --> Fuel\Core\Request::execute - Called
INFO - 2017-05-19 10:45:41 --> Fuel\Core\Request::execute - Setting main Request
INFO - 2017-05-19 11:45:30 --> Fuel\Core\Request::__construct - Creating a new main Request with URI = "admin"
INFO - 2017-05-19 11:45:30 --> Fuel\Core\Request::execute - Called
INFO - 2017-05-19 11:45:30 --> Fuel\Core\Request::execute - Setting main Request
INFO - 2017-05-19 11:46:10 --> Fuel\Core\Request::__construct - Creating a new main Request with URI = ""
INFO - 2017-05-19 11:46:10 --> Fuel\Core\Request::execute - Called
INFO - 2017-05-19 11:46:10 --> Fuel\Core\Request::execute - Setting main Request
INFO - 2017-05-19 11:46:14 --> Fuel\Core\Request::__construct - Creating a new main Request with URI = "admin"
INFO - 2017-05-19 11:46:14 --> Fuel\Core\Request::execute - Called
INFO - 2017-05-19 11:46:14 --> Fuel\Core\Request::execute - Setting main Request
INFO - 2017-05-19 11:49:34 --> Fuel\Core\Request::__construct - Creating a new main Request with URI = "admin"
INFO - 2017-05-19 11:49:34 --> Fuel\Core\Request::execute - Called
INFO - 2017-05-19 11:49:34 --> Fuel\Core\Request::execute - Setting main Request
INFO - 2017-05-19 11:53:17 --> Fuel\Core\Request::__construct - Creating a new main Request with URI = "admin"
INFO - 2017-05-19 11:53:17 --> Fuel\Core\Request::execute - Called
INFO - 2017-05-19 11:53:17 --> Fuel\Core\Request::execute - Setting main Request
INFO - 2017-05-19 11:53:22 --> Fuel\Core\Request::__construct - Creating a new main Request with URI = "admin"
INFO - 2017-05-19 11:53:22 --> Fuel\Core\Request::execute - Called
INFO - 2017-05-19 11:53:22 --> Fuel\Core\Request::execute - Setting main Request
INFO - 2017-05-19 12:13:35 --> Fuel\Core\Request::__construct - Creating a new main Request with URI = "admin"
INFO - 2017-05-19 12:13:35 --> Fuel\Core\Request::execute - Called
INFO - 2017-05-19 12:13:35 --> Fuel\Core\Request::execute - Setting main Request
INFO - 2017-05-19 12:21:40 --> Fuel\Core\Request::__construct - Creating a new main Request with URI = "admin"
INFO - 2017-05-19 12:21:40 --> Fuel\Core\Request::execute - Called
INFO - 2017-05-19 12:21:40 --> Fuel\Core\Request::execute - Setting main Request
INFO - 2017-05-19 12:22:59 --> Fuel\Core\Request::__construct - Creating a new main Request with URI = "admin"
INFO - 2017-05-19 12:22:59 --> Fuel\Core\Request::execute - Called
INFO - 2017-05-19 12:22:59 --> Fuel\Core\Request::execute - Setting main Request
INFO - 2017-05-19 16:10:08 --> Fuel\Core\Request::__construct - Creating a new main Request with URI = "admin"
INFO - 2017-05-19 16:10:08 --> Fuel\Core\Request::execute - Called
INFO - 2017-05-19 16:10:08 --> Fuel\Core\Request::execute - Setting main Request
INFO - 2017-05-19 16:13:08 --> Fuel\Core\Request::__construct - Creating a new main Request with URI = "admin"
INFO - 2017-05-19 16:13:08 --> Fuel\Core\Request::execute - Called
INFO - 2017-05-19 16:13:08 --> Fuel\Core\Request::execute - Setting main Request
INFO - 2017-05-19 16:13:10 --> Fuel\Core\Request::__construct - Creating a new main Request with URI = "admin/memo/server"
INFO - 2017-05-19 16:13:10 --> Fuel\Core\Request::execute - Called
INFO - 2017-05-19 16:13:10 --> Fuel\Core\Request::execute - Setting main Request
