<?php defined('COREPATH') or exit('No direct script access allowed'); ?>

INFO - 2017-05-17 09:58:51 --> Fuel\Core\Request::__construct - Creating a new main Request with URI = "admin"
INFO - 2017-05-17 09:58:51 --> Fuel\Core\Request::execute - Called
INFO - 2017-05-17 09:58:51 --> Fuel\Core\Request::execute - Setting main Request
INFO - 2017-05-17 10:23:33 --> Fuel\Core\Request::__construct - Creating a new main Request with URI = "admin"
INFO - 2017-05-17 10:23:33 --> Fuel\Core\Request::execute - Called
INFO - 2017-05-17 10:23:33 --> Fuel\Core\Request::execute - Setting main Request
INFO - 2017-05-17 10:34:55 --> Fuel\Core\Request::__construct - Creating a new main Request with URI = "admin"
INFO - 2017-05-17 10:34:55 --> Fuel\Core\Request::execute - Called
INFO - 2017-05-17 10:34:55 --> Fuel\Core\Request::execute - Setting main Request
INFO - 2017-05-17 10:34:57 --> Fuel\Core\Request::__construct - Creating a new main Request with URI = "admin/memo/svn"
INFO - 2017-05-17 10:34:57 --> Fuel\Core\Request::execute - Called
INFO - 2017-05-17 10:34:57 --> Fuel\Core\Request::execute - Setting main Request
INFO - 2017-05-17 10:35:05 --> Fuel\Core\Request::__construct - Creating a new main Request with URI = "admin/memo/server"
INFO - 2017-05-17 10:35:05 --> Fuel\Core\Request::execute - Called
INFO - 2017-05-17 10:35:05 --> Fuel\Core\Request::execute - Setting main Request
INFO - 2017-05-17 11:26:43 --> Fuel\Core\Request::__construct - Creating a new main Request with URI = "admin"
INFO - 2017-05-17 11:26:43 --> Fuel\Core\Request::execute - Called
INFO - 2017-05-17 11:26:43 --> Fuel\Core\Request::execute - Setting main Request
INFO - 2017-05-17 11:26:45 --> Fuel\Core\Request::__construct - Creating a new main Request with URI = "admin/memo/server"
INFO - 2017-05-17 11:26:45 --> Fuel\Core\Request::execute - Called
INFO - 2017-05-17 11:26:45 --> Fuel\Core\Request::execute - Setting main Request
INFO - 2017-05-17 14:48:25 --> Fuel\Core\Request::__construct - Creating a new main Request with URI = "admin"
INFO - 2017-05-17 14:48:25 --> Fuel\Core\Request::execute - Called
INFO - 2017-05-17 14:48:25 --> Fuel\Core\Request::execute - Setting main Request
INFO - 2017-05-17 14:51:08 --> Fuel\Core\Request::__construct - Creating a new main Request with URI = "admin"
INFO - 2017-05-17 14:51:08 --> Fuel\Core\Request::execute - Called
INFO - 2017-05-17 14:51:08 --> Fuel\Core\Request::execute - Setting main Request
INFO - 2017-05-17 14:51:45 --> Fuel\Core\Request::__construct - Creating a new main Request with URI = "admin"
INFO - 2017-05-17 14:51:45 --> Fuel\Core\Request::execute - Called
INFO - 2017-05-17 14:51:45 --> Fuel\Core\Request::execute - Setting main Request
INFO - 2017-05-17 14:51:46 --> Fuel\Core\Request::__construct - Creating a new main Request with URI = "admin/memo/server"
INFO - 2017-05-17 14:51:46 --> Fuel\Core\Request::execute - Called
INFO - 2017-05-17 14:51:46 --> Fuel\Core\Request::execute - Setting main Request
INFO - 2017-05-17 16:08:54 --> Fuel\Core\Request::__construct - Creating a new main Request with URI = "admin"
INFO - 2017-05-17 16:08:54 --> Fuel\Core\Request::execute - Called
INFO - 2017-05-17 16:08:54 --> Fuel\Core\Request::execute - Setting main Request
INFO - 2017-05-17 16:09:01 --> Fuel\Core\Request::__construct - Creating a new main Request with URI = "top"
INFO - 2017-05-17 16:09:01 --> Fuel\Core\Request::execute - Called
INFO - 2017-05-17 16:09:01 --> Fuel\Core\Request::execute - Setting main Request
INFO - 2017-05-17 16:09:01 --> Fuel\Core\Request::__construct - Creating a new main Request with URI = "admin"
INFO - 2017-05-17 16:09:01 --> Fuel\Core\Request::execute - Called
INFO - 2017-05-17 16:09:01 --> Fuel\Core\Request::execute - Setting main Request
INFO - 2017-05-17 16:09:03 --> Fuel\Core\Request::__construct - Creating a new main Request with URI = "top"
INFO - 2017-05-17 16:09:03 --> Fuel\Core\Request::execute - Called
INFO - 2017-05-17 16:09:03 --> Fuel\Core\Request::execute - Setting main Request
INFO - 2017-05-17 16:09:03 --> Fuel\Core\Request::__construct - Creating a new main Request with URI = "top"
INFO - 2017-05-17 16:09:03 --> Fuel\Core\Request::execute - Called
INFO - 2017-05-17 16:09:03 --> Fuel\Core\Request::execute - Setting main Request
ERROR - 2017-05-17 16:09:03 --> Error - Invalid config type "room". in /home/esmile-sys/www/share/fuel/core/classes/config.php on line 90
INFO - 2017-05-17 16:09:33 --> Fuel\Core\Request::__construct - Creating a new main Request with URI = "top"
INFO - 2017-05-17 16:09:33 --> Fuel\Core\Request::execute - Called
INFO - 2017-05-17 16:09:33 --> Fuel\Core\Request::execute - Setting main Request
ERROR - 2017-05-17 16:09:34 --> Error - Invalid config type "room". in /home/esmile-sys/www/share/fuel/core/classes/config.php on line 90
INFO - 2017-05-17 16:14:40 --> Fuel\Core\Request::__construct - Creating a new main Request with URI = "admin"
INFO - 2017-05-17 16:14:40 --> Fuel\Core\Request::execute - Called
INFO - 2017-05-17 16:14:40 --> Fuel\Core\Request::execute - Setting main Request
INFO - 2017-05-17 16:14:50 --> Fuel\Core\Request::__construct - Creating a new main Request with URI = "admin/memo/fuel"
INFO - 2017-05-17 16:14:50 --> Fuel\Core\Request::execute - Called
INFO - 2017-05-17 16:14:50 --> Fuel\Core\Request::execute - Setting main Request
INFO - 2017-05-17 16:15:23 --> Fuel\Core\Request::__construct - Creating a new main Request with URI = "admin/memo/svn"
INFO - 2017-05-17 16:15:23 --> Fuel\Core\Request::execute - Called
INFO - 2017-05-17 16:15:23 --> Fuel\Core\Request::execute - Setting main Request
INFO - 2017-05-17 16:15:27 --> Fuel\Core\Request::__construct - Creating a new main Request with URI = "admin/memo/server"
INFO - 2017-05-17 16:15:27 --> Fuel\Core\Request::execute - Called
INFO - 2017-05-17 16:15:27 --> Fuel\Core\Request::execute - Setting main Request
INFO - 2017-05-17 16:20:09 --> Fuel\Core\Request::__construct - Creating a new main Request with URI = "admin"
INFO - 2017-05-17 16:20:09 --> Fuel\Core\Request::execute - Called
INFO - 2017-05-17 16:20:09 --> Fuel\Core\Request::execute - Setting main Request
INFO - 2017-05-17 18:18:07 --> Fuel\Core\Request::__construct - Creating a new main Request with URI = "admin"
INFO - 2017-05-17 18:18:07 --> Fuel\Core\Request::execute - Called
INFO - 2017-05-17 18:18:07 --> Fuel\Core\Request::execute - Setting main Request
INFO - 2017-05-17 18:18:08 --> Fuel\Core\Request::__construct - Creating a new main Request with URI = "admin/memo/server"
INFO - 2017-05-17 18:18:08 --> Fuel\Core\Request::execute - Called
INFO - 2017-05-17 18:18:08 --> Fuel\Core\Request::execute - Setting main Request
INFO - 2017-05-17 18:23:35 --> Fuel\Core\Request::__construct - Creating a new main Request with URI = "admin"
INFO - 2017-05-17 18:23:35 --> Fuel\Core\Request::execute - Called
INFO - 2017-05-17 18:23:35 --> Fuel\Core\Request::execute - Setting main Request
INFO - 2017-05-17 18:24:46 --> Fuel\Core\Request::__construct - Creating a new main Request with URI = "admin"
INFO - 2017-05-17 18:24:46 --> Fuel\Core\Request::execute - Called
INFO - 2017-05-17 18:24:46 --> Fuel\Core\Request::execute - Setting main Request
INFO - 2017-05-17 19:08:52 --> Fuel\Core\Request::__construct - Creating a new main Request with URI = "admin"
INFO - 2017-05-17 19:08:52 --> Fuel\Core\Request::execute - Called
INFO - 2017-05-17 19:08:52 --> Fuel\Core\Request::execute - Setting main Request
INFO - 2017-05-17 19:08:53 --> Fuel\Core\Request::__construct - Creating a new main Request with URI = "admin/memo/server"
INFO - 2017-05-17 19:08:53 --> Fuel\Core\Request::execute - Called
INFO - 2017-05-17 19:08:53 --> Fuel\Core\Request::execute - Setting main Request
