<?php defined('COREPATH') or exit('No direct script access allowed'); ?>

INFO - 2016-06-27 11:54:33 --> Fuel\Core\Request::__construct - Creating a new main Request with URI = "admin"
INFO - 2016-06-27 11:54:33 --> Fuel\Core\Request::execute - Called
INFO - 2016-06-27 11:54:33 --> Fuel\Core\Request::execute - Setting main Request
INFO - 2016-06-27 11:54:36 --> Fuel\Core\Request::__construct - Creating a new main Request with URI = "admin/memo/server"
INFO - 2016-06-27 11:54:36 --> Fuel\Core\Request::execute - Called
INFO - 2016-06-27 11:54:36 --> Fuel\Core\Request::execute - Setting main Request
INFO - 2016-06-27 11:54:36 --> Fuel\Core\Request::__construct - Creating a new main Request with URI = "admin/memo/server"
INFO - 2016-06-27 11:54:36 --> Fuel\Core\Request::execute - Called
INFO - 2016-06-27 11:54:36 --> Fuel\Core\Request::execute - Setting main Request
INFO - 2016-06-27 11:55:19 --> Fuel\Core\Request::__construct - Creating a new main Request with URI = "top"
INFO - 2016-06-27 11:55:19 --> Fuel\Core\Request::execute - Called
INFO - 2016-06-27 11:55:19 --> Fuel\Core\Request::execute - Setting main Request
INFO - 2016-06-27 11:55:19 --> Fuel\Core\Request::__construct - Creating a new main Request with URI = "top"
INFO - 2016-06-27 11:55:19 --> Fuel\Core\Request::execute - Called
INFO - 2016-06-27 11:55:19 --> Fuel\Core\Request::execute - Setting main Request
ERROR - 2016-06-27 11:55:21 --> Error - Invalid config type "room". in /home/esmile-sys/www/share/fuel/core/classes/config.php on line 90
INFO - 2016-06-27 11:55:34 --> Fuel\Core\Request::__construct - Creating a new main Request with URI = "top"
INFO - 2016-06-27 11:55:34 --> Fuel\Core\Request::execute - Called
INFO - 2016-06-27 11:55:34 --> Fuel\Core\Request::execute - Setting main Request
ERROR - 2016-06-27 11:55:34 --> Error - Invalid config type "room". in /home/esmile-sys/www/share/fuel/core/classes/config.php on line 90
INFO - 2016-06-27 19:16:33 --> Fuel\Core\Request::__construct - Creating a new main Request with URI = "admin"
INFO - 2016-06-27 19:16:33 --> Fuel\Core\Request::execute - Called
INFO - 2016-06-27 19:16:33 --> Fuel\Core\Request::execute - Setting main Request
INFO - 2016-06-27 19:16:51 --> Fuel\Core\Request::__construct - Creating a new main Request with URI = "top"
INFO - 2016-06-27 19:16:51 --> Fuel\Core\Request::execute - Called
INFO - 2016-06-27 19:16:51 --> Fuel\Core\Request::execute - Setting main Request
INFO - 2016-06-27 19:16:51 --> Fuel\Core\Request::__construct - Creating a new main Request with URI = "top"
INFO - 2016-06-27 19:16:51 --> Fuel\Core\Request::execute - Called
INFO - 2016-06-27 19:16:51 --> Fuel\Core\Request::execute - Setting main Request
ERROR - 2016-06-27 19:16:53 --> Error - Invalid config type "room". in /home/esmile-sys/www/share/fuel/core/classes/config.php on line 90
INFO - 2016-06-27 19:17:49 --> Fuel\Core\Request::__construct - Creating a new main Request with URI = "admin"
INFO - 2016-06-27 19:17:49 --> Fuel\Core\Request::execute - Called
INFO - 2016-06-27 19:17:49 --> Fuel\Core\Request::execute - Setting main Request
