<?php defined('COREPATH') or exit('No direct script access allowed'); ?>

INFO - 2017-06-15 09:46:49 --> Fuel\Core\Request::__construct - Creating a new main Request with URI = ""
INFO - 2017-06-15 09:46:49 --> Fuel\Core\Request::execute - Called
INFO - 2017-06-15 09:46:49 --> Fuel\Core\Request::execute - Setting main Request
INFO - 2017-06-15 09:46:50 --> Fuel\Core\Request::__construct - Creating a new main Request with URI = "favicon"
INFO - 2017-06-15 09:46:50 --> Fuel\Core\Request::execute - Called
INFO - 2017-06-15 09:46:50 --> Fuel\Core\Request::execute - Setting main Request
INFO - 2017-06-15 09:46:50 --> Fuel\Core\Request::__construct - Creating a new main Request with URI = "welcome/404"
INFO - 2017-06-15 09:46:50 --> Fuel\Core\Request::execute - Called
INFO - 2017-06-15 09:46:50 --> Fuel\Core\Request::execute - Setting main Request
INFO - 2017-06-15 09:46:51 --> Fuel\Core\Request::__construct - Creating a new main Request with URI = "home"
INFO - 2017-06-15 09:46:51 --> Fuel\Core\Request::execute - Called
INFO - 2017-06-15 09:46:51 --> Fuel\Core\Request::execute - Setting main Request
INFO - 2017-06-15 09:46:53 --> Fuel\Core\Request::__construct - Creating a new main Request with URI = "mypage"
INFO - 2017-06-15 09:46:53 --> Fuel\Core\Request::execute - Called
INFO - 2017-06-15 09:46:53 --> Fuel\Core\Request::execute - Setting main Request
INFO - 2017-06-15 09:47:06 --> Fuel\Core\Request::__construct - Creating a new main Request with URI = "home"
INFO - 2017-06-15 09:47:06 --> Fuel\Core\Request::execute - Called
INFO - 2017-06-15 09:47:06 --> Fuel\Core\Request::execute - Setting main Request
INFO - 2017-06-15 09:47:07 --> Fuel\Core\Request::__construct - Creating a new main Request with URI = "mypage"
INFO - 2017-06-15 09:47:07 --> Fuel\Core\Request::execute - Called
INFO - 2017-06-15 09:47:07 --> Fuel\Core\Request::execute - Setting main Request
ERROR - 2017-06-15 09:47:07 --> Fatal Error - Class 'Model\Model' not found in /vagrant/magicalidol/fuel/app/classes/model/user.php on line 4
INFO - 2017-06-15 09:47:20 --> Fuel\Core\Request::__construct - Creating a new main Request with URI = "mypage"
INFO - 2017-06-15 09:47:20 --> Fuel\Core\Request::execute - Called
INFO - 2017-06-15 09:47:20 --> Fuel\Core\Request::execute - Setting main Request
ERROR - 2017-06-15 09:47:20 --> Fatal Error - Class 'Model\User' not found in /vagrant/magicalidol/fuel/app/classes/controller/mypage.php on line 15
INFO - 2017-06-15 09:47:21 --> Fuel\Core\Request::__construct - Creating a new main Request with URI = "mypage"
INFO - 2017-06-15 09:47:21 --> Fuel\Core\Request::execute - Called
INFO - 2017-06-15 09:47:21 --> Fuel\Core\Request::execute - Setting main Request
ERROR - 2017-06-15 09:47:21 --> Fatal Error - Class 'Model\User' not found in /vagrant/magicalidol/fuel/app/classes/controller/mypage.php on line 15
INFO - 2017-06-15 09:47:43 --> Fuel\Core\Request::__construct - Creating a new main Request with URI = "mypage"
INFO - 2017-06-15 09:47:43 --> Fuel\Core\Request::execute - Called
INFO - 2017-06-15 09:47:43 --> Fuel\Core\Request::execute - Setting main Request
ERROR - 2017-06-15 09:47:43 --> Fatal Error - Class 'Model\User' not found in /vagrant/magicalidol/fuel/app/classes/controller/mypage.php on line 15
ERROR - 2017-06-15 09:47:54 --> Error - No MySQLi Connection in /vagrant/magicalidol/fuel/core/classes/database/mysqli/connection.php on line 135
INFO - 2017-06-15 10:01:16 --> Fuel\Core\Request::__construct - Creating a new main Request with URI = "mypage"
INFO - 2017-06-15 10:01:17 --> Fuel\Core\Request::execute - Called
INFO - 2017-06-15 10:01:17 --> Fuel\Core\Request::execute - Setting main Request
ERROR - 2017-06-15 10:01:17 --> Fatal Error - Class 'Model\User' not found in /vagrant/magicalidol/fuel/app/classes/controller/mypage.php on line 15
INFO - 2017-06-15 10:01:27 --> Fuel\Core\Request::__construct - Creating a new main Request with URI = "mypage"
INFO - 2017-06-15 10:01:27 --> Fuel\Core\Request::execute - Called
INFO - 2017-06-15 10:01:27 --> Fuel\Core\Request::execute - Setting main Request
INFO - 2017-06-15 10:01:33 --> Fuel\Core\Request::__construct - Creating a new main Request with URI = "home"
INFO - 2017-06-15 10:01:33 --> Fuel\Core\Request::execute - Called
INFO - 2017-06-15 10:01:33 --> Fuel\Core\Request::execute - Setting main Request
ERROR - 2017-06-15 10:02:27 --> Error - No MySQLi Connection in /vagrant/magicalidol/fuel/core/classes/database/mysqli/connection.php on line 135
INFO - 2017-06-15 10:05:29 --> Fuel\Core\Request::__construct - Creating a new main Request with URI = "home"
INFO - 2017-06-15 10:05:29 --> Fuel\Core\Request::execute - Called
INFO - 2017-06-15 10:05:29 --> Fuel\Core\Request::execute - Setting main Request
INFO - 2017-06-15 10:05:30 --> Fuel\Core\Request::__construct - Creating a new main Request with URI = "home"
INFO - 2017-06-15 10:05:30 --> Fuel\Core\Request::execute - Called
INFO - 2017-06-15 10:05:30 --> Fuel\Core\Request::execute - Setting main Request
INFO - 2017-06-15 10:05:31 --> Fuel\Core\Request::__construct - Creating a new main Request with URI = "mypage"
INFO - 2017-06-15 10:05:31 --> Fuel\Core\Request::execute - Called
INFO - 2017-06-15 10:05:31 --> Fuel\Core\Request::execute - Setting main Request
ERROR - 2017-06-15 10:05:31 --> Fatal Error - Class 'Model\User' not found in /vagrant/magicalidol/fuel/app/classes/controller/mypage.php on line 15
INFO - 2017-06-15 10:06:04 --> Fuel\Core\Request::__construct - Creating a new main Request with URI = "home"
INFO - 2017-06-15 10:06:04 --> Fuel\Core\Request::execute - Called
INFO - 2017-06-15 10:06:04 --> Fuel\Core\Request::execute - Setting main Request
INFO - 2017-06-15 10:06:05 --> Fuel\Core\Request::__construct - Creating a new main Request with URI = "mypage"
INFO - 2017-06-15 10:06:05 --> Fuel\Core\Request::execute - Called
INFO - 2017-06-15 10:06:05 --> Fuel\Core\Request::execute - Setting main Request
ERROR - 2017-06-15 10:06:05 --> Fatal Error - Class 'Model_User' not found in /vagrant/magicalidol/fuel/app/classes/controller/mypage.php on line 15
INFO - 2017-06-15 10:06:54 --> Fuel\Core\Request::__construct - Creating a new main Request with URI = "mypage"
INFO - 2017-06-15 10:06:54 --> Fuel\Core\Request::execute - Called
INFO - 2017-06-15 10:06:54 --> Fuel\Core\Request::execute - Setting main Request
INFO - 2017-06-15 10:06:59 --> Fuel\Core\Request::__construct - Creating a new main Request with URI = "home"
INFO - 2017-06-15 10:06:59 --> Fuel\Core\Request::execute - Called
INFO - 2017-06-15 10:06:59 --> Fuel\Core\Request::execute - Setting main Request
INFO - 2017-06-15 10:07:01 --> Fuel\Core\Request::__construct - Creating a new main Request with URI = "home"
INFO - 2017-06-15 10:07:01 --> Fuel\Core\Request::execute - Called
INFO - 2017-06-15 10:07:01 --> Fuel\Core\Request::execute - Setting main Request
INFO - 2017-06-15 10:07:01 --> Fuel\Core\Request::__construct - Creating a new main Request with URI = "mypage"
INFO - 2017-06-15 10:07:01 --> Fuel\Core\Request::execute - Called
INFO - 2017-06-15 10:07:01 --> Fuel\Core\Request::execute - Setting main Request
INFO - 2017-06-15 10:07:21 --> Fuel\Core\Request::__construct - Creating a new main Request with URI = ""
INFO - 2017-06-15 10:07:21 --> Fuel\Core\Request::execute - Called
INFO - 2017-06-15 10:07:21 --> Fuel\Core\Request::execute - Setting main Request
INFO - 2017-06-15 10:07:23 --> Fuel\Core\Request::__construct - Creating a new main Request with URI = "mypage"
INFO - 2017-06-15 10:07:23 --> Fuel\Core\Request::execute - Called
INFO - 2017-06-15 10:07:23 --> Fuel\Core\Request::execute - Setting main Request
ERROR - 2017-06-15 10:07:23 --> Fatal Error - Class 'Model\Model_Basegame' not found in /vagrant/magicalidol/fuel/app/classes/model/user.php on line 4
INFO - 2017-06-15 10:07:41 --> Fuel\Core\Request::__construct - Creating a new main Request with URI = "mypage"
INFO - 2017-06-15 10:07:41 --> Fuel\Core\Request::execute - Called
INFO - 2017-06-15 10:07:41 --> Fuel\Core\Request::execute - Setting main Request
ERROR - 2017-06-15 10:07:41 --> Fatal Error - Class 'Model\User' not found in /vagrant/magicalidol/fuel/app/classes/controller/mypage.php on line 15
INFO - 2017-06-15 10:07:42 --> Fuel\Core\Request::__construct - Creating a new main Request with URI = "mypage"
INFO - 2017-06-15 10:07:42 --> Fuel\Core\Request::execute - Called
INFO - 2017-06-15 10:07:42 --> Fuel\Core\Request::execute - Setting main Request
ERROR - 2017-06-15 10:07:42 --> Fatal Error - Class 'Model\User' not found in /vagrant/magicalidol/fuel/app/classes/controller/mypage.php on line 15
INFO - 2017-06-15 10:07:54 --> Fuel\Core\Request::__construct - Creating a new main Request with URI = "mypage"
INFO - 2017-06-15 10:07:54 --> Fuel\Core\Request::execute - Called
INFO - 2017-06-15 10:07:54 --> Fuel\Core\Request::execute - Setting main Request
ERROR - 2017-06-15 10:07:54 --> Fatal Error - Class 'Model\User' not found in /vagrant/magicalidol/fuel/app/classes/controller/mypage.php on line 15
ERROR - 2017-06-15 10:07:54 --> Error - No MySQLi Connection in /vagrant/magicalidol/fuel/core/classes/database/mysqli/connection.php on line 135
ERROR - 2017-06-15 10:08:01 --> Error - No MySQLi Connection in /vagrant/magicalidol/fuel/core/classes/database/mysqli/connection.php on line 135
INFO - 2017-06-15 10:08:07 --> Fuel\Core\Request::__construct - Creating a new main Request with URI = "mypage"
INFO - 2017-06-15 10:08:07 --> Fuel\Core\Request::execute - Called
INFO - 2017-06-15 10:08:07 --> Fuel\Core\Request::execute - Setting main Request
INFO - 2017-06-15 10:08:11 --> Fuel\Core\Request::__construct - Creating a new main Request with URI = "home"
INFO - 2017-06-15 10:08:11 --> Fuel\Core\Request::execute - Called
INFO - 2017-06-15 10:08:11 --> Fuel\Core\Request::execute - Setting main Request
INFO - 2017-06-15 10:08:12 --> Fuel\Core\Request::__construct - Creating a new main Request with URI = "mypage"
INFO - 2017-06-15 10:08:12 --> Fuel\Core\Request::execute - Called
INFO - 2017-06-15 10:08:12 --> Fuel\Core\Request::execute - Setting main Request
INFO - 2017-06-15 10:08:23 --> Fuel\Core\Request::__construct - Creating a new main Request with URI = "home"
INFO - 2017-06-15 10:08:23 --> Fuel\Core\Request::execute - Called
INFO - 2017-06-15 10:08:23 --> Fuel\Core\Request::execute - Setting main Request
ERROR - 2017-06-15 10:09:07 --> Error - No MySQLi Connection in /vagrant/magicalidol/fuel/core/classes/database/mysqli/connection.php on line 135
ERROR - 2017-06-15 10:09:12 --> Error - No MySQLi Connection in /vagrant/magicalidol/fuel/core/classes/database/mysqli/connection.php on line 135
INFO - 2017-06-15 10:11:03 --> Fuel\Core\Request::__construct - Creating a new main Request with URI = "home"
INFO - 2017-06-15 10:11:03 --> Fuel\Core\Request::execute - Called
INFO - 2017-06-15 10:11:03 --> Fuel\Core\Request::execute - Setting main Request
INFO - 2017-06-15 10:11:04 --> Fuel\Core\Request::__construct - Creating a new main Request with URI = "mypage"
INFO - 2017-06-15 10:11:04 --> Fuel\Core\Request::execute - Called
INFO - 2017-06-15 10:11:04 --> Fuel\Core\Request::execute - Setting main Request
INFO - 2017-06-15 10:11:42 --> Fuel\Core\Request::__construct - Creating a new main Request with URI = "home"
INFO - 2017-06-15 10:11:42 --> Fuel\Core\Request::execute - Called
INFO - 2017-06-15 10:11:42 --> Fuel\Core\Request::execute - Setting main Request
INFO - 2017-06-15 10:11:44 --> Fuel\Core\Request::__construct - Creating a new main Request with URI = "mypage"
INFO - 2017-06-15 10:11:44 --> Fuel\Core\Request::execute - Called
INFO - 2017-06-15 10:11:44 --> Fuel\Core\Request::execute - Setting main Request
ERROR - 2017-06-15 10:12:04 --> Error - Listing columns failed, you have to set the model properties with a static $_properties setting in the model. Original exception: No MySQLi Connection in /vagrant/magicalidol/fuel/packages/orm/classes/model.php on line 305
ERROR - 2017-06-15 10:12:44 --> Error - Listing columns failed, you have to set the model properties with a static $_properties setting in the model. Original exception: No MySQLi Connection in /vagrant/magicalidol/fuel/packages/orm/classes/model.php on line 305
INFO - 2017-06-15 10:14:54 --> Fuel\Core\Request::__construct - Creating a new main Request with URI = "mypage"
INFO - 2017-06-15 10:14:54 --> Fuel\Core\Request::execute - Called
INFO - 2017-06-15 10:14:54 --> Fuel\Core\Request::execute - Setting main Request
INFO - 2017-06-15 10:15:00 --> Fuel\Core\Request::__construct - Creating a new main Request with URI = "home"
INFO - 2017-06-15 10:15:00 --> Fuel\Core\Request::execute - Called
INFO - 2017-06-15 10:15:00 --> Fuel\Core\Request::execute - Setting main Request
INFO - 2017-06-15 10:15:01 --> Fuel\Core\Request::__construct - Creating a new main Request with URI = "mypage"
INFO - 2017-06-15 10:15:01 --> Fuel\Core\Request::execute - Called
INFO - 2017-06-15 10:15:01 --> Fuel\Core\Request::execute - Setting main Request
ERROR - 2017-06-15 10:15:54 --> Error - Listing columns failed, you have to set the model properties with a static $_properties setting in the model. Original exception: No MySQLi Connection in /vagrant/magicalidol/fuel/packages/orm/classes/model.php on line 305
ERROR - 2017-06-15 10:16:01 --> Error - Listing columns failed, you have to set the model properties with a static $_properties setting in the model. Original exception: No MySQLi Connection in /vagrant/magicalidol/fuel/packages/orm/classes/model.php on line 305
INFO - 2017-06-15 10:18:37 --> Fuel\Core\Request::__construct - Creating a new main Request with URI = "mypage"
INFO - 2017-06-15 10:18:37 --> Fuel\Core\Request::execute - Called
INFO - 2017-06-15 10:18:37 --> Fuel\Core\Request::execute - Setting main Request
ERROR - 2017-06-15 10:19:37 --> Error - Listing columns failed, you have to set the model properties with a static $_properties setting in the model. Original exception: No MySQLi Connection in /vagrant/magicalidol/fuel/packages/orm/classes/model.php on line 305
INFO - 2017-06-15 10:19:40 --> Fuel\Core\Request::__construct - Creating a new main Request with URI = "mypage"
INFO - 2017-06-15 10:19:40 --> Fuel\Core\Request::execute - Called
INFO - 2017-06-15 10:19:40 --> Fuel\Core\Request::execute - Setting main Request
INFO - 2017-06-15 10:19:55 --> Fuel\Core\Request::__construct - Creating a new main Request with URI = "mypage"
INFO - 2017-06-15 10:19:55 --> Fuel\Core\Request::execute - Called
INFO - 2017-06-15 10:19:55 --> Fuel\Core\Request::execute - Setting main Request
INFO - 2017-06-15 10:20:12 --> Fuel\Core\Request::__construct - Creating a new main Request with URI = "mypage"
INFO - 2017-06-15 10:20:12 --> Fuel\Core\Request::execute - Called
INFO - 2017-06-15 10:20:12 --> Fuel\Core\Request::execute - Setting main Request
INFO - 2017-06-15 10:20:21 --> Fuel\Core\Request::__construct - Creating a new main Request with URI = "mypage"
INFO - 2017-06-15 10:20:21 --> Fuel\Core\Request::execute - Called
INFO - 2017-06-15 10:20:21 --> Fuel\Core\Request::execute - Setting main Request
ERROR - 2017-06-15 10:20:40 --> Error - Listing columns failed, you have to set the model properties with a static $_properties setting in the model. Original exception: No MySQLi Connection in /vagrant/magicalidol/fuel/packages/orm/classes/model.php on line 305
ERROR - 2017-06-15 10:20:55 --> Error - Listing columns failed, you have to set the model properties with a static $_properties setting in the model. Original exception: No MySQLi Connection in /vagrant/magicalidol/fuel/packages/orm/classes/model.php on line 305
ERROR - 2017-06-15 10:21:21 --> Error - Listing columns failed, you have to set the model properties with a static $_properties setting in the model. Original exception: No MySQLi Connection in /vagrant/magicalidol/fuel/packages/orm/classes/model.php on line 305
INFO - 2017-06-15 10:21:58 --> Fuel\Core\Request::__construct - Creating a new main Request with URI = "mypage"
INFO - 2017-06-15 10:21:58 --> Fuel\Core\Request::execute - Called
INFO - 2017-06-15 10:21:58 --> Fuel\Core\Request::execute - Setting main Request
ERROR - 2017-06-15 10:22:58 --> Error - Listing columns failed, you have to set the model properties with a static $_properties setting in the model. Original exception: No MySQLi Connection in /vagrant/magicalidol/fuel/packages/orm/classes/model.php on line 305
INFO - 2017-06-15 10:23:38 --> Fuel\Core\Request::__construct - Creating a new main Request with URI = "mypage"
INFO - 2017-06-15 10:23:38 --> Fuel\Core\Request::execute - Called
INFO - 2017-06-15 10:23:38 --> Fuel\Core\Request::execute - Setting main Request
ERROR - 2017-06-15 10:24:38 --> Error - Listing columns failed, you have to set the model properties with a static $_properties setting in the model. Original exception: No MySQLi Connection in /vagrant/magicalidol/fuel/packages/orm/classes/model.php on line 305
INFO - 2017-06-15 10:25:38 --> Fuel\Core\Request::__construct - Creating a new main Request with URI = "mypage"
INFO - 2017-06-15 10:25:38 --> Fuel\Core\Request::execute - Called
INFO - 2017-06-15 10:25:38 --> Fuel\Core\Request::execute - Setting main Request
INFO - 2017-06-15 10:26:05 --> Fuel\Core\Request::__construct - Creating a new main Request with URI = "mypage"
INFO - 2017-06-15 10:26:05 --> Fuel\Core\Request::execute - Called
INFO - 2017-06-15 10:26:05 --> Fuel\Core\Request::execute - Setting main Request
INFO - 2017-06-15 10:26:59 --> Fuel\Core\Request::__construct - Creating a new main Request with URI = "mypage"
INFO - 2017-06-15 10:26:59 --> Fuel\Core\Request::execute - Called
INFO - 2017-06-15 10:26:59 --> Fuel\Core\Request::execute - Setting main Request
ERROR - 2017-06-15 10:27:05 --> Error - Listing columns failed, you have to set the model properties with a static $_properties setting in the model. Original exception: No MySQLi Connection in /vagrant/magicalidol/fuel/packages/orm/classes/model.php on line 305
INFO - 2017-06-15 10:28:25 --> Fuel\Core\Request::__construct - Creating a new main Request with URI = "mypage"
INFO - 2017-06-15 10:28:25 --> Fuel\Core\Request::execute - Called
INFO - 2017-06-15 10:28:25 --> Fuel\Core\Request::execute - Setting main Request
INFO - 2017-06-15 10:28:45 --> Fuel\Core\Request::__construct - Creating a new main Request with URI = "mypage"
INFO - 2017-06-15 10:28:45 --> Fuel\Core\Request::execute - Called
INFO - 2017-06-15 10:28:45 --> Fuel\Core\Request::execute - Setting main Request
INFO - 2017-06-15 10:28:50 --> Fuel\Core\Request::__construct - Creating a new main Request with URI = "mypage"
INFO - 2017-06-15 10:28:50 --> Fuel\Core\Request::execute - Called
INFO - 2017-06-15 10:28:50 --> Fuel\Core\Request::execute - Setting main Request
ERROR - 2017-06-15 10:29:25 --> Error - Listing columns failed, you have to set the model properties with a static $_properties setting in the model. Original exception: No MySQLi Connection in /vagrant/magicalidol/fuel/packages/orm/classes/model.php on line 305
INFO - 2017-06-15 10:29:33 --> Fuel\Core\Request::__construct - Creating a new main Request with URI = "home"
INFO - 2017-06-15 10:29:33 --> Fuel\Core\Request::execute - Called
INFO - 2017-06-15 10:29:33 --> Fuel\Core\Request::execute - Setting main Request
INFO - 2017-06-15 10:29:35 --> Fuel\Core\Request::__construct - Creating a new main Request with URI = "mypage"
INFO - 2017-06-15 10:29:35 --> Fuel\Core\Request::execute - Called
INFO - 2017-06-15 10:29:35 --> Fuel\Core\Request::execute - Setting main Request
ERROR - 2017-06-15 10:29:45 --> Error - Listing columns failed, you have to set the model properties with a static $_properties setting in the model. Original exception: No MySQLi Connection in /vagrant/magicalidol/fuel/packages/orm/classes/model.php on line 305
ERROR - 2017-06-15 10:29:50 --> Error - Listing columns failed, you have to set the model properties with a static $_properties setting in the model. Original exception: No MySQLi Connection in /vagrant/magicalidol/fuel/packages/orm/classes/model.php on line 305
INFO - 2017-06-15 10:30:03 --> Fuel\Core\Request::__construct - Creating a new main Request with URI = "home"
INFO - 2017-06-15 10:30:03 --> Fuel\Core\Request::execute - Called
INFO - 2017-06-15 10:30:03 --> Fuel\Core\Request::execute - Setting main Request
INFO - 2017-06-15 10:30:06 --> Fuel\Core\Request::__construct - Creating a new main Request with URI = "mypage"
INFO - 2017-06-15 10:30:06 --> Fuel\Core\Request::execute - Called
INFO - 2017-06-15 10:30:06 --> Fuel\Core\Request::execute - Setting main Request
ERROR - 2017-06-15 10:30:35 --> Error - Listing columns failed, you have to set the model properties with a static $_properties setting in the model. Original exception: No MySQLi Connection in /vagrant/magicalidol/fuel/packages/orm/classes/model.php on line 305
INFO - 2017-06-15 10:31:44 --> Fuel\Core\Request::__construct - Creating a new main Request with URI = "mypage"
INFO - 2017-06-15 10:31:44 --> Fuel\Core\Request::execute - Called
INFO - 2017-06-15 10:31:44 --> Fuel\Core\Request::execute - Setting main Request
ERROR - 2017-06-15 10:31:44 --> Notice - Array to string conversion in /vagrant/magicalidol/fuel/app/classes/model/user.php on line 31
INFO - 2017-06-15 10:31:49 --> Fuel\Core\Request::__construct - Creating a new main Request with URI = "mypage"
INFO - 2017-06-15 10:31:49 --> Fuel\Core\Request::execute - Called
INFO - 2017-06-15 10:31:49 --> Fuel\Core\Request::execute - Setting main Request
INFO - 2017-06-15 10:31:59 --> Fuel\Core\Request::__construct - Creating a new main Request with URI = "mypage"
INFO - 2017-06-15 10:31:59 --> Fuel\Core\Request::execute - Called
INFO - 2017-06-15 10:31:59 --> Fuel\Core\Request::execute - Setting main Request
ERROR - 2017-06-15 10:31:59 --> Fatal Error - Class 'Model_Answer' not found in /vagrant/magicalidol/fuel/app/classes/model/user.php on line 32
INFO - 2017-06-15 10:32:14 --> Fuel\Core\Request::__construct - Creating a new main Request with URI = "mypage"
INFO - 2017-06-15 10:32:14 --> Fuel\Core\Request::execute - Called
INFO - 2017-06-15 10:32:14 --> Fuel\Core\Request::execute - Setting main Request
ERROR - 2017-06-15 10:32:14 --> Fatal Error - Call to undefined method Model_User::find() in /vagrant/magicalidol/fuel/app/classes/model/user.php on line 32
INFO - 2017-06-15 10:34:57 --> Fuel\Core\Request::__construct - Creating a new main Request with URI = "mypage"
INFO - 2017-06-15 10:34:57 --> Fuel\Core\Request::execute - Called
INFO - 2017-06-15 10:34:57 --> Fuel\Core\Request::execute - Setting main Request
ERROR - 2017-06-15 10:35:57 --> Error - Listing columns failed, you have to set the model properties with a static $_properties setting in the model. Original exception: No MySQLi Connection in /vagrant/magicalidol/fuel/packages/orm/classes/model.php on line 305
INFO - 2017-06-15 10:36:24 --> Fuel\Core\Request::__construct - Creating a new main Request with URI = "mypage"
INFO - 2017-06-15 10:36:24 --> Fuel\Core\Request::execute - Called
INFO - 2017-06-15 10:36:24 --> Fuel\Core\Request::execute - Setting main Request
ERROR - 2017-06-15 10:37:24 --> Error - Listing columns failed, you have to set the model properties with a static $_properties setting in the model. Original exception: No MySQLi Connection in /vagrant/magicalidol/fuel/packages/orm/classes/model.php on line 305
INFO - 2017-06-15 10:37:45 --> Fuel\Core\Request::__construct - Creating a new main Request with URI = "mypage"
INFO - 2017-06-15 10:37:45 --> Fuel\Core\Request::execute - Called
INFO - 2017-06-15 10:37:45 --> Fuel\Core\Request::execute - Setting main Request
ERROR - 2017-06-15 10:38:45 --> Error - Listing columns failed, you have to set the model properties with a static $_properties setting in the model. Original exception: 接続がタイムアウトしました in /vagrant/magicalidol/fuel/packages/orm/classes/model.php on line 305
INFO - 2017-06-15 10:40:54 --> Fuel\Core\Request::__construct - Creating a new main Request with URI = "mypage"
INFO - 2017-06-15 10:40:54 --> Fuel\Core\Request::execute - Called
INFO - 2017-06-15 10:40:54 --> Fuel\Core\Request::execute - Setting main Request
ERROR - 2017-06-15 10:41:54 --> Error - Listing columns failed, you have to set the model properties with a static $_properties setting in the model. Original exception: 接続がタイムアウトしました in /vagrant/magicalidol/fuel/packages/orm/classes/model.php on line 305
INFO - 2017-06-15 10:46:14 --> Fuel\Core\Request::__construct - Creating a new main Request with URI = "mypage"
INFO - 2017-06-15 10:46:14 --> Fuel\Core\Request::execute - Called
INFO - 2017-06-15 10:46:14 --> Fuel\Core\Request::execute - Setting main Request
INFO - 2017-06-15 10:46:40 --> Fuel\Core\Request::__construct - Creating a new main Request with URI = "mypage"
INFO - 2017-06-15 10:46:40 --> Fuel\Core\Request::execute - Called
INFO - 2017-06-15 10:46:40 --> Fuel\Core\Request::execute - Setting main Request
ERROR - 2017-06-15 10:46:41 --> Notice - Undefined variable: properties in /vagrant/magicalidol/fuel/packages/orm/classes/model.php on line 299
ERROR - 2017-06-15 10:47:14 --> Error - Listing columns failed, you have to set the model properties with a static $_properties setting in the model. Original exception: No MySQLi Connection in /vagrant/magicalidol/fuel/packages/orm/classes/model.php on line 307
INFO - 2017-06-15 10:47:37 --> Fuel\Core\Request::__construct - Creating a new main Request with URI = "mypage"
INFO - 2017-06-15 10:47:37 --> Fuel\Core\Request::execute - Called
INFO - 2017-06-15 10:47:37 --> Fuel\Core\Request::execute - Setting main Request
ERROR - 2017-06-15 10:48:37 --> Error - Listing columns failed, you have to set the model properties with a static $_properties setting in the model. Original exception: No MySQLi Connection in /vagrant/magicalidol/fuel/packages/orm/classes/model.php on line 305
INFO - 2017-06-15 11:01:21 --> Fuel\Core\Request::__construct - Creating a new main Request with URI = "mypage"
INFO - 2017-06-15 11:01:21 --> Fuel\Core\Request::execute - Called
INFO - 2017-06-15 11:01:21 --> Fuel\Core\Request::execute - Setting main Request
INFO - 2017-06-15 11:01:50 --> Fuel\Core\Request::__construct - Creating a new main Request with URI = "mypage"
INFO - 2017-06-15 11:01:50 --> Fuel\Core\Request::execute - Called
INFO - 2017-06-15 11:01:50 --> Fuel\Core\Request::execute - Setting main Request
INFO - 2017-06-15 11:01:56 --> Fuel\Core\Request::__construct - Creating a new main Request with URI = "home"
INFO - 2017-06-15 11:01:56 --> Fuel\Core\Request::execute - Called
INFO - 2017-06-15 11:01:56 --> Fuel\Core\Request::execute - Setting main Request
INFO - 2017-06-15 11:01:57 --> Fuel\Core\Request::__construct - Creating a new main Request with URI = "mypage"
INFO - 2017-06-15 11:01:57 --> Fuel\Core\Request::execute - Called
INFO - 2017-06-15 11:01:57 --> Fuel\Core\Request::execute - Setting main Request
ERROR - 2017-06-15 11:02:22 --> Error - Listing columns failed, you have to set the model properties with a static $_properties setting in the model. Original exception: No MySQLi Connection in /vagrant/magicalidol/fuel/packages/orm/classes/model.php on line 305
INFO - 2017-06-15 11:02:32 --> Fuel\Core\Request::__construct - Creating a new main Request with URI = "home"
INFO - 2017-06-15 11:02:32 --> Fuel\Core\Request::execute - Called
INFO - 2017-06-15 11:02:32 --> Fuel\Core\Request::execute - Setting main Request
ERROR - 2017-06-15 11:02:32 --> Compile Error - Cannot redeclare class Model in /vagrant/magicalidol/fuel/core/classes/model.php on line 0
ERROR - 2017-06-15 11:02:50 --> Error - Listing columns failed, you have to set the model properties with a static $_properties setting in the model. Original exception: No MySQLi Connection in /vagrant/magicalidol/fuel/packages/orm/classes/model.php on line 305
INFO - 2017-06-15 11:02:56 --> Fuel\Core\Request::__construct - Creating a new main Request with URI = "home"
INFO - 2017-06-15 11:02:56 --> Fuel\Core\Request::execute - Called
INFO - 2017-06-15 11:02:56 --> Fuel\Core\Request::execute - Setting main Request
ERROR - 2017-06-15 11:02:57 --> Error - Listing columns failed, you have to set the model properties with a static $_properties setting in the model. Original exception: No MySQLi Connection in /vagrant/magicalidol/fuel/packages/orm/classes/model.php on line 305
INFO - 2017-06-15 11:02:58 --> Fuel\Core\Request::__construct - Creating a new main Request with URI = "mypage"
INFO - 2017-06-15 11:02:58 --> Fuel\Core\Request::execute - Called
INFO - 2017-06-15 11:02:58 --> Fuel\Core\Request::execute - Setting main Request
ERROR - 2017-06-15 11:03:59 --> Error - Listing columns failed, you have to set the model properties with a static $_properties setting in the model. Original exception: No MySQLi Connection in /vagrant/magicalidol/fuel/packages/orm/classes/model.php on line 305
INFO - 2017-06-15 11:04:09 --> Fuel\Core\Request::__construct - Creating a new main Request with URI = "mypage"
INFO - 2017-06-15 11:04:09 --> Fuel\Core\Request::execute - Called
INFO - 2017-06-15 11:04:09 --> Fuel\Core\Request::execute - Setting main Request
ERROR - 2017-06-15 11:04:09 --> Fatal Error - Class 'Model\Model' not found in /vagrant/magicalidol/fuel/app/classes/model/basegame.php on line 4
INFO - 2017-06-15 11:04:11 --> Fuel\Core\Request::__construct - Creating a new main Request with URI = "mypage"
INFO - 2017-06-15 11:04:11 --> Fuel\Core\Request::execute - Called
INFO - 2017-06-15 11:04:11 --> Fuel\Core\Request::execute - Setting main Request
ERROR - 2017-06-15 11:04:11 --> Fatal Error - Class 'Model\Model' not found in /vagrant/magicalidol/fuel/app/classes/model/basegame.php on line 4
INFO - 2017-06-15 11:04:53 --> Fuel\Core\Request::__construct - Creating a new main Request with URI = "mypage"
INFO - 2017-06-15 11:04:53 --> Fuel\Core\Request::execute - Called
INFO - 2017-06-15 11:04:53 --> Fuel\Core\Request::execute - Setting main Request
ERROR - 2017-06-15 11:04:53 --> Fatal Error - Class 'Model\Model' not found in /vagrant/magicalidol/fuel/app/classes/model/basegame.php on line 4
INFO - 2017-06-15 11:04:54 --> Fuel\Core\Request::__construct - Creating a new main Request with URI = "mypage"
INFO - 2017-06-15 11:04:54 --> Fuel\Core\Request::execute - Called
INFO - 2017-06-15 11:04:54 --> Fuel\Core\Request::execute - Setting main Request
ERROR - 2017-06-15 11:04:54 --> Fatal Error - Class 'Model\Model' not found in /vagrant/magicalidol/fuel/app/classes/model/basegame.php on line 4
INFO - 2017-06-15 11:04:54 --> Fuel\Core\Request::__construct - Creating a new main Request with URI = "mypage"
INFO - 2017-06-15 11:04:54 --> Fuel\Core\Request::execute - Called
INFO - 2017-06-15 11:04:54 --> Fuel\Core\Request::execute - Setting main Request
ERROR - 2017-06-15 11:04:54 --> Fatal Error - Class 'Model\Model' not found in /vagrant/magicalidol/fuel/app/classes/model/basegame.php on line 4
INFO - 2017-06-15 11:04:54 --> Fuel\Core\Request::__construct - Creating a new main Request with URI = "mypage"
INFO - 2017-06-15 11:04:54 --> Fuel\Core\Request::execute - Called
INFO - 2017-06-15 11:04:54 --> Fuel\Core\Request::execute - Setting main Request
ERROR - 2017-06-15 11:04:54 --> Fatal Error - Class 'Model\Model' not found in /vagrant/magicalidol/fuel/app/classes/model/basegame.php on line 4
INFO - 2017-06-15 11:04:55 --> Fuel\Core\Request::__construct - Creating a new main Request with URI = "mypage"
INFO - 2017-06-15 11:04:55 --> Fuel\Core\Request::execute - Called
INFO - 2017-06-15 11:04:55 --> Fuel\Core\Request::execute - Setting main Request
ERROR - 2017-06-15 11:04:55 --> Fatal Error - Class 'Model\Model' not found in /vagrant/magicalidol/fuel/app/classes/model/basegame.php on line 4
INFO - 2017-06-15 11:04:55 --> Fuel\Core\Request::__construct - Creating a new main Request with URI = "mypage"
INFO - 2017-06-15 11:04:55 --> Fuel\Core\Request::execute - Called
INFO - 2017-06-15 11:04:55 --> Fuel\Core\Request::execute - Setting main Request
ERROR - 2017-06-15 11:04:55 --> Fatal Error - Class 'Model\Model' not found in /vagrant/magicalidol/fuel/app/classes/model/basegame.php on line 4
INFO - 2017-06-15 11:04:55 --> Fuel\Core\Request::__construct - Creating a new main Request with URI = "mypage"
INFO - 2017-06-15 11:04:55 --> Fuel\Core\Request::execute - Called
INFO - 2017-06-15 11:04:55 --> Fuel\Core\Request::execute - Setting main Request
ERROR - 2017-06-15 11:04:55 --> Fatal Error - Class 'Model\Model' not found in /vagrant/magicalidol/fuel/app/classes/model/basegame.php on line 4
INFO - 2017-06-15 11:05:02 --> Fuel\Core\Request::__construct - Creating a new main Request with URI = "mypage"
INFO - 2017-06-15 11:05:02 --> Fuel\Core\Request::execute - Called
INFO - 2017-06-15 11:05:02 --> Fuel\Core\Request::execute - Setting main Request
ERROR - 2017-06-15 11:05:02 --> Fatal Error - Class 'Model\Model_Basegame' not found in /vagrant/magicalidol/fuel/app/classes/model/user.php on line 4
INFO - 2017-06-15 11:05:03 --> Fuel\Core\Request::__construct - Creating a new main Request with URI = "mypage"
INFO - 2017-06-15 11:05:03 --> Fuel\Core\Request::execute - Called
INFO - 2017-06-15 11:05:03 --> Fuel\Core\Request::execute - Setting main Request
ERROR - 2017-06-15 11:05:03 --> Fatal Error - Class 'Model\Model_Basegame' not found in /vagrant/magicalidol/fuel/app/classes/model/user.php on line 4
INFO - 2017-06-15 11:05:20 --> Fuel\Core\Request::__construct - Creating a new main Request with URI = "mypage"
INFO - 2017-06-15 11:05:20 --> Fuel\Core\Request::execute - Called
INFO - 2017-06-15 11:05:20 --> Fuel\Core\Request::execute - Setting main Request
ERROR - 2017-06-15 11:05:20 --> Fatal Error - Class 'Model\Model' not found in /vagrant/magicalidol/fuel/app/classes/model/user.php on line 4
INFO - 2017-06-15 11:05:34 --> Fuel\Core\Request::__construct - Creating a new main Request with URI = "mypage"
INFO - 2017-06-15 11:05:34 --> Fuel\Core\Request::execute - Called
INFO - 2017-06-15 11:05:34 --> Fuel\Core\Request::execute - Setting main Request
ERROR - 2017-06-15 11:05:34 --> Fatal Error - Class 'Model_User' not found in /vagrant/magicalidol/fuel/app/classes/model/basegame.php on line 15
INFO - 2017-06-15 11:05:35 --> Fuel\Core\Request::__construct - Creating a new main Request with URI = "mypage"
INFO - 2017-06-15 11:05:35 --> Fuel\Core\Request::execute - Called
INFO - 2017-06-15 11:05:35 --> Fuel\Core\Request::execute - Setting main Request
ERROR - 2017-06-15 11:05:35 --> Fatal Error - Class 'Model_User' not found in /vagrant/magicalidol/fuel/app/classes/model/basegame.php on line 15
INFO - 2017-06-15 11:05:44 --> Fuel\Core\Request::__construct - Creating a new main Request with URI = "mypage"
INFO - 2017-06-15 11:05:44 --> Fuel\Core\Request::execute - Called
INFO - 2017-06-15 11:05:44 --> Fuel\Core\Request::execute - Setting main Request
ERROR - 2017-06-15 11:05:44 --> Fatal Error - Class 'Model\Model' not found in /vagrant/magicalidol/fuel/app/classes/model/user.php on line 4
INFO - 2017-06-15 11:05:57 --> Fuel\Core\Request::__construct - Creating a new main Request with URI = "mypage"
INFO - 2017-06-15 11:05:57 --> Fuel\Core\Request::execute - Called
INFO - 2017-06-15 11:05:57 --> Fuel\Core\Request::execute - Setting main Request
ERROR - 2017-06-15 11:06:57 --> Error - Listing columns failed, you have to set the model properties with a static $_properties setting in the model. Original exception: No MySQLi Connection in /vagrant/magicalidol/fuel/packages/orm/classes/model.php on line 305
INFO - 2017-06-15 11:07:09 --> Fuel\Core\Request::__construct - Creating a new main Request with URI = "home"
INFO - 2017-06-15 11:07:09 --> Fuel\Core\Request::execute - Called
INFO - 2017-06-15 11:07:09 --> Fuel\Core\Request::execute - Setting main Request
INFO - 2017-06-15 11:07:09 --> Fuel\Core\Request::__construct - Creating a new main Request with URI = "mypage"
INFO - 2017-06-15 11:07:09 --> Fuel\Core\Request::execute - Called
INFO - 2017-06-15 11:07:09 --> Fuel\Core\Request::execute - Setting main Request
ERROR - 2017-06-15 11:08:09 --> Error - Listing columns failed, you have to set the model properties with a static $_properties setting in the model. Original exception: No MySQLi Connection in /vagrant/magicalidol/fuel/packages/orm/classes/model.php on line 305
INFO - 2017-06-15 11:09:00 --> Fuel\Core\Request::__construct - Creating a new main Request with URI = "mypage"
INFO - 2017-06-15 11:09:00 --> Fuel\Core\Request::execute - Called
INFO - 2017-06-15 11:09:00 --> Fuel\Core\Request::execute - Setting main Request
ERROR - 2017-06-15 11:10:00 --> Error - No MySQLi Connection in /vagrant/magicalidol/fuel/core/classes/database/mysqli/connection.php on line 135
INFO - 2017-06-15 11:11:11 --> Fuel\Core\Request::__construct - Creating a new main Request with URI = "mypage"
INFO - 2017-06-15 11:11:11 --> Fuel\Core\Request::execute - Called
INFO - 2017-06-15 11:11:11 --> Fuel\Core\Request::execute - Setting main Request
INFO - 2017-06-15 11:12:18 --> Fuel\Core\Request::__construct - Creating a new main Request with URI = "mypage"
INFO - 2017-06-15 11:12:18 --> Fuel\Core\Request::execute - Called
INFO - 2017-06-15 11:12:18 --> Fuel\Core\Request::execute - Setting main Request
ERROR - 2017-06-15 11:13:18 --> Error - No MySQLi Connection in /vagrant/magicalidol/fuel/core/classes/database/mysqli/connection.php on line 135
INFO - 2017-06-15 11:13:52 --> Fuel\Core\Request::__construct - Creating a new main Request with URI = "mypage"
INFO - 2017-06-15 11:13:52 --> Fuel\Core\Request::execute - Called
INFO - 2017-06-15 11:13:52 --> Fuel\Core\Request::execute - Setting main Request
ERROR - 2017-06-15 11:14:52 --> Error - No MySQLi Connection in /vagrant/magicalidol/fuel/core/classes/database/mysqli/connection.php on line 135
INFO - 2017-06-15 11:16:54 --> Fuel\Core\Request::__construct - Creating a new main Request with URI = "mypage"
INFO - 2017-06-15 11:16:54 --> Fuel\Core\Request::execute - Called
INFO - 2017-06-15 11:16:54 --> Fuel\Core\Request::execute - Setting main Request
ERROR - 2017-06-15 11:16:54 --> Fatal Error - Class 'Model\User' not found in /vagrant/magicalidol/fuel/app/classes/controller/mypage.php on line 25
INFO - 2017-06-15 11:17:03 --> Fuel\Core\Request::__construct - Creating a new main Request with URI = "mypage"
INFO - 2017-06-15 11:17:03 --> Fuel\Core\Request::execute - Called
INFO - 2017-06-15 11:17:03 --> Fuel\Core\Request::execute - Setting main Request
ERROR - 2017-06-15 11:18:03 --> Error - No MySQLi Connection in /vagrant/magicalidol/fuel/core/classes/database/mysqli/connection.php on line 135
INFO - 2017-06-15 11:18:28 --> Fuel\Core\Request::__construct - Creating a new main Request with URI = "mypage"
INFO - 2017-06-15 11:18:29 --> Fuel\Core\Request::execute - Called
INFO - 2017-06-15 11:18:29 --> Fuel\Core\Request::execute - Setting main Request
ERROR - 2017-06-15 11:18:29 --> Runtime Deprecated code usage - Non-static method Model\User::test() should not be called statically, assuming $this from incompatible context in /vagrant/magicalidol/fuel/app/classes/controller/mypage.php on line 25
INFO - 2017-06-15 11:18:44 --> Fuel\Core\Request::__construct - Creating a new main Request with URI = "mypage"
ERROR - 2017-06-15 11:18:44 --> Parsing Error - syntax error, unexpected '->' (T_OBJECT_OPERATOR) in /vagrant/magicalidol/fuel/app/classes/controller/mypage.php on line 25
INFO - 2017-06-15 11:19:05 --> Fuel\Core\Request::__construct - Creating a new main Request with URI = "mypage"
INFO - 2017-06-15 11:19:05 --> Fuel\Core\Request::execute - Called
INFO - 2017-06-15 11:19:05 --> Fuel\Core\Request::execute - Setting main Request
ERROR - 2017-06-15 11:19:05 --> Fatal Error - Class 'Model_User' not found in /vagrant/magicalidol/fuel/app/classes/model/basegame.php on line 14
INFO - 2017-06-15 11:19:31 --> Fuel\Core\Request::__construct - Creating a new main Request with URI = "mypage"
INFO - 2017-06-15 11:19:31 --> Fuel\Core\Request::execute - Called
INFO - 2017-06-15 11:19:31 --> Fuel\Core\Request::execute - Setting main Request
ERROR - 2017-06-15 11:19:31 --> Fatal Error - Class 'Model_User' not found in /vagrant/magicalidol/fuel/app/classes/model/basegame.php on line 14
INFO - 2017-06-15 11:19:32 --> Fuel\Core\Request::__construct - Creating a new main Request with URI = "mypage"
INFO - 2017-06-15 11:19:32 --> Fuel\Core\Request::execute - Called
INFO - 2017-06-15 11:19:32 --> Fuel\Core\Request::execute - Setting main Request
ERROR - 2017-06-15 11:19:32 --> Fatal Error - Class 'Model_User' not found in /vagrant/magicalidol/fuel/app/classes/model/basegame.php on line 14
INFO - 2017-06-15 11:19:33 --> Fuel\Core\Request::__construct - Creating a new main Request with URI = "mypage"
INFO - 2017-06-15 11:19:33 --> Fuel\Core\Request::execute - Called
INFO - 2017-06-15 11:19:33 --> Fuel\Core\Request::execute - Setting main Request
ERROR - 2017-06-15 11:19:33 --> Fatal Error - Class 'Model_User' not found in /vagrant/magicalidol/fuel/app/classes/model/basegame.php on line 14
INFO - 2017-06-15 11:20:34 --> Fuel\Core\Request::__construct - Creating a new main Request with URI = "mypage"
INFO - 2017-06-15 11:20:34 --> Fuel\Core\Request::execute - Called
INFO - 2017-06-15 11:20:34 --> Fuel\Core\Request::execute - Setting main Request
ERROR - 2017-06-15 11:20:34 --> Fatal Error - Class 'User' not found in /vagrant/magicalidol/fuel/app/classes/model/basegame.php on line 14
INFO - 2017-06-15 11:21:06 --> Fuel\Core\Request::__construct - Creating a new main Request with URI = "mypage"
INFO - 2017-06-15 11:21:06 --> Fuel\Core\Request::execute - Called
INFO - 2017-06-15 11:21:06 --> Fuel\Core\Request::execute - Setting main Request
ERROR - 2017-06-15 11:21:06 --> Fatal Error - Class 'Model\Model' not found in /vagrant/magicalidol/fuel/app/classes/model/basegame.php on line 4
INFO - 2017-06-15 11:21:07 --> Fuel\Core\Request::__construct - Creating a new main Request with URI = "mypage"
INFO - 2017-06-15 11:21:07 --> Fuel\Core\Request::execute - Called
INFO - 2017-06-15 11:21:07 --> Fuel\Core\Request::execute - Setting main Request
ERROR - 2017-06-15 11:21:07 --> Fatal Error - Class 'Model\Model' not found in /vagrant/magicalidol/fuel/app/classes/model/basegame.php on line 4
INFO - 2017-06-15 11:22:06 --> Fuel\Core\Request::__construct - Creating a new main Request with URI = "mypage"
INFO - 2017-06-15 11:22:06 --> Fuel\Core\Request::execute - Called
INFO - 2017-06-15 11:22:06 --> Fuel\Core\Request::execute - Setting main Request
ERROR - 2017-06-15 11:23:06 --> Error - No MySQLi Connection in /vagrant/magicalidol/fuel/core/classes/database/mysqli/connection.php on line 135
INFO - 2017-06-15 11:26:07 --> Fuel\Core\Request::__construct - Creating a new main Request with URI = "mypage"
INFO - 2017-06-15 11:26:07 --> Fuel\Core\Request::execute - Called
INFO - 2017-06-15 11:26:07 --> Fuel\Core\Request::execute - Setting main Request
ERROR - 2017-06-15 11:26:07 --> Fatal Error - Class 'Model\User' not found in /vagrant/magicalidol/fuel/app/classes/controller/mypage.php on line 25
INFO - 2017-06-15 11:26:24 --> Fuel\Core\Request::__construct - Creating a new main Request with URI = "mypage"
INFO - 2017-06-15 11:26:24 --> Fuel\Core\Request::execute - Called
INFO - 2017-06-15 11:26:24 --> Fuel\Core\Request::execute - Setting main Request
ERROR - 2017-06-15 11:26:24 --> Fatal Error - Class 'Model_User' not found in /vagrant/magicalidol/fuel/app/classes/controller/mypage.php on line 25
INFO - 2017-06-15 11:26:38 --> Fuel\Core\Request::__construct - Creating a new main Request with URI = "mypage"
INFO - 2017-06-15 11:26:38 --> Fuel\Core\Request::execute - Called
INFO - 2017-06-15 11:26:38 --> Fuel\Core\Request::execute - Setting main Request
ERROR - 2017-06-15 11:26:38 --> Fatal Error - Class 'Model\Model_User' not found in /vagrant/magicalidol/fuel/app/classes/controller/mypage.php on line 25
INFO - 2017-06-15 11:27:14 --> Fuel\Core\Request::__construct - Creating a new main Request with URI = "mypage"
INFO - 2017-06-15 11:27:14 --> Fuel\Core\Request::execute - Called
INFO - 2017-06-15 11:27:14 --> Fuel\Core\Request::execute - Setting main Request
ERROR - 2017-06-15 11:28:14 --> Error - No MySQLi Connection in /vagrant/magicalidol/fuel/core/classes/database/mysqli/connection.php on line 135
INFO - 2017-06-15 11:58:03 --> Fuel\Core\Request::__construct - Creating a new main Request with URI = "mypage"
INFO - 2017-06-15 11:58:03 --> Fuel\Core\Request::execute - Called
INFO - 2017-06-15 11:58:03 --> Fuel\Core\Request::execute - Setting main Request
ERROR - 2017-06-15 11:59:04 --> Error - No MySQLi Connection in /vagrant/magicalidol/fuel/core/classes/database/mysqli/connection.php on line 135
INFO - 2017-06-15 12:12:07 --> Fuel\Core\Request::__construct - Creating a new main Request with URI = "mypage"
INFO - 2017-06-15 12:12:07 --> Fuel\Core\Request::execute - Called
INFO - 2017-06-15 12:12:07 --> Fuel\Core\Request::execute - Setting main Request
ERROR - 2017-06-15 12:13:07 --> Error - No MySQLi Connection in /vagrant/magicalidol/fuel/core/classes/database/mysqli/connection.php on line 135
INFO - 2017-06-15 12:22:30 --> Fuel\Core\Request::__construct - Creating a new main Request with URI = "mypage"
INFO - 2017-06-15 12:22:30 --> Fuel\Core\Request::execute - Called
INFO - 2017-06-15 12:22:30 --> Fuel\Core\Request::execute - Setting main Request
ERROR - 2017-06-15 12:23:30 --> Error - No MySQLi Connection in /vagrant/magicalidol/fuel/core/classes/database/mysqli/connection.php on line 135
INFO - 2017-06-15 12:30:12 --> Fuel\Core\Request::__construct - Creating a new main Request with URI = "mypage"
INFO - 2017-06-15 12:30:12 --> Fuel\Core\Request::execute - Called
INFO - 2017-06-15 12:30:12 --> Fuel\Core\Request::execute - Setting main Request
INFO - 2017-06-15 12:30:21 --> Fuel\Core\Request::__construct - Creating a new main Request with URI = "mypage"
INFO - 2017-06-15 12:30:21 --> Fuel\Core\Request::execute - Called
INFO - 2017-06-15 12:30:21 --> Fuel\Core\Request::execute - Setting main Request
ERROR - 2017-06-15 12:31:12 --> Error - No MySQLi Connection in /vagrant/magicalidol/fuel/core/classes/database/mysqli/connection.php on line 135
INFO - 2017-06-15 12:31:36 --> Fuel\Core\Request::__construct - Creating a new main Request with URI = "home"
INFO - 2017-06-15 12:31:36 --> Fuel\Core\Request::execute - Called
INFO - 2017-06-15 12:31:36 --> Fuel\Core\Request::execute - Setting main Request
INFO - 2017-06-15 12:31:37 --> Fuel\Core\Request::__construct - Creating a new main Request with URI = "mypage"
INFO - 2017-06-15 12:31:37 --> Fuel\Core\Request::execute - Called
INFO - 2017-06-15 12:31:37 --> Fuel\Core\Request::execute - Setting main Request
INFO - 2017-06-15 12:31:52 --> Fuel\Core\Request::__construct - Creating a new main Request with URI = "mypage"
INFO - 2017-06-15 12:31:52 --> Fuel\Core\Request::execute - Called
INFO - 2017-06-15 12:31:52 --> Fuel\Core\Request::execute - Setting main Request
INFO - 2017-06-15 12:41:58 --> Fuel\Core\Request::__construct - Creating a new main Request with URI = "mypage"
INFO - 2017-06-15 12:41:58 --> Fuel\Core\Request::execute - Called
INFO - 2017-06-15 12:41:58 --> Fuel\Core\Request::execute - Setting main Request
INFO - 2017-06-15 12:42:21 --> Fuel\Core\Request::__construct - Creating a new main Request with URI = "mypage"
INFO - 2017-06-15 12:42:21 --> Fuel\Core\Request::execute - Called
INFO - 2017-06-15 12:42:21 --> Fuel\Core\Request::execute - Setting main Request
ERROR - 2017-06-15 12:42:21 --> Notice - Undefined variable: modelData in /vagrant/magicalidol/fuel/app/views/mypage.php on line 2
INFO - 2017-06-15 12:42:42 --> Fuel\Core\Request::__construct - Creating a new main Request with URI = "mypage"
INFO - 2017-06-15 12:42:42 --> Fuel\Core\Request::execute - Called
INFO - 2017-06-15 12:42:42 --> Fuel\Core\Request::execute - Setting main Request
INFO - 2017-06-15 12:42:50 --> Fuel\Core\Request::__construct - Creating a new main Request with URI = "mypage"
INFO - 2017-06-15 12:42:50 --> Fuel\Core\Request::execute - Called
INFO - 2017-06-15 12:42:50 --> Fuel\Core\Request::execute - Setting main Request
INFO - 2017-06-15 12:43:02 --> Fuel\Core\Request::__construct - Creating a new main Request with URI = "mypage"
INFO - 2017-06-15 12:43:02 --> Fuel\Core\Request::execute - Called
INFO - 2017-06-15 12:43:02 --> Fuel\Core\Request::execute - Setting main Request
INFO - 2017-06-15 12:43:04 --> Fuel\Core\Request::__construct - Creating a new main Request with URI = "mypage"
INFO - 2017-06-15 12:43:04 --> Fuel\Core\Request::execute - Called
INFO - 2017-06-15 12:43:04 --> Fuel\Core\Request::execute - Setting main Request
INFO - 2017-06-15 12:45:46 --> Fuel\Core\Request::__construct - Creating a new main Request with URI = "mypage"
INFO - 2017-06-15 12:45:46 --> Fuel\Core\Request::execute - Called
INFO - 2017-06-15 12:45:46 --> Fuel\Core\Request::execute - Setting main Request
INFO - 2017-06-15 12:49:38 --> Fuel\Core\Request::__construct - Creating a new main Request with URI = "mypage"
INFO - 2017-06-15 12:49:38 --> Fuel\Core\Request::execute - Called
INFO - 2017-06-15 12:49:38 --> Fuel\Core\Request::execute - Setting main Request
INFO - 2017-06-15 12:50:10 --> Fuel\Core\Request::__construct - Creating a new main Request with URI = "mypage"
INFO - 2017-06-15 12:50:10 --> Fuel\Core\Request::execute - Called
INFO - 2017-06-15 12:50:10 --> Fuel\Core\Request::execute - Setting main Request
INFO - 2017-06-15 12:50:25 --> Fuel\Core\Request::__construct - Creating a new main Request with URI = "mypage"
INFO - 2017-06-15 12:50:25 --> Fuel\Core\Request::execute - Called
INFO - 2017-06-15 12:50:25 --> Fuel\Core\Request::execute - Setting main Request
INFO - 2017-06-15 12:52:02 --> Fuel\Core\Request::__construct - Creating a new main Request with URI = "mypage"
INFO - 2017-06-15 12:52:02 --> Fuel\Core\Request::execute - Called
INFO - 2017-06-15 12:52:02 --> Fuel\Core\Request::execute - Setting main Request
ERROR - 2017-06-15 12:53:02 --> Error - No MySQLi Connection in /vagrant/magicalidol/fuel/core/classes/database/mysqli/connection.php on line 135
INFO - 2017-06-15 12:53:10 --> Fuel\Core\Request::__construct - Creating a new main Request with URI = "mypage"
INFO - 2017-06-15 12:53:10 --> Fuel\Core\Request::execute - Called
INFO - 2017-06-15 12:53:10 --> Fuel\Core\Request::execute - Setting main Request
INFO - 2017-06-15 12:58:34 --> Fuel\Core\Request::__construct - Creating a new main Request with URI = "mypage"
INFO - 2017-06-15 12:58:34 --> Fuel\Core\Request::execute - Called
INFO - 2017-06-15 12:58:34 --> Fuel\Core\Request::execute - Setting main Request
INFO - 2017-06-15 12:59:24 --> Fuel\Core\Request::__construct - Creating a new main Request with URI = "mypage"
INFO - 2017-06-15 12:59:24 --> Fuel\Core\Request::execute - Called
INFO - 2017-06-15 12:59:24 --> Fuel\Core\Request::execute - Setting main Request
INFO - 2017-06-15 12:59:25 --> Fuel\Core\Request::__construct - Creating a new main Request with URI = "mypage"
INFO - 2017-06-15 12:59:25 --> Fuel\Core\Request::execute - Called
INFO - 2017-06-15 12:59:25 --> Fuel\Core\Request::execute - Setting main Request
ERROR - 2017-06-15 12:59:34 --> 2002 - 接続がタイムアウトしました in /vagrant/magicalidol/fuel/core/classes/database/mysql/connection.php on line 116
INFO - 2017-06-15 13:00:07 --> Fuel\Core\Request::__construct - Creating a new main Request with URI = "mypage"
INFO - 2017-06-15 13:00:07 --> Fuel\Core\Request::execute - Called
INFO - 2017-06-15 13:00:07 --> Fuel\Core\Request::execute - Setting main Request
INFO - 2017-06-15 13:32:26 --> Fuel\Core\Request::__construct - Creating a new main Request with URI = "mypage"
INFO - 2017-06-15 13:32:26 --> Fuel\Core\Request::execute - Called
INFO - 2017-06-15 13:32:26 --> Fuel\Core\Request::execute - Setting main Request
ERROR - 2017-06-15 13:32:26 --> Error - Database type not defined in "{$name}" configuration or "{$name}" configuration does not exist in /vagrant/magicalidol/fuel/core/classes/database/connection.php on line 74
INFO - 2017-06-15 13:42:45 --> Fuel\Core\Request::__construct - Creating a new main Request with URI = "mypage"
INFO - 2017-06-15 13:42:45 --> Fuel\Core\Request::execute - Called
INFO - 2017-06-15 13:42:45 --> Fuel\Core\Request::execute - Setting main Request
ERROR - 2017-06-15 13:42:45 --> Error - Database type not defined in "{$name}" configuration or "{$name}" configuration does not exist in /vagrant/magicalidol/fuel/core/classes/database/connection.php on line 74
INFO - 2017-06-15 13:42:46 --> Fuel\Core\Request::__construct - Creating a new main Request with URI = "mypage"
INFO - 2017-06-15 13:42:46 --> Fuel\Core\Request::execute - Called
INFO - 2017-06-15 13:42:46 --> Fuel\Core\Request::execute - Setting main Request
ERROR - 2017-06-15 13:42:46 --> Error - Database type not defined in "{$name}" configuration or "{$name}" configuration does not exist in /vagrant/magicalidol/fuel/core/classes/database/connection.php on line 74
INFO - 2017-06-15 13:42:47 --> Fuel\Core\Request::__construct - Creating a new main Request with URI = "mypage"
INFO - 2017-06-15 13:42:47 --> Fuel\Core\Request::execute - Called
INFO - 2017-06-15 13:42:47 --> Fuel\Core\Request::execute - Setting main Request
ERROR - 2017-06-15 13:42:47 --> Error - Database type not defined in "{$name}" configuration or "{$name}" configuration does not exist in /vagrant/magicalidol/fuel/core/classes/database/connection.php on line 74
INFO - 2017-06-15 13:44:42 --> Fuel\Core\Request::__construct - Creating a new main Request with URI = "mypage"
INFO - 2017-06-15 13:44:42 --> Fuel\Core\Request::execute - Called
INFO - 2017-06-15 13:44:42 --> Fuel\Core\Request::execute - Setting main Request
INFO - 2017-06-15 13:50:17 --> Fuel\Core\Request::__construct - Creating a new main Request with URI = "mypage"
INFO - 2017-06-15 13:50:17 --> Fuel\Core\Request::execute - Called
INFO - 2017-06-15 13:50:17 --> Fuel\Core\Request::execute - Setting main Request
INFO - 2017-06-15 13:50:18 --> Fuel\Core\Request::__construct - Creating a new main Request with URI = "mypage"
INFO - 2017-06-15 13:50:18 --> Fuel\Core\Request::execute - Called
INFO - 2017-06-15 13:50:18 --> Fuel\Core\Request::execute - Setting main Request
INFO - 2017-06-15 13:50:18 --> Fuel\Core\Request::__construct - Creating a new main Request with URI = "mypage"
INFO - 2017-06-15 13:50:18 --> Fuel\Core\Request::execute - Called
INFO - 2017-06-15 13:50:18 --> Fuel\Core\Request::execute - Setting main Request
INFO - 2017-06-15 13:50:19 --> Fuel\Core\Request::__construct - Creating a new main Request with URI = "mypage"
INFO - 2017-06-15 13:50:19 --> Fuel\Core\Request::execute - Called
INFO - 2017-06-15 13:50:19 --> Fuel\Core\Request::execute - Setting main Request
INFO - 2017-06-15 13:50:19 --> Fuel\Core\Request::__construct - Creating a new main Request with URI = "mypage"
INFO - 2017-06-15 13:50:19 --> Fuel\Core\Request::execute - Called
INFO - 2017-06-15 13:50:19 --> Fuel\Core\Request::execute - Setting main Request
INFO - 2017-06-15 13:56:43 --> Fuel\Core\Request::__construct - Creating a new main Request with URI = "mypage"
INFO - 2017-06-15 13:56:43 --> Fuel\Core\Request::execute - Called
INFO - 2017-06-15 13:56:43 --> Fuel\Core\Request::execute - Setting main Request
INFO - 2017-06-15 13:56:54 --> Fuel\Core\Request::__construct - Creating a new main Request with URI = "mypage"
INFO - 2017-06-15 13:56:54 --> Fuel\Core\Request::execute - Called
INFO - 2017-06-15 13:56:54 --> Fuel\Core\Request::execute - Setting main Request
ERROR - 2017-06-15 14:06:11 --> Notice - Undefined offset: 1 in /vagrant/magicalidol/fuel/app/bootstrap.php on line 33
INFO - 2017-06-15 14:08:04 --> Fuel\Core\Request::__construct - Creating a new main Request with URI = "mypage"
INFO - 2017-06-15 14:08:04 --> Fuel\Core\Request::execute - Called
INFO - 2017-06-15 14:08:04 --> Fuel\Core\Request::execute - Setting main Request
INFO - 2017-06-15 14:08:05 --> Fuel\Core\Request::__construct - Creating a new main Request with URI = "mypage"
INFO - 2017-06-15 14:08:05 --> Fuel\Core\Request::execute - Called
INFO - 2017-06-15 14:08:05 --> Fuel\Core\Request::execute - Setting main Request
INFO - 2017-06-15 14:16:16 --> Fuel\Core\Request::__construct - Creating a new main Request with URI = "mypage"
INFO - 2017-06-15 14:16:16 --> Fuel\Core\Request::execute - Called
INFO - 2017-06-15 14:16:16 --> Fuel\Core\Request::execute - Setting main Request
ERROR - 2017-06-15 14:16:16 --> Fatal Error - Class 'Model\User' not found in /vagrant/magicalidol/fuel/app/classes/controller/mypage.php on line 28
INFO - 2017-06-15 14:16:25 --> Fuel\Core\Request::__construct - Creating a new main Request with URI = "mypage"
INFO - 2017-06-15 14:16:26 --> Fuel\Core\Request::execute - Called
INFO - 2017-06-15 14:16:26 --> Fuel\Core\Request::execute - Setting main Request
ERROR - 2017-06-15 14:16:26 --> Fatal Error - Class 'Model_Test' not found in /vagrant/magicalidol/fuel/app/classes/controller/mypage.php on line 15
INFO - 2017-06-15 14:16:39 --> Fuel\Core\Request::__construct - Creating a new main Request with URI = "mypage"
INFO - 2017-06-15 14:16:39 --> Fuel\Core\Request::execute - Called
INFO - 2017-06-15 14:16:39 --> Fuel\Core\Request::execute - Setting main Request
ERROR - 2017-06-15 14:16:39 --> Warning - Creating default object from empty value in /vagrant/magicalidol/fuel/app/classes/controller/mypage.php on line 19
INFO - 2017-06-15 14:16:53 --> Fuel\Core\Request::__construct - Creating a new main Request with URI = "mypage"
INFO - 2017-06-15 14:16:53 --> Fuel\Core\Request::execute - Called
INFO - 2017-06-15 14:16:53 --> Fuel\Core\Request::execute - Setting main Request
ERROR - 2017-06-15 14:16:53 --> Warning - Creating default object from empty value in /vagrant/magicalidol/fuel/app/classes/controller/mypage.php on line 19
INFO - 2017-06-15 14:16:55 --> Fuel\Core\Request::__construct - Creating a new main Request with URI = "mypage"
INFO - 2017-06-15 14:16:55 --> Fuel\Core\Request::execute - Called
INFO - 2017-06-15 14:16:55 --> Fuel\Core\Request::execute - Setting main Request
ERROR - 2017-06-15 14:16:55 --> Warning - Creating default object from empty value in /vagrant/magicalidol/fuel/app/classes/controller/mypage.php on line 19
INFO - 2017-06-15 14:17:22 --> Fuel\Core\Request::__construct - Creating a new main Request with URI = "mypage"
INFO - 2017-06-15 14:17:22 --> Fuel\Core\Request::execute - Called
INFO - 2017-06-15 14:17:22 --> Fuel\Core\Request::execute - Setting main Request
ERROR - 2017-06-15 14:17:22 --> Notice - Undefined variable: test in /vagrant/magicalidol/fuel/app/classes/controller/mypage.php on line 17
INFO - 2017-06-15 14:17:33 --> Fuel\Core\Request::__construct - Creating a new main Request with URI = "mypage"
INFO - 2017-06-15 14:17:33 --> Fuel\Core\Request::execute - Called
INFO - 2017-06-15 14:17:33 --> Fuel\Core\Request::execute - Setting main Request
ERROR - 2017-06-15 14:18:33 --> Error - No MySQLi Connection in /vagrant/magicalidol/fuel/core/classes/database/mysqli/connection.php on line 135
INFO - 2017-06-15 14:19:11 --> Fuel\Core\Request::__construct - Creating a new main Request with URI = "mypage"
INFO - 2017-06-15 14:19:11 --> Fuel\Core\Request::execute - Called
INFO - 2017-06-15 14:19:11 --> Fuel\Core\Request::execute - Setting main Request
INFO - 2017-06-15 14:19:13 --> Fuel\Core\Request::__construct - Creating a new main Request with URI = "mypage"
INFO - 2017-06-15 14:19:13 --> Fuel\Core\Request::execute - Called
INFO - 2017-06-15 14:19:13 --> Fuel\Core\Request::execute - Setting main Request
INFO - 2017-06-15 14:19:40 --> Fuel\Core\Request::__construct - Creating a new main Request with URI = "mypage"
INFO - 2017-06-15 14:19:40 --> Fuel\Core\Request::execute - Called
INFO - 2017-06-15 14:19:40 --> Fuel\Core\Request::execute - Setting main Request
ERROR - 2017-06-15 14:20:40 --> Error - No MySQLi Connection in /vagrant/magicalidol/fuel/core/classes/database/mysqli/connection.php on line 135
INFO - 2017-06-15 14:37:18 --> Fuel\Core\Request::__construct - Creating a new main Request with URI = "mypage"
INFO - 2017-06-15 14:37:18 --> Fuel\Core\Request::execute - Called
INFO - 2017-06-15 14:37:18 --> Fuel\Core\Request::execute - Setting main Request
ERROR - 2017-06-15 14:38:18 --> Error - No MySQLi Connection in /vagrant/magicalidol/fuel/core/classes/database/mysqli/connection.php on line 135
INFO - 2017-06-15 14:47:52 --> Fuel\Core\Request::__construct - Creating a new main Request with URI = "mypage"
INFO - 2017-06-15 14:47:52 --> Fuel\Core\Request::execute - Called
INFO - 2017-06-15 14:47:52 --> Fuel\Core\Request::execute - Setting main Request
ERROR - 2017-06-15 14:48:52 --> Error - No MySQLi Connection in /vagrant/magicalidol/fuel/core/classes/database/mysqli/connection.php on line 135
INFO - 2017-06-15 15:02:55 --> Fuel\Core\Request::__construct - Creating a new main Request with URI = "mypage"
INFO - 2017-06-15 15:02:55 --> Fuel\Core\Request::execute - Called
INFO - 2017-06-15 15:02:55 --> Fuel\Core\Request::execute - Setting main Request
INFO - 2017-06-15 15:03:06 --> Fuel\Core\Request::__construct - Creating a new main Request with URI = "mypage"
INFO - 2017-06-15 15:03:06 --> Fuel\Core\Request::execute - Called
INFO - 2017-06-15 15:03:06 --> Fuel\Core\Request::execute - Setting main Request
INFO - 2017-06-15 15:03:22 --> Fuel\Core\Request::__construct - Creating a new main Request with URI = "mypage"
INFO - 2017-06-15 15:03:22 --> Fuel\Core\Request::execute - Called
INFO - 2017-06-15 15:03:22 --> Fuel\Core\Request::execute - Setting main Request
INFO - 2017-06-15 15:03:30 --> Fuel\Core\Request::__construct - Creating a new main Request with URI = "mypage"
INFO - 2017-06-15 15:03:30 --> Fuel\Core\Request::execute - Called
INFO - 2017-06-15 15:03:30 --> Fuel\Core\Request::execute - Setting main Request
ERROR - 2017-06-15 15:04:06 --> Error - No MySQLi Connection in /vagrant/magicalidol/fuel/core/classes/database/mysqli/connection.php on line 136
ERROR - 2017-06-15 15:04:30 --> Error - No MySQLi Connection in /vagrant/magicalidol/fuel/core/classes/database/mysqli/connection.php on line 136
INFO - 2017-06-15 15:06:58 --> Fuel\Core\Request::__construct - Creating a new main Request with URI = "mypage"
INFO - 2017-06-15 15:06:58 --> Fuel\Core\Request::execute - Called
INFO - 2017-06-15 15:06:58 --> Fuel\Core\Request::execute - Setting main Request
ERROR - 2017-06-15 15:07:58 --> Error - No MySQLi Connection in /vagrant/magicalidol/fuel/core/classes/database/mysqli/connection.php on line 136
INFO - 2017-06-15 15:14:08 --> Fuel\Core\Request::__construct - Creating a new main Request with URI = "mypage"
INFO - 2017-06-15 15:14:08 --> Fuel\Core\Request::execute - Called
INFO - 2017-06-15 15:14:08 --> Fuel\Core\Request::execute - Setting main Request
ERROR - 2017-06-15 15:14:08 --> Fatal Error - Class 'Model_Collection' not found in /vagrant/magicalidol/fuel/app/classes/controller/mypage.php on line 21
INFO - 2017-06-15 15:14:09 --> Fuel\Core\Request::__construct - Creating a new main Request with URI = "mypage"
INFO - 2017-06-15 15:14:09 --> Fuel\Core\Request::execute - Called
INFO - 2017-06-15 15:14:09 --> Fuel\Core\Request::execute - Setting main Request
ERROR - 2017-06-15 15:14:09 --> Fatal Error - Class 'Model_Collection' not found in /vagrant/magicalidol/fuel/app/classes/controller/mypage.php on line 21
INFO - 2017-06-15 15:14:10 --> Fuel\Core\Request::__construct - Creating a new main Request with URI = "mypage"
INFO - 2017-06-15 15:14:10 --> Fuel\Core\Request::execute - Called
INFO - 2017-06-15 15:14:10 --> Fuel\Core\Request::execute - Setting main Request
ERROR - 2017-06-15 15:14:10 --> Fatal Error - Class 'Model_Collection' not found in /vagrant/magicalidol/fuel/app/classes/controller/mypage.php on line 21
INFO - 2017-06-15 15:14:40 --> Fuel\Core\Request::__construct - Creating a new main Request with URI = "mypage"
INFO - 2017-06-15 15:14:40 --> Fuel\Core\Request::execute - Called
INFO - 2017-06-15 15:14:40 --> Fuel\Core\Request::execute - Setting main Request
ERROR - 2017-06-15 15:15:40 --> Error - No MySQLi Connection in /vagrant/magicalidol/fuel/core/classes/database/mysqli/connection.php on line 136
INFO - 2017-06-15 15:19:10 --> Fuel\Core\Request::__construct - Creating a new main Request with URI = "mypage"
INFO - 2017-06-15 15:19:10 --> Fuel\Core\Request::execute - Called
INFO - 2017-06-15 15:19:10 --> Fuel\Core\Request::execute - Setting main Request
ERROR - 2017-06-15 15:20:10 --> Error - No MySQLi Connection in /vagrant/magicalidol/fuel/core/classes/database/mysqli/connection.php on line 136
INFO - 2017-06-15 15:21:03 --> Fuel\Core\Request::__construct - Creating a new main Request with URI = "mypage"
INFO - 2017-06-15 15:21:03 --> Fuel\Core\Request::execute - Called
INFO - 2017-06-15 15:21:03 --> Fuel\Core\Request::execute - Setting main Request
INFO - 2017-06-15 15:21:21 --> Fuel\Core\Request::__construct - Creating a new main Request with URI = "mypage"
INFO - 2017-06-15 15:21:21 --> Fuel\Core\Request::execute - Called
INFO - 2017-06-15 15:21:21 --> Fuel\Core\Request::execute - Setting main Request
INFO - 2017-06-15 15:22:12 --> Fuel\Core\Request::__construct - Creating a new main Request with URI = "mypage"
INFO - 2017-06-15 15:22:12 --> Fuel\Core\Request::execute - Called
INFO - 2017-06-15 15:22:12 --> Fuel\Core\Request::execute - Setting main Request
ERROR - 2017-06-15 15:22:21 --> Error - No MySQLi Connection in /vagrant/magicalidol/fuel/core/classes/database/mysqli/connection.php on line 136
INFO - 2017-06-15 15:22:22 --> Fuel\Core\Request::__construct - Creating a new main Request with URI = "mypage"
INFO - 2017-06-15 15:22:22 --> Fuel\Core\Request::execute - Called
INFO - 2017-06-15 15:22:22 --> Fuel\Core\Request::execute - Setting main Request
INFO - 2017-06-15 15:22:31 --> Fuel\Core\Request::__construct - Creating a new main Request with URI = "mypage"
INFO - 2017-06-15 15:22:31 --> Fuel\Core\Request::execute - Called
INFO - 2017-06-15 15:22:31 --> Fuel\Core\Request::execute - Setting main Request
INFO - 2017-06-15 15:22:32 --> Fuel\Core\Request::__construct - Creating a new main Request with URI = "mypage"
INFO - 2017-06-15 15:22:32 --> Fuel\Core\Request::execute - Called
INFO - 2017-06-15 15:22:32 --> Fuel\Core\Request::execute - Setting main Request
INFO - 2017-06-15 15:23:00 --> Fuel\Core\Request::__construct - Creating a new main Request with URI = "mypage"
INFO - 2017-06-15 15:23:00 --> Fuel\Core\Request::execute - Called
INFO - 2017-06-15 15:23:00 --> Fuel\Core\Request::execute - Setting main Request
ERROR - 2017-06-15 15:23:00 --> Error - No MySQLi Connection in /vagrant/magicalidol/fuel/core/classes/database/mysqli/connection.php on line 137
INFO - 2017-06-15 15:23:01 --> Fuel\Core\Request::__construct - Creating a new main Request with URI = "mypage"
INFO - 2017-06-15 15:23:01 --> Fuel\Core\Request::execute - Called
INFO - 2017-06-15 15:23:01 --> Fuel\Core\Request::execute - Setting main Request
ERROR - 2017-06-15 15:23:01 --> Error - No MySQLi Connection in /vagrant/magicalidol/fuel/core/classes/database/mysqli/connection.php on line 137
INFO - 2017-06-15 15:23:01 --> Fuel\Core\Request::__construct - Creating a new main Request with URI = "mypage"
INFO - 2017-06-15 15:23:01 --> Fuel\Core\Request::execute - Called
INFO - 2017-06-15 15:23:01 --> Fuel\Core\Request::execute - Setting main Request
ERROR - 2017-06-15 15:23:01 --> Error - No MySQLi Connection in /vagrant/magicalidol/fuel/core/classes/database/mysqli/connection.php on line 137
INFO - 2017-06-15 15:23:02 --> Fuel\Core\Request::__construct - Creating a new main Request with URI = "mypage"
INFO - 2017-06-15 15:23:02 --> Fuel\Core\Request::execute - Called
INFO - 2017-06-15 15:23:02 --> Fuel\Core\Request::execute - Setting main Request
ERROR - 2017-06-15 15:23:02 --> Error - No MySQLi Connection in /vagrant/magicalidol/fuel/core/classes/database/mysqli/connection.php on line 137
INFO - 2017-06-15 15:23:02 --> Fuel\Core\Request::__construct - Creating a new main Request with URI = "mypage"
INFO - 2017-06-15 15:23:02 --> Fuel\Core\Request::execute - Called
INFO - 2017-06-15 15:23:02 --> Fuel\Core\Request::execute - Setting main Request
ERROR - 2017-06-15 15:23:02 --> Error - No MySQLi Connection in /vagrant/magicalidol/fuel/core/classes/database/mysqli/connection.php on line 137
INFO - 2017-06-15 15:23:03 --> Fuel\Core\Request::__construct - Creating a new main Request with URI = "mypage"
INFO - 2017-06-15 15:23:03 --> Fuel\Core\Request::execute - Called
INFO - 2017-06-15 15:23:03 --> Fuel\Core\Request::execute - Setting main Request
ERROR - 2017-06-15 15:23:03 --> Error - No MySQLi Connection in /vagrant/magicalidol/fuel/core/classes/database/mysqli/connection.php on line 137
INFO - 2017-06-15 15:23:03 --> Fuel\Core\Request::__construct - Creating a new main Request with URI = "mypage"
INFO - 2017-06-15 15:23:03 --> Fuel\Core\Request::execute - Called
INFO - 2017-06-15 15:23:03 --> Fuel\Core\Request::execute - Setting main Request
ERROR - 2017-06-15 15:23:03 --> Error - No MySQLi Connection in /vagrant/magicalidol/fuel/core/classes/database/mysqli/connection.php on line 137
INFO - 2017-06-15 15:23:04 --> Fuel\Core\Request::__construct - Creating a new main Request with URI = "mypage"
INFO - 2017-06-15 15:23:04 --> Fuel\Core\Request::execute - Called
INFO - 2017-06-15 15:23:04 --> Fuel\Core\Request::execute - Setting main Request
ERROR - 2017-06-15 15:23:04 --> Error - No MySQLi Connection in /vagrant/magicalidol/fuel/core/classes/database/mysqli/connection.php on line 137
INFO - 2017-06-15 15:23:04 --> Fuel\Core\Request::__construct - Creating a new main Request with URI = "mypage"
INFO - 2017-06-15 15:23:04 --> Fuel\Core\Request::execute - Called
INFO - 2017-06-15 15:23:04 --> Fuel\Core\Request::execute - Setting main Request
ERROR - 2017-06-15 15:23:04 --> Error - No MySQLi Connection in /vagrant/magicalidol/fuel/core/classes/database/mysqli/connection.php on line 137
INFO - 2017-06-15 15:28:27 --> Fuel\Core\Request::__construct - Creating a new main Request with URI = "mypage"
INFO - 2017-06-15 15:28:27 --> Fuel\Core\Request::execute - Called
INFO - 2017-06-15 15:28:27 --> Fuel\Core\Request::execute - Setting main Request
ERROR - 2017-06-15 15:28:27 --> Error - No MySQLi Connection in /vagrant/magicalidol/fuel/core/classes/database/mysqli/connection.php on line 137
INFO - 2017-06-15 15:31:11 --> Fuel\Core\Request::__construct - Creating a new main Request with URI = "mypage"
INFO - 2017-06-15 15:31:11 --> Fuel\Core\Request::execute - Called
INFO - 2017-06-15 15:31:11 --> Fuel\Core\Request::execute - Setting main Request
ERROR - 2017-06-15 15:31:11 --> Error - No MySQLi Connection<br>\nUndefined variable: post<br>
hostname:mysql300.db.sakura.ne.jp<br>
username:esmile-sys<br>
password:esmile00<br>
database:esmile-sys_magicalidol<br>
port:3306<br>
 in /vagrant/magicalidol/fuel/core/classes/database/mysqli/connection.php on line 137
INFO - 2017-06-15 16:31:25 --> Fuel\Core\Request::__construct - Creating a new main Request with URI = "mypage"
INFO - 2017-06-15 16:31:25 --> Fuel\Core\Request::execute - Called
INFO - 2017-06-15 16:31:25 --> Fuel\Core\Request::execute - Setting main Request
ERROR - 2017-06-15 16:32:25 --> Error - No MySQLi Connection<br>\nmysqli::mysqli(): (HY000/2002): 接続がタイムアウトしました<br>
hostname:mysql300.db.sakura.ne.jp<br>
username:esmile-sys<br>
password:esmile00<br>
database:esmile-sys_magicalidol<br>
port:3306<br>
 in /vagrant/magicalidol/fuel/core/classes/database/mysqli/connection.php on line 136
INFO - 2017-06-15 16:32:28 --> Fuel\Core\Request::__construct - Creating a new main Request with URI = "mypage"
INFO - 2017-06-15 16:32:28 --> Fuel\Core\Request::execute - Called
INFO - 2017-06-15 16:32:28 --> Fuel\Core\Request::execute - Setting main Request
INFO - 2017-06-15 16:40:10 --> Fuel\Core\Request::__construct - Creating a new main Request with URI = "mypage"
INFO - 2017-06-15 16:40:10 --> Fuel\Core\Request::execute - Called
INFO - 2017-06-15 16:40:10 --> Fuel\Core\Request::execute - Setting main Request
ERROR - 2017-06-15 16:41:11 --> Error - No MySQLi Connection<br>\nmysqli::mysqli(): (HY000/2002): 接続がタイムアウトしました<br>
hostname:mysql300.db.sakura.ne.jp<br>
username:esmile-sys<br>
password:esmile00<br>
database:esmile-sys_magicalidol<br>
port:3306<br>
 in /vagrant/magicalidol/fuel/core/classes/database/mysqli/connection.php on line 136
INFO - 2017-06-15 16:54:26 --> Fuel\Core\Request::__construct - Creating a new main Request with URI = "mypage"
INFO - 2017-06-15 16:54:27 --> Fuel\Core\Request::execute - Called
INFO - 2017-06-15 16:54:27 --> Fuel\Core\Request::execute - Setting main Request
ERROR - 2017-06-15 16:55:28 --> Error - No MySQLi Connection<br>\nmysqli::mysqli(): (HY000/2002): 接続がタイムアウトしました<br>
hostname:mysql300.db.sakura.ne.jp<br>
username:esmile-sys<br>
password:esmile00<br>
database:esmile-sys_magicalidol<br>
port:3306<br>
 in /vagrant/magicalidol/fuel/core/classes/database/mysqli/connection.php on line 136
INFO - 2017-06-15 17:07:01 --> Fuel\Core\Request::__construct - Creating a new main Request with URI = "mypage"
INFO - 2017-06-15 17:07:02 --> Fuel\Core\Request::execute - Called
INFO - 2017-06-15 17:07:02 --> Fuel\Core\Request::execute - Setting main Request
INFO - 2017-06-15 17:07:26 --> Fuel\Core\Request::__construct - Creating a new main Request with URI = "mypage"
INFO - 2017-06-15 17:07:27 --> Fuel\Core\Request::execute - Called
INFO - 2017-06-15 17:07:27 --> Fuel\Core\Request::execute - Setting main Request
ERROR - 2017-06-15 17:08:03 --> Error - No MySQLi Connection<br>\nmysqli::mysqli(): (HY000/2002): 接続がタイムアウトしました<br>
hostname:mysql300.db.sakura.ne.jp<br>
username:esmile-sys<br>
password:esmile00<br>
database:esmile-sys_magicalidol<br>
port:3306<br>
 in /vagrant/magicalidol/fuel/core/classes/database/mysqli/connection.php on line 136
ERROR - 2017-06-15 17:08:27 --> Error - No MySQLi Connection<br>\nmysqli::mysqli(): (HY000/2002): 接続がタイムアウトしました<br>
hostname:mysql300.db.sakura.ne.jp<br>
username:esmile-sys<br>
password:esmile00<br>
database:esmile-sys_magicalidol<br>
port:3306<br>
 in /vagrant/magicalidol/fuel/core/classes/database/mysqli/connection.php on line 136
INFO - 2017-06-15 17:08:53 --> Fuel\Core\Request::__construct - Creating a new main Request with URI = "mypage"
INFO - 2017-06-15 17:08:53 --> Fuel\Core\Request::execute - Called
INFO - 2017-06-15 17:08:53 --> Fuel\Core\Request::execute - Setting main Request
INFO - 2017-06-15 17:08:54 --> Fuel\Core\Request::__construct - Creating a new main Request with URI = "mypage"
INFO - 2017-06-15 17:08:54 --> Fuel\Core\Request::execute - Called
INFO - 2017-06-15 17:08:54 --> Fuel\Core\Request::execute - Setting main Request
INFO - 2017-06-15 17:09:09 --> Fuel\Core\Request::__construct - Creating a new main Request with URI = "mypage"
INFO - 2017-06-15 17:09:09 --> Fuel\Core\Request::execute - Called
INFO - 2017-06-15 17:09:09 --> Fuel\Core\Request::execute - Setting main Request
INFO - 2017-06-15 17:09:30 --> Fuel\Core\Request::__construct - Creating a new main Request with URI = "mypage"
INFO - 2017-06-15 17:09:30 --> Fuel\Core\Request::execute - Called
INFO - 2017-06-15 17:09:30 --> Fuel\Core\Request::execute - Setting main Request
INFO - 2017-06-15 17:11:57 --> Fuel\Core\Request::__construct - Creating a new main Request with URI = "mypage"
INFO - 2017-06-15 17:11:57 --> Fuel\Core\Request::execute - Called
INFO - 2017-06-15 17:11:57 --> Fuel\Core\Request::execute - Setting main Request
ERROR - 2017-06-15 17:11:57 --> Fatal Error - Class 'Model\Model_User' not found in /vagrant/magicalidol/fuel/app/classes/controller/mypage.php on line 21
INFO - 2017-06-15 17:12:12 --> Fuel\Core\Request::__construct - Creating a new main Request with URI = "mypage"
INFO - 2017-06-15 17:12:12 --> Fuel\Core\Request::execute - Called
INFO - 2017-06-15 17:12:12 --> Fuel\Core\Request::execute - Setting main Request
INFO - 2017-06-15 17:12:24 --> Fuel\Core\Request::__construct - Creating a new main Request with URI = "mypage"
INFO - 2017-06-15 17:12:24 --> Fuel\Core\Request::execute - Called
INFO - 2017-06-15 17:12:24 --> Fuel\Core\Request::execute - Setting main Request
ERROR - 2017-06-15 17:13:24 --> Error - No MySQLi Connection<br>\nmysqli::mysqli(): (HY000/2002): 接続がタイムアウトしました<br>
hostname:mysql300.db.sakura.ne.jp<br>
username:esmile-sys<br>
password:esmile00<br>
database:esmile-sys_magicalidol<br>
port:3306<br>
 in /vagrant/magicalidol/fuel/core/classes/database/mysqli/connection.php on line 136
