<?php defined('COREPATH') or exit('No direct script access allowed'); ?>

INFO - 2017-06-16 10:23:12 --> Fuel\Core\Request::__construct - Creating a new main Request with URI = ""
INFO - 2017-06-16 10:23:12 --> Fuel\Core\Request::execute - Called
INFO - 2017-06-16 10:23:12 --> Fuel\Core\Request::execute - Setting main Request
INFO - 2017-06-16 10:23:14 --> Fuel\Core\Request::__construct - Creating a new main Request with URI = "home"
INFO - 2017-06-16 10:23:14 --> Fuel\Core\Request::execute - Called
INFO - 2017-06-16 10:23:14 --> Fuel\Core\Request::execute - Setting main Request
INFO - 2017-06-16 10:23:17 --> Fuel\Core\Request::__construct - Creating a new main Request with URI = "mypage"
INFO - 2017-06-16 10:23:17 --> Fuel\Core\Request::execute - Called
INFO - 2017-06-16 10:23:17 --> Fuel\Core\Request::execute - Setting main Request
ERROR - 2017-06-16 10:23:17 --> Error - Could not find asset: img1.png in /home/esmile-sys/www/magicalidol/fuel/core/classes/asset/instance.php on line 258
INFO - 2017-06-16 10:34:09 --> Fuel\Core\Request::__construct - Creating a new main Request with URI = "mypage"
INFO - 2017-06-16 10:34:09 --> Fuel\Core\Request::execute - Called
INFO - 2017-06-16 10:34:09 --> Fuel\Core\Request::execute - Setting main Request
ERROR - 2017-06-16 10:34:09 --> 1062 - Duplicate entry '2' for key 'PRIMARY' [ INSERT INTO `user` (`id`, `name`) VALUES (2, 'user2') ] in /home/esmile-sys/www/magicalidol/fuel/core/classes/database/mysqli/connection.php on line 278
INFO - 2017-06-16 10:35:56 --> Fuel\Core\Request::__construct - Creating a new main Request with URI = "mypage"
INFO - 2017-06-16 10:35:56 --> Fuel\Core\Request::execute - Called
INFO - 2017-06-16 10:35:56 --> Fuel\Core\Request::execute - Setting main Request
ERROR - 2017-06-16 10:35:56 --> 1062 - Duplicate entry '2' for key 'PRIMARY' [ INSERT INTO `user` (`id`, `name`) VALUES (2, 'user2') ] in /home/esmile-sys/www/magicalidol/fuel/core/classes/database/mysqli/connection.php on line 278
INFO - 2017-06-16 10:50:57 --> Fuel\Core\Request::__construct - Creating a new main Request with URI = "mypage"
INFO - 2017-06-16 10:50:57 --> Fuel\Core\Request::execute - Called
INFO - 2017-06-16 10:50:57 --> Fuel\Core\Request::execute - Setting main Request
INFO - 2017-06-16 10:50:59 --> Fuel\Core\Request::__construct - Creating a new main Request with URI = "mypage"
INFO - 2017-06-16 10:50:59 --> Fuel\Core\Request::execute - Called
INFO - 2017-06-16 10:50:59 --> Fuel\Core\Request::execute - Setting main Request
ERROR - 2017-06-16 10:50:59 --> 1062 - Duplicate entry '3' for key 'PRIMARY' [ INSERT INTO `user` (`id`, `name`) VALUES (3, 'user3') ] in /home/esmile-sys/www/magicalidol/fuel/core/classes/database/mysqli/connection.php on line 278
INFO - 2017-06-16 11:00:16 --> Fuel\Core\Request::__construct - Creating a new main Request with URI = "home"
INFO - 2017-06-16 11:00:16 --> Fuel\Core\Request::execute - Called
INFO - 2017-06-16 11:00:16 --> Fuel\Core\Request::execute - Setting main Request
INFO - 2017-06-16 11:00:17 --> Fuel\Core\Request::__construct - Creating a new main Request with URI = "mypage"
INFO - 2017-06-16 11:00:17 --> Fuel\Core\Request::execute - Called
INFO - 2017-06-16 11:00:17 --> Fuel\Core\Request::execute - Setting main Request
INFO - 2017-06-16 11:00:18 --> Fuel\Core\Request::__construct - Creating a new main Request with URI = "mypage"
INFO - 2017-06-16 11:00:18 --> Fuel\Core\Request::execute - Called
INFO - 2017-06-16 11:00:18 --> Fuel\Core\Request::execute - Setting main Request
INFO - 2017-06-16 11:09:14 --> Fuel\Core\Request::__construct - Creating a new main Request with URI = "home"
INFO - 2017-06-16 11:09:14 --> Fuel\Core\Request::execute - Called
INFO - 2017-06-16 11:09:14 --> Fuel\Core\Request::execute - Setting main Request
INFO - 2017-06-16 11:09:15 --> Fuel\Core\Request::__construct - Creating a new main Request with URI = "mypage"
INFO - 2017-06-16 11:09:15 --> Fuel\Core\Request::execute - Called
INFO - 2017-06-16 11:09:15 --> Fuel\Core\Request::execute - Setting main Request
ERROR - 2017-06-16 11:09:15 --> Parsing Error - syntax error, unexpected 'var_dump' (T_STRING), expecting function (T_FUNCTION) in /home/esmile-sys/www/magicalidol/fuel/app/classes/model/user.php on line 17
INFO - 2017-06-16 11:10:06 --> Fuel\Core\Request::__construct - Creating a new main Request with URI = "mypage"
INFO - 2017-06-16 11:10:06 --> Fuel\Core\Request::execute - Called
INFO - 2017-06-16 11:10:06 --> Fuel\Core\Request::execute - Setting main Request
ERROR - 2017-06-16 11:10:06 --> Parsing Error - syntax error, unexpected 'funciton' (T_STRING), expecting variable (T_VARIABLE) in /home/esmile-sys/www/magicalidol/fuel/app/classes/model/user.php on line 17
INFO - 2017-06-16 11:10:08 --> Fuel\Core\Request::__construct - Creating a new main Request with URI = "mypage"
INFO - 2017-06-16 11:10:08 --> Fuel\Core\Request::execute - Called
INFO - 2017-06-16 11:10:08 --> Fuel\Core\Request::execute - Setting main Request
ERROR - 2017-06-16 11:10:08 --> Parsing Error - syntax error, unexpected 'funciton' (T_STRING), expecting variable (T_VARIABLE) in /home/esmile-sys/www/magicalidol/fuel/app/classes/model/user.php on line 17
INFO - 2017-06-16 11:10:22 --> Fuel\Core\Request::__construct - Creating a new main Request with URI = "mypage"
INFO - 2017-06-16 11:10:22 --> Fuel\Core\Request::execute - Called
INFO - 2017-06-16 11:10:22 --> Fuel\Core\Request::execute - Setting main Request
ERROR - 2017-06-16 11:10:22 --> Notice - Undefined variable: _table_name in /home/esmile-sys/www/magicalidol/fuel/app/classes/model/user.php on line 18
INFO - 2017-06-16 11:10:45 --> Fuel\Core\Request::__construct - Creating a new main Request with URI = "mypage"
INFO - 2017-06-16 11:10:45 --> Fuel\Core\Request::execute - Called
INFO - 2017-06-16 11:10:45 --> Fuel\Core\Request::execute - Setting main Request
ERROR - 2017-06-16 11:10:45 --> Error - Property "_table_name" not found for Model_User. in /home/esmile-sys/www/magicalidol/fuel/packages/orm/classes/model.php on line 1134
INFO - 2017-06-16 11:11:24 --> Fuel\Core\Request::__construct - Creating a new main Request with URI = "mypage"
INFO - 2017-06-16 11:11:24 --> Fuel\Core\Request::execute - Called
INFO - 2017-06-16 11:11:24 --> Fuel\Core\Request::execute - Setting main Request
ERROR - 2017-06-16 11:11:24 --> 1062 - Duplicate entry '3' for key 'PRIMARY' [ INSERT INTO `user` (`id`, `name`) VALUES (3, 'user3') ] in /home/esmile-sys/www/magicalidol/fuel/core/classes/database/mysqli/connection.php on line 278
INFO - 2017-06-16 11:15:27 --> Fuel\Core\Request::__construct - Creating a new main Request with URI = "mypage"
INFO - 2017-06-16 11:15:27 --> Fuel\Core\Request::execute - Called
INFO - 2017-06-16 11:15:27 --> Fuel\Core\Request::execute - Setting main Request
ERROR - 2017-06-16 11:15:27 --> Error - Listing columns failed, you have to set the model properties with a static $_properties setting in the model. Original exception: Table 'esmile-sys_magicalidol.basegames' doesn't exist [ SHOW FULL COLUMNS FROM `basegames` ] in /home/esmile-sys/www/magicalidol/fuel/packages/orm/classes/model.php on line 305
INFO - 2017-06-16 11:18:48 --> Fuel\Core\Request::__construct - Creating a new main Request with URI = "mypage"
INFO - 2017-06-16 11:18:48 --> Fuel\Core\Request::execute - Called
INFO - 2017-06-16 11:18:48 --> Fuel\Core\Request::execute - Setting main Request
ERROR - 2017-06-16 11:18:48 --> Error - Listing columns failed, you have to set the model properties with a static $_properties setting in the model. Original exception: Table 'esmile-sys_magicalidol.basegames' doesn't exist [ SHOW FULL COLUMNS FROM `basegames` ] in /home/esmile-sys/www/magicalidol/fuel/packages/orm/classes/model.php on line 305
INFO - 2017-06-16 11:18:49 --> Fuel\Core\Request::__construct - Creating a new main Request with URI = "mypage"
INFO - 2017-06-16 11:18:49 --> Fuel\Core\Request::execute - Called
INFO - 2017-06-16 11:18:49 --> Fuel\Core\Request::execute - Setting main Request
ERROR - 2017-06-16 11:18:49 --> Error - Listing columns failed, you have to set the model properties with a static $_properties setting in the model. Original exception: Table 'esmile-sys_magicalidol.basegames' doesn't exist [ SHOW FULL COLUMNS FROM `basegames` ] in /home/esmile-sys/www/magicalidol/fuel/packages/orm/classes/model.php on line 305
INFO - 2017-06-16 11:18:51 --> Fuel\Core\Request::__construct - Creating a new main Request with URI = "mypage"
INFO - 2017-06-16 11:18:51 --> Fuel\Core\Request::execute - Called
INFO - 2017-06-16 11:18:51 --> Fuel\Core\Request::execute - Setting main Request
ERROR - 2017-06-16 11:18:51 --> Error - Listing columns failed, you have to set the model properties with a static $_properties setting in the model. Original exception: Table 'esmile-sys_magicalidol.basegames' doesn't exist [ SHOW FULL COLUMNS FROM `basegames` ] in /home/esmile-sys/www/magicalidol/fuel/packages/orm/classes/model.php on line 305
INFO - 2017-06-16 11:18:55 --> Fuel\Core\Request::__construct - Creating a new main Request with URI = "mypage"
INFO - 2017-06-16 11:18:55 --> Fuel\Core\Request::execute - Called
INFO - 2017-06-16 11:18:55 --> Fuel\Core\Request::execute - Setting main Request
ERROR - 2017-06-16 11:18:55 --> Error - Listing columns failed, you have to set the model properties with a static $_properties setting in the model. Original exception: Table 'esmile-sys_magicalidol.basegames' doesn't exist [ SHOW FULL COLUMNS FROM `basegames` ] in /home/esmile-sys/www/magicalidol/fuel/packages/orm/classes/model.php on line 305
INFO - 2017-06-16 11:18:56 --> Fuel\Core\Request::__construct - Creating a new main Request with URI = "mypage"
INFO - 2017-06-16 11:18:56 --> Fuel\Core\Request::execute - Called
INFO - 2017-06-16 11:18:56 --> Fuel\Core\Request::execute - Setting main Request
ERROR - 2017-06-16 11:18:56 --> Error - Listing columns failed, you have to set the model properties with a static $_properties setting in the model. Original exception: Table 'esmile-sys_magicalidol.basegames' doesn't exist [ SHOW FULL COLUMNS FROM `basegames` ] in /home/esmile-sys/www/magicalidol/fuel/packages/orm/classes/model.php on line 305
INFO - 2017-06-16 11:19:53 --> Fuel\Core\Request::__construct - Creating a new main Request with URI = "mypage"
INFO - 2017-06-16 11:19:53 --> Fuel\Core\Request::execute - Called
INFO - 2017-06-16 11:19:53 --> Fuel\Core\Request::execute - Setting main Request
ERROR - 2017-06-16 11:19:53 --> Error - Listing columns failed, you have to set the model properties with a static $_properties setting in the model. Original exception: Table 'esmile-sys_magicalidol.basegames' doesn't exist [ SHOW FULL COLUMNS FROM `basegames` ] in /home/esmile-sys/www/magicalidol/fuel/packages/orm/classes/model.php on line 305
INFO - 2017-06-16 11:20:08 --> Fuel\Core\Request::__construct - Creating a new main Request with URI = "mypage"
INFO - 2017-06-16 11:20:08 --> Fuel\Core\Request::execute - Called
INFO - 2017-06-16 11:20:08 --> Fuel\Core\Request::execute - Setting main Request
INFO - 2017-06-16 11:21:55 --> Fuel\Core\Request::__construct - Creating a new main Request with URI = "mypage"
INFO - 2017-06-16 11:21:55 --> Fuel\Core\Request::execute - Called
INFO - 2017-06-16 11:21:55 --> Fuel\Core\Request::execute - Setting main Request
ERROR - 2017-06-16 11:21:55 --> Error - Listing columns failed, you have to set the model properties with a static $_properties setting in the model. Original exception: Table 'esmile-sys_magicalidol.basegames' doesn't exist [ SHOW FULL COLUMNS FROM `basegames` ] in /home/esmile-sys/www/magicalidol/fuel/packages/orm/classes/model.php on line 305
INFO - 2017-06-16 11:26:35 --> Fuel\Core\Request::__construct - Creating a new main Request with URI = "mypage"
INFO - 2017-06-16 11:26:35 --> Fuel\Core\Request::execute - Called
INFO - 2017-06-16 11:26:35 --> Fuel\Core\Request::execute - Setting main Request
ERROR - 2017-06-16 11:26:36 --> Error - Listing columns failed, you have to set the model properties with a static $_properties setting in the model. Original exception: Table 'esmile-sys_magicalidol.basegames' doesn't exist [ SHOW FULL COLUMNS FROM `basegames` ] in /home/esmile-sys/www/magicalidol/fuel/packages/orm/classes/model.php on line 305
INFO - 2017-06-16 11:26:45 --> Fuel\Core\Request::__construct - Creating a new main Request with URI = "mypage"
INFO - 2017-06-16 11:26:45 --> Fuel\Core\Request::execute - Called
INFO - 2017-06-16 11:26:45 --> Fuel\Core\Request::execute - Setting main Request
INFO - 2017-06-16 11:29:34 --> Fuel\Core\Request::__construct - Creating a new main Request with URI = "mypage"
INFO - 2017-06-16 11:29:34 --> Fuel\Core\Request::execute - Called
INFO - 2017-06-16 11:29:34 --> Fuel\Core\Request::execute - Setting main Request
INFO - 2017-06-16 11:30:03 --> Fuel\Core\Request::__construct - Creating a new main Request with URI = "mypage"
INFO - 2017-06-16 11:30:03 --> Fuel\Core\Request::execute - Called
INFO - 2017-06-16 11:30:03 --> Fuel\Core\Request::execute - Setting main Request
INFO - 2017-06-16 11:38:08 --> Fuel\Core\Request::__construct - Creating a new main Request with URI = "mypage"
INFO - 2017-06-16 11:38:08 --> Fuel\Core\Request::execute - Called
INFO - 2017-06-16 11:38:08 --> Fuel\Core\Request::execute - Setting main Request
INFO - 2017-06-16 11:38:29 --> Fuel\Core\Request::__construct - Creating a new main Request with URI = "mypage"
INFO - 2017-06-16 11:38:29 --> Fuel\Core\Request::execute - Called
INFO - 2017-06-16 11:38:29 --> Fuel\Core\Request::execute - Setting main Request
INFO - 2017-06-16 11:40:16 --> Fuel\Core\Request::__construct - Creating a new main Request with URI = "mypage"
INFO - 2017-06-16 11:40:16 --> Fuel\Core\Request::execute - Called
INFO - 2017-06-16 11:40:16 --> Fuel\Core\Request::execute - Setting main Request
INFO - 2017-06-16 11:40:17 --> Fuel\Core\Request::__construct - Creating a new main Request with URI = "mypage"
INFO - 2017-06-16 11:40:17 --> Fuel\Core\Request::execute - Called
INFO - 2017-06-16 11:40:17 --> Fuel\Core\Request::execute - Setting main Request
INFO - 2017-06-16 11:40:18 --> Fuel\Core\Request::__construct - Creating a new main Request with URI = "mypage"
INFO - 2017-06-16 11:40:18 --> Fuel\Core\Request::execute - Called
INFO - 2017-06-16 11:40:18 --> Fuel\Core\Request::execute - Setting main Request
INFO - 2017-06-16 11:40:19 --> Fuel\Core\Request::__construct - Creating a new main Request with URI = "mypage"
INFO - 2017-06-16 11:40:19 --> Fuel\Core\Request::execute - Called
INFO - 2017-06-16 11:40:19 --> Fuel\Core\Request::execute - Setting main Request
INFO - 2017-06-16 11:40:19 --> Fuel\Core\Request::__construct - Creating a new main Request with URI = "mypage"
INFO - 2017-06-16 11:40:19 --> Fuel\Core\Request::execute - Called
INFO - 2017-06-16 11:40:19 --> Fuel\Core\Request::execute - Setting main Request
INFO - 2017-06-16 11:40:19 --> Fuel\Core\Request::__construct - Creating a new main Request with URI = "mypage"
INFO - 2017-06-16 11:40:19 --> Fuel\Core\Request::execute - Called
INFO - 2017-06-16 11:40:19 --> Fuel\Core\Request::execute - Setting main Request
INFO - 2017-06-16 11:40:20 --> Fuel\Core\Request::__construct - Creating a new main Request with URI = "mypage"
INFO - 2017-06-16 11:40:20 --> Fuel\Core\Request::execute - Called
INFO - 2017-06-16 11:40:20 --> Fuel\Core\Request::execute - Setting main Request
INFO - 2017-06-16 11:40:21 --> Fuel\Core\Request::__construct - Creating a new main Request with URI = "mypage"
INFO - 2017-06-16 11:40:21 --> Fuel\Core\Request::execute - Called
INFO - 2017-06-16 11:40:21 --> Fuel\Core\Request::execute - Setting main Request
INFO - 2017-06-16 11:40:33 --> Fuel\Core\Request::__construct - Creating a new main Request with URI = "mypage"
INFO - 2017-06-16 11:40:33 --> Fuel\Core\Request::execute - Called
INFO - 2017-06-16 11:40:33 --> Fuel\Core\Request::execute - Setting main Request
INFO - 2017-06-16 11:40:35 --> Fuel\Core\Request::__construct - Creating a new main Request with URI = "mypage"
INFO - 2017-06-16 11:40:36 --> Fuel\Core\Request::execute - Called
INFO - 2017-06-16 11:40:36 --> Fuel\Core\Request::execute - Setting main Request
INFO - 2017-06-16 11:40:36 --> Fuel\Core\Request::__construct - Creating a new main Request with URI = "mypage"
INFO - 2017-06-16 11:40:36 --> Fuel\Core\Request::execute - Called
INFO - 2017-06-16 11:40:36 --> Fuel\Core\Request::execute - Setting main Request
INFO - 2017-06-16 11:41:01 --> Fuel\Core\Request::__construct - Creating a new main Request with URI = "mypage"
INFO - 2017-06-16 11:41:01 --> Fuel\Core\Request::execute - Called
INFO - 2017-06-16 11:41:01 --> Fuel\Core\Request::execute - Setting main Request
INFO - 2017-06-16 11:43:20 --> Fuel\Core\Request::__construct - Creating a new main Request with URI = "mypage"
INFO - 2017-06-16 11:43:20 --> Fuel\Core\Request::execute - Called
INFO - 2017-06-16 11:43:20 --> Fuel\Core\Request::execute - Setting main Request
ERROR - 2017-06-16 11:43:20 --> Fatal Error - Call to undefined method Orm\Query::from() in /home/esmile-sys/www/magicalidol/fuel/app/classes/controller/mypage.php on line 24
INFO - 2017-06-16 11:43:30 --> Fuel\Core\Request::__construct - Creating a new main Request with URI = "mypage"
INFO - 2017-06-16 11:43:30 --> Fuel\Core\Request::execute - Called
INFO - 2017-06-16 11:43:30 --> Fuel\Core\Request::execute - Setting main Request
INFO - 2017-06-16 11:45:36 --> Fuel\Core\Request::__construct - Creating a new main Request with URI = "mypage"
INFO - 2017-06-16 11:45:36 --> Fuel\Core\Request::execute - Called
INFO - 2017-06-16 11:45:36 --> Fuel\Core\Request::execute - Setting main Request
INFO - 2017-06-16 11:48:27 --> Fuel\Core\Request::__construct - Creating a new main Request with URI = "mypage"
INFO - 2017-06-16 11:48:27 --> Fuel\Core\Request::execute - Called
INFO - 2017-06-16 11:48:27 --> Fuel\Core\Request::execute - Setting main Request
INFO - 2017-06-16 11:48:34 --> Fuel\Core\Request::__construct - Creating a new main Request with URI = "mypage"
INFO - 2017-06-16 11:48:34 --> Fuel\Core\Request::execute - Called
INFO - 2017-06-16 11:48:34 --> Fuel\Core\Request::execute - Setting main Request
INFO - 2017-06-16 11:48:42 --> Fuel\Core\Request::__construct - Creating a new main Request with URI = "mypage"
INFO - 2017-06-16 11:48:42 --> Fuel\Core\Request::execute - Called
INFO - 2017-06-16 11:48:42 --> Fuel\Core\Request::execute - Setting main Request
INFO - 2017-06-16 11:48:43 --> Fuel\Core\Request::__construct - Creating a new main Request with URI = "mypage"
INFO - 2017-06-16 11:48:43 --> Fuel\Core\Request::execute - Called
INFO - 2017-06-16 11:48:43 --> Fuel\Core\Request::execute - Setting main Request
INFO - 2017-06-16 11:48:43 --> Fuel\Core\Request::__construct - Creating a new main Request with URI = "mypage"
INFO - 2017-06-16 11:48:43 --> Fuel\Core\Request::execute - Called
INFO - 2017-06-16 11:48:43 --> Fuel\Core\Request::execute - Setting main Request
INFO - 2017-06-16 11:49:07 --> Fuel\Core\Request::__construct - Creating a new main Request with URI = "mypage"
INFO - 2017-06-16 11:49:07 --> Fuel\Core\Request::execute - Called
INFO - 2017-06-16 11:49:07 --> Fuel\Core\Request::execute - Setting main Request
ERROR - 2017-06-16 11:49:07 --> 1054 - Unknown column 'user' in 'where clause' [ SELECT * FROM `user` WHERE `user` = user3 ] in /home/esmile-sys/www/magicalidol/fuel/core/classes/database/mysqli/connection.php on line 278
INFO - 2017-06-16 11:49:29 --> Fuel\Core\Request::__construct - Creating a new main Request with URI = "mypage"
INFO - 2017-06-16 11:49:29 --> Fuel\Core\Request::execute - Called
INFO - 2017-06-16 11:49:29 --> Fuel\Core\Request::execute - Setting main Request
ERROR - 2017-06-16 11:49:29 --> 1054 - Unknown column 'user' in 'where clause' [ SELECT * FROM `user` WHERE `user` = `user3` ] in /home/esmile-sys/www/magicalidol/fuel/core/classes/database/mysqli/connection.php on line 278
INFO - 2017-06-16 11:51:43 --> Fuel\Core\Request::__construct - Creating a new main Request with URI = "mypage"
INFO - 2017-06-16 11:51:43 --> Fuel\Core\Request::execute - Called
INFO - 2017-06-16 11:51:43 --> Fuel\Core\Request::execute - Setting main Request
ERROR - 2017-06-16 11:51:43 --> 1054 - Unknown column 'user3' in 'where clause' [ SELECT * FROM `user` WHERE `name` = user3 ] in /home/esmile-sys/www/magicalidol/fuel/core/classes/database/mysqli/connection.php on line 278
INFO - 2017-06-16 11:51:53 --> Fuel\Core\Request::__construct - Creating a new main Request with URI = "mypage"
INFO - 2017-06-16 11:51:53 --> Fuel\Core\Request::execute - Called
INFO - 2017-06-16 11:51:53 --> Fuel\Core\Request::execute - Setting main Request
ERROR - 2017-06-16 11:51:53 --> 1054 - Unknown column 'user3' in 'where clause' [ SELECT * FROM `user` WHERE `name` = `user3` ] in /home/esmile-sys/www/magicalidol/fuel/core/classes/database/mysqli/connection.php on line 278
INFO - 2017-06-16 11:52:08 --> Fuel\Core\Request::__construct - Creating a new main Request with URI = "mypage"
INFO - 2017-06-16 11:52:08 --> Fuel\Core\Request::execute - Called
INFO - 2017-06-16 11:52:08 --> Fuel\Core\Request::execute - Setting main Request
INFO - 2017-06-16 11:52:16 --> Fuel\Core\Request::__construct - Creating a new main Request with URI = "mypage"
INFO - 2017-06-16 11:52:16 --> Fuel\Core\Request::execute - Called
INFO - 2017-06-16 11:52:16 --> Fuel\Core\Request::execute - Setting main Request
INFO - 2017-06-16 11:52:30 --> Fuel\Core\Request::__construct - Creating a new main Request with URI = "mypage"
INFO - 2017-06-16 11:52:30 --> Fuel\Core\Request::execute - Called
INFO - 2017-06-16 11:52:30 --> Fuel\Core\Request::execute - Setting main Request
INFO - 2017-06-16 11:55:44 --> Fuel\Core\Request::__construct - Creating a new main Request with URI = "mypage"
INFO - 2017-06-16 11:55:44 --> Fuel\Core\Request::execute - Called
INFO - 2017-06-16 11:55:44 --> Fuel\Core\Request::execute - Setting main Request
ERROR - 2017-06-16 11:55:44 --> Error - Listing columns failed, you have to set the model properties with a static $_properties setting in the model. Original exception: Table 'esmile-sys_magicalidol.basegames' doesn't exist [ SHOW FULL COLUMNS FROM `basegames` ] in /home/esmile-sys/www/magicalidol/fuel/packages/orm/classes/model.php on line 305
INFO - 2017-06-16 11:56:05 --> Fuel\Core\Request::__construct - Creating a new main Request with URI = "mypage"
INFO - 2017-06-16 11:56:05 --> Fuel\Core\Request::execute - Called
INFO - 2017-06-16 11:56:05 --> Fuel\Core\Request::execute - Setting main Request
ERROR - 2017-06-16 11:56:05 --> Error - Listing columns failed, you have to set the model properties with a static $_properties setting in the model. Original exception: Table 'esmile-sys_magicalidol.basegames' doesn't exist [ SHOW FULL COLUMNS FROM `basegames` ] in /home/esmile-sys/www/magicalidol/fuel/packages/orm/classes/model.php on line 305
INFO - 2017-06-16 11:56:06 --> Fuel\Core\Request::__construct - Creating a new main Request with URI = "mypage"
INFO - 2017-06-16 11:56:06 --> Fuel\Core\Request::execute - Called
INFO - 2017-06-16 11:56:06 --> Fuel\Core\Request::execute - Setting main Request
ERROR - 2017-06-16 11:56:06 --> Error - Listing columns failed, you have to set the model properties with a static $_properties setting in the model. Original exception: Table 'esmile-sys_magicalidol.basegames' doesn't exist [ SHOW FULL COLUMNS FROM `basegames` ] in /home/esmile-sys/www/magicalidol/fuel/packages/orm/classes/model.php on line 305
INFO - 2017-06-16 11:56:49 --> Fuel\Core\Request::__construct - Creating a new main Request with URI = "mypage"
INFO - 2017-06-16 11:56:49 --> Fuel\Core\Request::execute - Called
INFO - 2017-06-16 11:56:49 --> Fuel\Core\Request::execute - Setting main Request
INFO - 2017-06-16 11:57:17 --> Fuel\Core\Request::__construct - Creating a new main Request with URI = "mypage"
INFO - 2017-06-16 11:57:17 --> Fuel\Core\Request::execute - Called
INFO - 2017-06-16 11:57:17 --> Fuel\Core\Request::execute - Setting main Request
ERROR - 2017-06-16 11:57:17 --> Error - Listing columns failed, you have to set the model properties with a static $_properties setting in the model. Original exception: Table 'esmile-sys_magicalidol.basegames' doesn't exist [ SHOW FULL COLUMNS FROM `basegames` ] in /home/esmile-sys/www/magicalidol/fuel/packages/orm/classes/model.php on line 305
INFO - 2017-06-16 11:58:04 --> Fuel\Core\Request::__construct - Creating a new main Request with URI = "mypage"
INFO - 2017-06-16 11:58:04 --> Fuel\Core\Request::execute - Called
INFO - 2017-06-16 11:58:04 --> Fuel\Core\Request::execute - Setting main Request
ERROR - 2017-06-16 11:58:04 --> Notice - Undefined property: Controller_Mypage::$Model in /home/esmile-sys/www/magicalidol/fuel/app/classes/controller/mypage.php on line 11
INFO - 2017-06-16 11:58:29 --> Fuel\Core\Request::__construct - Creating a new main Request with URI = "mypage"
INFO - 2017-06-16 11:58:29 --> Fuel\Core\Request::execute - Called
INFO - 2017-06-16 11:58:29 --> Fuel\Core\Request::execute - Setting main Request
ERROR - 2017-06-16 11:58:29 --> Runtime Recoverable error - Argument 1 passed to Orm\Model::__construct() must be of the type array, null given, called in /home/esmile-sys/www/magicalidol/fuel/app/classes/model/basegame.php on line 16 and defined in /home/esmile-sys/www/magicalidol/fuel/packages/orm/classes/model.php on line 784
INFO - 2017-06-16 11:58:48 --> Fuel\Core\Request::__construct - Creating a new main Request with URI = "mypage"
INFO - 2017-06-16 11:58:48 --> Fuel\Core\Request::execute - Called
INFO - 2017-06-16 11:58:48 --> Fuel\Core\Request::execute - Setting main Request
ERROR - 2017-06-16 11:58:48 --> Error - Listing columns failed, you have to set the model properties with a static $_properties setting in the model. Original exception: Table 'esmile-sys_magicalidol.basegames' doesn't exist [ SHOW FULL COLUMNS FROM `basegames` ] in /home/esmile-sys/www/magicalidol/fuel/packages/orm/classes/model.php on line 305
INFO - 2017-06-16 11:59:14 --> Fuel\Core\Request::__construct - Creating a new main Request with URI = "mypage"
INFO - 2017-06-16 11:59:14 --> Fuel\Core\Request::execute - Called
INFO - 2017-06-16 11:59:14 --> Fuel\Core\Request::execute - Setting main Request
ERROR - 2017-06-16 11:59:14 --> Fatal Error - Class 'Model\Model' not found in /home/esmile-sys/www/magicalidol/fuel/app/classes/model/basegame.php on line 5
INFO - 2017-06-16 11:59:22 --> Fuel\Core\Request::__construct - Creating a new main Request with URI = "mypage"
INFO - 2017-06-16 11:59:22 --> Fuel\Core\Request::execute - Called
INFO - 2017-06-16 11:59:22 --> Fuel\Core\Request::execute - Setting main Request
ERROR - 2017-06-16 11:59:22 --> Fatal Error - Class 'Model_Basegame' not found in /home/esmile-sys/www/magicalidol/fuel/app/classes/controller/basegame.php on line 10
INFO - 2017-06-16 11:59:23 --> Fuel\Core\Request::__construct - Creating a new main Request with URI = "mypage"
INFO - 2017-06-16 11:59:23 --> Fuel\Core\Request::execute - Called
INFO - 2017-06-16 11:59:23 --> Fuel\Core\Request::execute - Setting main Request
ERROR - 2017-06-16 11:59:23 --> Fatal Error - Class 'Model_Basegame' not found in /home/esmile-sys/www/magicalidol/fuel/app/classes/controller/basegame.php on line 10
INFO - 2017-06-16 12:00:10 --> Fuel\Core\Request::__construct - Creating a new main Request with URI = "mypage"
INFO - 2017-06-16 12:00:10 --> Fuel\Core\Request::execute - Called
INFO - 2017-06-16 12:00:10 --> Fuel\Core\Request::execute - Setting main Request
ERROR - 2017-06-16 12:00:10 --> Error - Listing columns failed, you have to set the model properties with a static $_properties setting in the model. Original exception: Table 'esmile-sys_magicalidol.basegames' doesn't exist [ SHOW FULL COLUMNS FROM `basegames` ] in /home/esmile-sys/www/magicalidol/fuel/packages/orm/classes/model.php on line 305
INFO - 2017-06-16 12:00:24 --> Fuel\Core\Request::__construct - Creating a new main Request with URI = "mypage"
INFO - 2017-06-16 12:00:24 --> Fuel\Core\Request::execute - Called
INFO - 2017-06-16 12:00:24 --> Fuel\Core\Request::execute - Setting main Request
INFO - 2017-06-16 12:01:41 --> Fuel\Core\Request::__construct - Creating a new main Request with URI = "mypage"
ERROR - 2017-06-16 12:01:41 --> Parsing Error - syntax error, unexpected '*' in /home/esmile-sys/www/magicalidol/fuel/app/classes/controller/basegame.php on line 38
INFO - 2017-06-16 12:01:58 --> Fuel\Core\Request::__construct - Creating a new main Request with URI = "mypage"
INFO - 2017-06-16 12:01:58 --> Fuel\Core\Request::execute - Called
INFO - 2017-06-16 12:01:58 --> Fuel\Core\Request::execute - Setting main Request
ERROR - 2017-06-16 12:01:58 --> Error - Listing columns failed, you have to set the model properties with a static $_properties setting in the model. Original exception: Table 'esmile-sys_magicalidol.basegames' doesn't exist [ SHOW FULL COLUMNS FROM `basegames` ] in /home/esmile-sys/www/magicalidol/fuel/packages/orm/classes/model.php on line 305
INFO - 2017-06-16 12:02:00 --> Fuel\Core\Request::__construct - Creating a new main Request with URI = "mypage"
INFO - 2017-06-16 12:02:00 --> Fuel\Core\Request::execute - Called
INFO - 2017-06-16 12:02:00 --> Fuel\Core\Request::execute - Setting main Request
ERROR - 2017-06-16 12:02:00 --> Error - Listing columns failed, you have to set the model properties with a static $_properties setting in the model. Original exception: Table 'esmile-sys_magicalidol.basegames' doesn't exist [ SHOW FULL COLUMNS FROM `basegames` ] in /home/esmile-sys/www/magicalidol/fuel/packages/orm/classes/model.php on line 305
INFO - 2017-06-16 12:02:01 --> Fuel\Core\Request::__construct - Creating a new main Request with URI = "mypage"
INFO - 2017-06-16 12:02:01 --> Fuel\Core\Request::execute - Called
INFO - 2017-06-16 12:02:01 --> Fuel\Core\Request::execute - Setting main Request
ERROR - 2017-06-16 12:02:01 --> Error - Listing columns failed, you have to set the model properties with a static $_properties setting in the model. Original exception: Table 'esmile-sys_magicalidol.basegames' doesn't exist [ SHOW FULL COLUMNS FROM `basegames` ] in /home/esmile-sys/www/magicalidol/fuel/packages/orm/classes/model.php on line 305
INFO - 2017-06-16 12:06:20 --> Fuel\Core\Request::__construct - Creating a new main Request with URI = "mypage"
INFO - 2017-06-16 12:06:20 --> Fuel\Core\Request::execute - Called
INFO - 2017-06-16 12:06:20 --> Fuel\Core\Request::execute - Setting main Request
INFO - 2017-06-16 12:06:32 --> Fuel\Core\Request::__construct - Creating a new main Request with URI = "mypage"
INFO - 2017-06-16 12:06:32 --> Fuel\Core\Request::execute - Called
INFO - 2017-06-16 12:06:32 --> Fuel\Core\Request::execute - Setting main Request
INFO - 2017-06-16 12:07:15 --> Fuel\Core\Request::__construct - Creating a new main Request with URI = "mypage"
INFO - 2017-06-16 12:07:15 --> Fuel\Core\Request::execute - Called
INFO - 2017-06-16 12:07:15 --> Fuel\Core\Request::execute - Setting main Request
ERROR - 2017-06-16 12:07:15 --> Error - Listing columns failed, you have to set the model properties with a static $_properties setting in the model. Original exception: Table 'esmile-sys_magicalidol.basegames' doesn't exist [ SHOW FULL COLUMNS FROM `basegames` ] in /home/esmile-sys/www/magicalidol/fuel/packages/orm/classes/model.php on line 305
INFO - 2017-06-16 12:07:31 --> Fuel\Core\Request::__construct - Creating a new main Request with URI = "mypage"
INFO - 2017-06-16 12:07:31 --> Fuel\Core\Request::execute - Called
INFO - 2017-06-16 12:07:31 --> Fuel\Core\Request::execute - Setting main Request
ERROR - 2017-06-16 12:07:31 --> Error - Listing columns failed, you have to set the model properties with a static $_properties setting in the model. Original exception: Table 'esmile-sys_magicalidol.basegames' doesn't exist [ SHOW FULL COLUMNS FROM `basegames` ] in /home/esmile-sys/www/magicalidol/fuel/packages/orm/classes/model.php on line 305
INFO - 2017-06-16 12:07:38 --> Fuel\Core\Request::__construct - Creating a new main Request with URI = "mypage"
INFO - 2017-06-16 12:07:38 --> Fuel\Core\Request::execute - Called
INFO - 2017-06-16 12:07:38 --> Fuel\Core\Request::execute - Setting main Request
ERROR - 2017-06-16 12:07:38 --> Error - Listing columns failed, you have to set the model properties with a static $_properties setting in the model. Original exception: Table 'esmile-sys_magicalidol.basegames' doesn't exist [ SHOW FULL COLUMNS FROM `basegames` ] in /home/esmile-sys/www/magicalidol/fuel/packages/orm/classes/model.php on line 305
INFO - 2017-06-16 12:08:01 --> Fuel\Core\Request::__construct - Creating a new main Request with URI = "mypage"
INFO - 2017-06-16 12:08:01 --> Fuel\Core\Request::execute - Called
INFO - 2017-06-16 12:08:01 --> Fuel\Core\Request::execute - Setting main Request
ERROR - 2017-06-16 12:08:01 --> Error - Listing columns failed, you have to set the model properties with a static $_properties setting in the model. Original exception: Table 'esmile-sys_magicalidol.basegames' doesn't exist [ SHOW FULL COLUMNS FROM `basegames` ] in /home/esmile-sys/www/magicalidol/fuel/packages/orm/classes/model.php on line 305
INFO - 2017-06-16 12:08:02 --> Fuel\Core\Request::__construct - Creating a new main Request with URI = "mypage"
INFO - 2017-06-16 12:08:02 --> Fuel\Core\Request::execute - Called
INFO - 2017-06-16 12:08:02 --> Fuel\Core\Request::execute - Setting main Request
ERROR - 2017-06-16 12:08:02 --> Error - Listing columns failed, you have to set the model properties with a static $_properties setting in the model. Original exception: Table 'esmile-sys_magicalidol.basegames' doesn't exist [ SHOW FULL COLUMNS FROM `basegames` ] in /home/esmile-sys/www/magicalidol/fuel/packages/orm/classes/model.php on line 305
INFO - 2017-06-16 12:08:08 --> Fuel\Core\Request::__construct - Creating a new main Request with URI = "mypage"
INFO - 2017-06-16 12:08:08 --> Fuel\Core\Request::execute - Called
INFO - 2017-06-16 12:08:08 --> Fuel\Core\Request::execute - Setting main Request
ERROR - 2017-06-16 12:08:08 --> Error - Listing columns failed, you have to set the model properties with a static $_properties setting in the model. Original exception: Table 'esmile-sys_magicalidol.basegames' doesn't exist [ SHOW FULL COLUMNS FROM `basegames` ] in /home/esmile-sys/www/magicalidol/fuel/packages/orm/classes/model.php on line 305
INFO - 2017-06-16 12:08:16 --> Fuel\Core\Request::__construct - Creating a new main Request with URI = "mypage"
INFO - 2017-06-16 12:08:16 --> Fuel\Core\Request::execute - Called
INFO - 2017-06-16 12:08:16 --> Fuel\Core\Request::execute - Setting main Request
INFO - 2017-06-16 12:08:24 --> Fuel\Core\Request::__construct - Creating a new main Request with URI = "mypage"
INFO - 2017-06-16 12:08:24 --> Fuel\Core\Request::execute - Called
INFO - 2017-06-16 12:08:24 --> Fuel\Core\Request::execute - Setting main Request
ERROR - 2017-06-16 12:08:24 --> Error - Listing columns failed, you have to set the model properties with a static $_properties setting in the model. Original exception: Table 'esmile-sys_magicalidol.basegames' doesn't exist [ SHOW FULL COLUMNS FROM `basegames` ] in /home/esmile-sys/www/magicalidol/fuel/packages/orm/classes/model.php on line 305
INFO - 2017-06-16 12:08:25 --> Fuel\Core\Request::__construct - Creating a new main Request with URI = "mypage"
INFO - 2017-06-16 12:08:25 --> Fuel\Core\Request::execute - Called
INFO - 2017-06-16 12:08:25 --> Fuel\Core\Request::execute - Setting main Request
ERROR - 2017-06-16 12:08:25 --> Error - Listing columns failed, you have to set the model properties with a static $_properties setting in the model. Original exception: Table 'esmile-sys_magicalidol.basegames' doesn't exist [ SHOW FULL COLUMNS FROM `basegames` ] in /home/esmile-sys/www/magicalidol/fuel/packages/orm/classes/model.php on line 305
INFO - 2017-06-16 12:08:49 --> Fuel\Core\Request::__construct - Creating a new main Request with URI = "mypage"
INFO - 2017-06-16 12:08:49 --> Fuel\Core\Request::execute - Called
INFO - 2017-06-16 12:08:49 --> Fuel\Core\Request::execute - Setting main Request
INFO - 2017-06-16 12:09:18 --> Fuel\Core\Request::__construct - Creating a new main Request with URI = "mypage"
INFO - 2017-06-16 12:09:18 --> Fuel\Core\Request::execute - Called
INFO - 2017-06-16 12:09:18 --> Fuel\Core\Request::execute - Setting main Request
ERROR - 2017-06-16 12:09:18 --> Error - Listing columns failed, you have to set the model properties with a static $_properties setting in the model. Original exception: Table 'esmile-sys_magicalidol.basegames' doesn't exist [ SHOW FULL COLUMNS FROM `basegames` ] in /home/esmile-sys/www/magicalidol/fuel/packages/orm/classes/model.php on line 305
INFO - 2017-06-16 12:12:24 --> Fuel\Core\Request::__construct - Creating a new main Request with URI = "mypage"
INFO - 2017-06-16 12:12:24 --> Fuel\Core\Request::execute - Called
INFO - 2017-06-16 12:12:24 --> Fuel\Core\Request::execute - Setting main Request
ERROR - 2017-06-16 12:12:24 --> Error - Listing columns failed, you have to set the model properties with a static $_properties setting in the model. Original exception: Table 'esmile-sys_magicalidol.basegames' doesn't exist [ SHOW FULL COLUMNS FROM `basegames` ] in /home/esmile-sys/www/magicalidol/fuel/packages/orm/classes/model.php on line 305
INFO - 2017-06-16 12:12:27 --> Fuel\Core\Request::__construct - Creating a new main Request with URI = "mypage"
INFO - 2017-06-16 12:12:27 --> Fuel\Core\Request::execute - Called
INFO - 2017-06-16 12:12:27 --> Fuel\Core\Request::execute - Setting main Request
INFO - 2017-06-16 12:12:53 --> Fuel\Core\Request::__construct - Creating a new main Request with URI = "mypage"
INFO - 2017-06-16 12:12:54 --> Fuel\Core\Request::execute - Called
INFO - 2017-06-16 12:12:54 --> Fuel\Core\Request::execute - Setting main Request
ERROR - 2017-06-16 12:12:54 --> Parsing Error - syntax error, unexpected '/' in /home/esmile-sys/www/magicalidol/fuel/app/classes/model/basegame.php on line 16
INFO - 2017-06-16 12:13:06 --> Fuel\Core\Request::__construct - Creating a new main Request with URI = "mypage"
INFO - 2017-06-16 12:13:06 --> Fuel\Core\Request::execute - Called
INFO - 2017-06-16 12:13:06 --> Fuel\Core\Request::execute - Setting main Request
INFO - 2017-06-16 12:21:23 --> Fuel\Core\Request::__construct - Creating a new main Request with URI = ""
INFO - 2017-06-16 12:21:23 --> Fuel\Core\Request::execute - Called
INFO - 2017-06-16 12:21:23 --> Fuel\Core\Request::execute - Setting main Request
INFO - 2017-06-16 12:21:30 --> Fuel\Core\Request::__construct - Creating a new main Request with URI = "home"
INFO - 2017-06-16 12:21:30 --> Fuel\Core\Request::execute - Called
INFO - 2017-06-16 12:21:30 --> Fuel\Core\Request::execute - Setting main Request
INFO - 2017-06-16 12:21:46 --> Fuel\Core\Request::__construct - Creating a new main Request with URI = "home"
INFO - 2017-06-16 12:21:46 --> Fuel\Core\Request::execute - Called
INFO - 2017-06-16 12:21:46 --> Fuel\Core\Request::execute - Setting main Request
INFO - 2017-06-16 12:21:47 --> Fuel\Core\Request::__construct - Creating a new main Request with URI = "mypage"
INFO - 2017-06-16 12:21:47 --> Fuel\Core\Request::execute - Called
INFO - 2017-06-16 12:21:47 --> Fuel\Core\Request::execute - Setting main Request
INFO - 2017-06-16 12:25:51 --> Fuel\Core\Request::__construct - Creating a new main Request with URI = ""
INFO - 2017-06-16 12:25:51 --> Fuel\Core\Request::execute - Called
INFO - 2017-06-16 12:25:51 --> Fuel\Core\Request::execute - Setting main Request
INFO - 2017-06-16 12:25:52 --> Fuel\Core\Request::__construct - Creating a new main Request with URI = "home"
INFO - 2017-06-16 12:25:52 --> Fuel\Core\Request::execute - Called
INFO - 2017-06-16 12:25:52 --> Fuel\Core\Request::execute - Setting main Request
INFO - 2017-06-16 12:25:53 --> Fuel\Core\Request::__construct - Creating a new main Request with URI = "mypage"
INFO - 2017-06-16 12:25:53 --> Fuel\Core\Request::execute - Called
INFO - 2017-06-16 12:25:53 --> Fuel\Core\Request::execute - Setting main Request
INFO - 2017-06-16 12:26:18 --> Fuel\Core\Request::__construct - Creating a new main Request with URI = "mypage"
INFO - 2017-06-16 12:26:18 --> Fuel\Core\Request::execute - Called
INFO - 2017-06-16 12:26:18 --> Fuel\Core\Request::execute - Setting main Request
INFO - 2017-06-16 12:26:20 --> Fuel\Core\Request::__construct - Creating a new main Request with URI = "mypage"
INFO - 2017-06-16 12:26:20 --> Fuel\Core\Request::execute - Called
INFO - 2017-06-16 12:26:20 --> Fuel\Core\Request::execute - Setting main Request
INFO - 2017-06-16 12:26:50 --> Fuel\Core\Request::__construct - Creating a new main Request with URI = "mypage"
INFO - 2017-06-16 12:26:50 --> Fuel\Core\Request::execute - Called
INFO - 2017-06-16 12:26:50 --> Fuel\Core\Request::execute - Setting main Request
ERROR - 2017-06-16 12:26:50 --> Notice - Undefined property: Controller_Mypage::$Model in /home/esmile-sys/www/magicalidol/fuel/app/classes/controller/mypage.php on line 11
INFO - 2017-06-16 12:27:01 --> Fuel\Core\Request::__construct - Creating a new main Request with URI = "mypage"
INFO - 2017-06-16 12:27:01 --> Fuel\Core\Request::execute - Called
INFO - 2017-06-16 12:27:01 --> Fuel\Core\Request::execute - Setting main Request
ERROR - 2017-06-16 12:27:01 --> Error - Listing columns failed, you have to set the model properties with a static $_properties setting in the model. Original exception: Table 'esmile-sys_magicalidol.basegames' doesn't exist [ SHOW FULL COLUMNS FROM `basegames` ] in /home/esmile-sys/www/magicalidol/fuel/packages/orm/classes/model.php on line 305
INFO - 2017-06-16 12:28:41 --> Fuel\Core\Request::__construct - Creating a new main Request with URI = "mypage"
INFO - 2017-06-16 12:28:41 --> Fuel\Core\Request::execute - Called
INFO - 2017-06-16 12:28:41 --> Fuel\Core\Request::execute - Setting main Request
ERROR - 2017-06-16 12:28:42 --> Error - Listing columns failed, you have to set the model properties with a static $_properties setting in the model. Original exception: Table 'esmile-sys_magicalidol.basegames' doesn't exist [ SHOW FULL COLUMNS FROM `basegames` ] in /home/esmile-sys/www/magicalidol/fuel/packages/orm/classes/model.php on line 305
INFO - 2017-06-16 12:28:51 --> Fuel\Core\Request::__construct - Creating a new main Request with URI = "mypage"
INFO - 2017-06-16 12:28:51 --> Fuel\Core\Request::execute - Called
INFO - 2017-06-16 12:28:51 --> Fuel\Core\Request::execute - Setting main Request
ERROR - 2017-06-16 12:28:51 --> Error - Listing columns failed, you have to set the model properties with a static $_properties setting in the model. Original exception: Table 'esmile-sys_magicalidol.basegames' doesn't exist [ SHOW FULL COLUMNS FROM `basegames` ] in /home/esmile-sys/www/magicalidol/fuel/packages/orm/classes/model.php on line 305
INFO - 2017-06-16 12:31:07 --> Fuel\Core\Request::__construct - Creating a new main Request with URI = "mypage"
INFO - 2017-06-16 12:31:07 --> Fuel\Core\Request::execute - Called
INFO - 2017-06-16 12:31:07 --> Fuel\Core\Request::execute - Setting main Request
ERROR - 2017-06-16 12:31:07 --> Error - Listing columns failed, you have to set the model properties with a static $_properties setting in the model. Original exception: Table 'esmile-sys_magicalidol.basegames' doesn't exist [ SHOW FULL COLUMNS FROM `basegames` ] in /home/esmile-sys/www/magicalidol/fuel/packages/orm/classes/model.php on line 305
INFO - 2017-06-16 12:31:08 --> Fuel\Core\Request::__construct - Creating a new main Request with URI = "mypage"
INFO - 2017-06-16 12:31:08 --> Fuel\Core\Request::execute - Called
INFO - 2017-06-16 12:31:08 --> Fuel\Core\Request::execute - Setting main Request
ERROR - 2017-06-16 12:31:08 --> Error - Listing columns failed, you have to set the model properties with a static $_properties setting in the model. Original exception: Table 'esmile-sys_magicalidol.basegames' doesn't exist [ SHOW FULL COLUMNS FROM `basegames` ] in /home/esmile-sys/www/magicalidol/fuel/packages/orm/classes/model.php on line 305
INFO - 2017-06-16 12:31:08 --> Fuel\Core\Request::__construct - Creating a new main Request with URI = "mypage"
INFO - 2017-06-16 12:31:08 --> Fuel\Core\Request::execute - Called
INFO - 2017-06-16 12:31:08 --> Fuel\Core\Request::execute - Setting main Request
ERROR - 2017-06-16 12:31:09 --> Error - Listing columns failed, you have to set the model properties with a static $_properties setting in the model. Original exception: Table 'esmile-sys_magicalidol.basegames' doesn't exist [ SHOW FULL COLUMNS FROM `basegames` ] in /home/esmile-sys/www/magicalidol/fuel/packages/orm/classes/model.php on line 305
INFO - 2017-06-16 12:33:12 --> Fuel\Core\Request::__construct - Creating a new main Request with URI = "mypage"
INFO - 2017-06-16 12:33:12 --> Fuel\Core\Request::execute - Called
INFO - 2017-06-16 12:33:12 --> Fuel\Core\Request::execute - Setting main Request
ERROR - 2017-06-16 12:33:12 --> Runtime Deprecated code usage - Non-static method Model_Basegame::newIns() should not be called statically, assuming $this from incompatible context in /home/esmile-sys/www/magicalidol/fuel/app/classes/controller/mypage.php on line 11
INFO - 2017-06-16 12:33:26 --> Fuel\Core\Request::__construct - Creating a new main Request with URI = "mypage"
ERROR - 2017-06-16 12:33:26 --> Parsing Error - syntax error, unexpected '->' (T_OBJECT_OPERATOR) in /home/esmile-sys/www/magicalidol/fuel/app/classes/controller/mypage.php on line 11
INFO - 2017-06-16 12:33:37 --> Fuel\Core\Request::__construct - Creating a new main Request with URI = "mypage"
INFO - 2017-06-16 12:33:37 --> Fuel\Core\Request::execute - Called
INFO - 2017-06-16 12:33:37 --> Fuel\Core\Request::execute - Setting main Request
ERROR - 2017-06-16 12:33:37 --> Fatal Error - Call to undefined function model_basegame() in /home/esmile-sys/www/magicalidol/fuel/app/classes/controller/mypage.php on line 11
INFO - 2017-06-16 12:36:04 --> Fuel\Core\Request::__construct - Creating a new main Request with URI = "mypage"
INFO - 2017-06-16 12:36:04 --> Fuel\Core\Request::execute - Called
INFO - 2017-06-16 12:36:04 --> Fuel\Core\Request::execute - Setting main Request
ERROR - 2017-06-16 12:36:04 --> Fatal Error - Call to undefined function model_basegame() in /home/esmile-sys/www/magicalidol/fuel/app/classes/controller/mypage.php on line 11
INFO - 2017-06-16 12:36:05 --> Fuel\Core\Request::__construct - Creating a new main Request with URI = "mypage"
INFO - 2017-06-16 12:36:05 --> Fuel\Core\Request::execute - Called
INFO - 2017-06-16 12:36:05 --> Fuel\Core\Request::execute - Setting main Request
ERROR - 2017-06-16 12:36:05 --> Fatal Error - Call to undefined function model_basegame() in /home/esmile-sys/www/magicalidol/fuel/app/classes/controller/mypage.php on line 11
INFO - 2017-06-16 12:36:22 --> Fuel\Core\Request::__construct - Creating a new main Request with URI = "mypage"
INFO - 2017-06-16 12:36:22 --> Fuel\Core\Request::execute - Called
INFO - 2017-06-16 12:36:22 --> Fuel\Core\Request::execute - Setting main Request
