<?php defined('COREPATH') or exit('No direct script access allowed'); ?>

INFO - 2017-06-14 09:43:48 --> Fuel\Core\Request::__construct - Creating a new main Request with URI = ""
INFO - 2017-06-14 09:43:48 --> Fuel\Core\Request::execute - Called
INFO - 2017-06-14 09:43:48 --> Fuel\Core\Request::execute - Setting main Request
INFO - 2017-06-14 09:43:49 --> Fuel\Core\Request::__construct - Creating a new main Request with URI = "favicon"
INFO - 2017-06-14 09:43:49 --> Fuel\Core\Request::execute - Called
INFO - 2017-06-14 09:43:49 --> Fuel\Core\Request::execute - Setting main Request
INFO - 2017-06-14 09:43:49 --> Fuel\Core\Request::__construct - Creating a new main Request with URI = "welcome/404"
INFO - 2017-06-14 09:43:49 --> Fuel\Core\Request::execute - Called
INFO - 2017-06-14 09:43:49 --> Fuel\Core\Request::execute - Setting main Request
INFO - 2017-06-14 09:43:50 --> Fuel\Core\Request::__construct - Creating a new main Request with URI = "home"
INFO - 2017-06-14 09:43:50 --> Fuel\Core\Request::execute - Called
INFO - 2017-06-14 09:43:50 --> Fuel\Core\Request::execute - Setting main Request
INFO - 2017-06-14 09:50:01 --> Fuel\Core\Request::__construct - Creating a new main Request with URI = "mypage"
INFO - 2017-06-14 09:50:01 --> Fuel\Core\Request::execute - Called
INFO - 2017-06-14 09:50:01 --> Fuel\Core\Request::execute - Setting main Request
INFO - 2017-06-14 09:55:23 --> Fuel\Core\Request::__construct - Creating a new main Request with URI = "mypage"
INFO - 2017-06-14 09:55:23 --> Fuel\Core\Request::execute - Called
INFO - 2017-06-14 09:55:23 --> Fuel\Core\Request::execute - Setting main Request
INFO - 2017-06-14 09:55:33 --> Fuel\Core\Request::__construct - Creating a new main Request with URI = "mypage"
INFO - 2017-06-14 09:55:33 --> Fuel\Core\Request::execute - Called
INFO - 2017-06-14 09:55:33 --> Fuel\Core\Request::execute - Setting main Request
INFO - 2017-06-14 09:55:33 --> Fuel\Core\Request::__construct - Creating a new main Request with URI = "mypage"
INFO - 2017-06-14 09:55:33 --> Fuel\Core\Request::execute - Called
INFO - 2017-06-14 09:55:33 --> Fuel\Core\Request::execute - Setting main Request
INFO - 2017-06-14 09:55:34 --> Fuel\Core\Request::__construct - Creating a new main Request with URI = "mypage"
INFO - 2017-06-14 09:55:34 --> Fuel\Core\Request::execute - Called
INFO - 2017-06-14 09:55:34 --> Fuel\Core\Request::execute - Setting main Request
INFO - 2017-06-14 09:55:35 --> Fuel\Core\Request::__construct - Creating a new main Request with URI = "mypage"
INFO - 2017-06-14 09:55:35 --> Fuel\Core\Request::execute - Called
INFO - 2017-06-14 09:55:35 --> Fuel\Core\Request::execute - Setting main Request
INFO - 2017-06-14 09:55:35 --> Fuel\Core\Request::__construct - Creating a new main Request with URI = "mypage"
INFO - 2017-06-14 09:55:35 --> Fuel\Core\Request::execute - Called
INFO - 2017-06-14 09:55:35 --> Fuel\Core\Request::execute - Setting main Request
INFO - 2017-06-14 09:57:17 --> Fuel\Core\Request::__construct - Creating a new main Request with URI = "mypage"
INFO - 2017-06-14 09:57:17 --> Fuel\Core\Request::execute - Called
INFO - 2017-06-14 09:57:17 --> Fuel\Core\Request::execute - Setting main Request
INFO - 2017-06-14 09:57:31 --> Fuel\Core\Request::__construct - Creating a new main Request with URI = "mypage"
INFO - 2017-06-14 09:57:31 --> Fuel\Core\Request::execute - Called
INFO - 2017-06-14 09:57:31 --> Fuel\Core\Request::execute - Setting main Request
INFO - 2017-06-14 12:24:08 --> Fuel\Core\Request::__construct - Creating a new main Request with URI = "mypage"
INFO - 2017-06-14 12:24:08 --> Fuel\Core\Request::execute - Called
INFO - 2017-06-14 12:24:08 --> Fuel\Core\Request::execute - Setting main Request
INFO - 2017-06-14 12:24:52 --> Fuel\Core\Request::__construct - Creating a new main Request with URI = "mypage"
INFO - 2017-06-14 12:24:52 --> Fuel\Core\Request::execute - Called
INFO - 2017-06-14 12:24:52 --> Fuel\Core\Request::execute - Setting main Request
INFO - 2017-06-14 12:24:53 --> Fuel\Core\Request::__construct - Creating a new main Request with URI = "mypage"
INFO - 2017-06-14 12:24:53 --> Fuel\Core\Request::execute - Called
INFO - 2017-06-14 12:24:53 --> Fuel\Core\Request::execute - Setting main Request
INFO - 2017-06-14 12:24:53 --> Fuel\Core\Request::__construct - Creating a new main Request with URI = "mypage"
INFO - 2017-06-14 12:24:53 --> Fuel\Core\Request::execute - Called
INFO - 2017-06-14 12:24:53 --> Fuel\Core\Request::execute - Setting main Request
INFO - 2017-06-14 12:24:54 --> Fuel\Core\Request::__construct - Creating a new main Request with URI = "mypage"
INFO - 2017-06-14 12:24:54 --> Fuel\Core\Request::execute - Called
INFO - 2017-06-14 12:24:54 --> Fuel\Core\Request::execute - Setting main Request
INFO - 2017-06-14 12:25:24 --> Fuel\Core\Request::__construct - Creating a new main Request with URI = "mypage"
INFO - 2017-06-14 12:25:24 --> Fuel\Core\Request::execute - Called
INFO - 2017-06-14 12:25:24 --> Fuel\Core\Request::execute - Setting main Request
INFO - 2017-06-14 12:26:09 --> Fuel\Core\Request::__construct - Creating a new main Request with URI = "mypage"
INFO - 2017-06-14 12:26:09 --> Fuel\Core\Request::execute - Called
INFO - 2017-06-14 12:26:09 --> Fuel\Core\Request::execute - Setting main Request
INFO - 2017-06-14 12:27:18 --> Fuel\Core\Request::__construct - Creating a new main Request with URI = "mypage"
INFO - 2017-06-14 12:27:18 --> Fuel\Core\Request::execute - Called
INFO - 2017-06-14 12:27:18 --> Fuel\Core\Request::execute - Setting main Request
INFO - 2017-06-14 12:28:35 --> Fuel\Core\Request::__construct - Creating a new main Request with URI = "mypage"
INFO - 2017-06-14 12:28:35 --> Fuel\Core\Request::execute - Called
INFO - 2017-06-14 12:28:35 --> Fuel\Core\Request::execute - Setting main Request
INFO - 2017-06-14 12:28:35 --> Fuel\Core\Request::__construct - Creating a new main Request with URI = "mypage"
INFO - 2017-06-14 12:28:35 --> Fuel\Core\Request::execute - Called
INFO - 2017-06-14 12:28:35 --> Fuel\Core\Request::execute - Setting main Request
INFO - 2017-06-14 12:29:37 --> Fuel\Core\Request::__construct - Creating a new main Request with URI = "mypage"
INFO - 2017-06-14 12:29:37 --> Fuel\Core\Request::execute - Called
INFO - 2017-06-14 12:29:37 --> Fuel\Core\Request::execute - Setting main Request
INFO - 2017-06-14 12:34:59 --> Fuel\Core\Request::__construct - Creating a new main Request with URI = "mypage"
INFO - 2017-06-14 12:34:59 --> Fuel\Core\Request::execute - Called
INFO - 2017-06-14 12:34:59 --> Fuel\Core\Request::execute - Setting main Request
INFO - 2017-06-14 12:35:00 --> Fuel\Core\Request::__construct - Creating a new main Request with URI = "mypage"
INFO - 2017-06-14 12:35:00 --> Fuel\Core\Request::execute - Called
INFO - 2017-06-14 12:35:00 --> Fuel\Core\Request::execute - Setting main Request
INFO - 2017-06-14 12:35:08 --> Fuel\Core\Request::__construct - Creating a new main Request with URI = "mypage"
INFO - 2017-06-14 12:35:08 --> Fuel\Core\Request::execute - Called
INFO - 2017-06-14 12:35:08 --> Fuel\Core\Request::execute - Setting main Request
INFO - 2017-06-14 14:35:41 --> Fuel\Core\Request::__construct - Creating a new main Request with URI = "mypage"
INFO - 2017-06-14 14:35:41 --> Fuel\Core\Request::execute - Called
INFO - 2017-06-14 14:35:41 --> Fuel\Core\Request::execute - Setting main Request
ERROR - 2017-06-14 14:35:41 --> Runtime Notice - Accessing static property Model_Basegame::$_table_name as non static in /vagrant/magicalidol/fuel/app/classes/model/basegame.php on line 12
INFO - 2017-06-14 14:35:51 --> Fuel\Core\Request::__construct - Creating a new main Request with URI = "mypage"
INFO - 2017-06-14 14:35:51 --> Fuel\Core\Request::execute - Called
INFO - 2017-06-14 14:35:51 --> Fuel\Core\Request::execute - Setting main Request
ERROR - 2017-06-14 14:35:51 --> Notice - Undefined variable: _table_name in /vagrant/magicalidol/fuel/app/classes/model/basegame.php on line 12
INFO - 2017-06-14 14:40:46 --> Fuel\Core\Request::__construct - Creating a new main Request with URI = "mypage"
INFO - 2017-06-14 14:40:46 --> Fuel\Core\Request::execute - Called
INFO - 2017-06-14 14:40:46 --> Fuel\Core\Request::execute - Setting main Request
INFO - 2017-06-14 14:41:11 --> Fuel\Core\Request::__construct - Creating a new main Request with URI = "mypage"
INFO - 2017-06-14 14:41:11 --> Fuel\Core\Request::execute - Called
INFO - 2017-06-14 14:41:11 --> Fuel\Core\Request::execute - Setting main Request
INFO - 2017-06-14 14:42:01 --> Fuel\Core\Request::__construct - Creating a new main Request with URI = "mypage"
INFO - 2017-06-14 14:42:01 --> Fuel\Core\Request::execute - Called
INFO - 2017-06-14 14:42:01 --> Fuel\Core\Request::execute - Setting main Request
INFO - 2017-06-14 14:42:11 --> Fuel\Core\Request::__construct - Creating a new main Request with URI = "mypage"
INFO - 2017-06-14 14:42:11 --> Fuel\Core\Request::execute - Called
INFO - 2017-06-14 14:42:11 --> Fuel\Core\Request::execute - Setting main Request
INFO - 2017-06-14 14:43:33 --> Fuel\Core\Request::__construct - Creating a new main Request with URI = "mypage"
INFO - 2017-06-14 14:43:33 --> Fuel\Core\Request::execute - Called
INFO - 2017-06-14 14:43:33 --> Fuel\Core\Request::execute - Setting main Request
INFO - 2017-06-14 14:43:58 --> Fuel\Core\Request::__construct - Creating a new main Request with URI = "mypage"
INFO - 2017-06-14 14:43:58 --> Fuel\Core\Request::execute - Called
INFO - 2017-06-14 14:43:58 --> Fuel\Core\Request::execute - Setting main Request
INFO - 2017-06-14 14:44:07 --> Fuel\Core\Request::__construct - Creating a new main Request with URI = "mypage"
INFO - 2017-06-14 14:44:07 --> Fuel\Core\Request::execute - Called
INFO - 2017-06-14 14:44:07 --> Fuel\Core\Request::execute - Setting main Request
INFO - 2017-06-14 14:44:18 --> Fuel\Core\Request::__construct - Creating a new main Request with URI = "home"
INFO - 2017-06-14 14:44:18 --> Fuel\Core\Request::execute - Called
INFO - 2017-06-14 14:44:18 --> Fuel\Core\Request::execute - Setting main Request
INFO - 2017-06-14 14:44:19 --> Fuel\Core\Request::__construct - Creating a new main Request with URI = "mypage"
INFO - 2017-06-14 14:44:19 --> Fuel\Core\Request::execute - Called
INFO - 2017-06-14 14:44:19 --> Fuel\Core\Request::execute - Setting main Request
ERROR - 2017-06-14 14:44:34 --> Error - No MySQLi Connection in /vagrant/magicalidol/fuel/core/classes/database/mysqli/connection.php on line 135
ERROR - 2017-06-14 14:44:59 --> Error - No MySQLi Connection in /vagrant/magicalidol/fuel/core/classes/database/mysqli/connection.php on line 135
ERROR - 2017-06-14 14:45:07 --> Error - No MySQLi Connection in /vagrant/magicalidol/fuel/core/classes/database/mysqli/connection.php on line 135
INFO - 2017-06-14 14:46:10 --> Fuel\Core\Request::__construct - Creating a new main Request with URI = "mypage"
INFO - 2017-06-14 14:46:10 --> Fuel\Core\Request::execute - Called
INFO - 2017-06-14 14:46:10 --> Fuel\Core\Request::execute - Setting main Request
ERROR - 2017-06-14 14:46:10 --> Warning - Missing argument 1 for Model_Basegame::select(), called in /vagrant/magicalidol/fuel/app/classes/controller/mypage.php on line 11 and defined in /vagrant/magicalidol/fuel/app/classes/model/basegame.php on line 23
INFO - 2017-06-14 15:04:19 --> Fuel\Core\Request::__construct - Creating a new main Request with URI = "mypage"
INFO - 2017-06-14 15:04:19 --> Fuel\Core\Request::execute - Called
INFO - 2017-06-14 15:04:19 --> Fuel\Core\Request::execute - Setting main Request
INFO - 2017-06-14 16:23:07 --> Fuel\Core\Request::__construct - Creating a new main Request with URI = "mypage"
INFO - 2017-06-14 16:23:07 --> Fuel\Core\Request::execute - Called
INFO - 2017-06-14 16:23:07 --> Fuel\Core\Request::execute - Setting main Request
INFO - 2017-06-14 16:56:53 --> Fuel\Core\Request::__construct - Creating a new main Request with URI = "mypage"
INFO - 2017-06-14 16:56:53 --> Fuel\Core\Request::execute - Called
INFO - 2017-06-14 16:56:53 --> Fuel\Core\Request::execute - Setting main Request
INFO - 2017-06-14 16:57:25 --> Fuel\Core\Request::__construct - Creating a new main Request with URI = "mypage"
INFO - 2017-06-14 16:57:25 --> Fuel\Core\Request::execute - Called
INFO - 2017-06-14 16:57:25 --> Fuel\Core\Request::execute - Setting main Request
ERROR - 2017-06-14 16:57:25 --> Notice - Array to string conversion in /vagrant/magicalidol/fuel/app/classes/model/user.php on line 30
INFO - 2017-06-14 16:58:18 --> Fuel\Core\Request::__construct - Creating a new main Request with URI = "mypage"
INFO - 2017-06-14 16:58:18 --> Fuel\Core\Request::execute - Called
INFO - 2017-06-14 16:58:18 --> Fuel\Core\Request::execute - Setting main Request
INFO - 2017-06-14 17:00:18 --> Fuel\Core\Request::__construct - Creating a new main Request with URI = "mypage"
INFO - 2017-06-14 17:00:18 --> Fuel\Core\Request::execute - Called
INFO - 2017-06-14 17:00:18 --> Fuel\Core\Request::execute - Setting main Request
ERROR - 2017-06-14 17:00:18 --> Fatal Error - Call to undefined function select() in /vagrant/magicalidol/fuel/app/classes/model/user.php on line 17
INFO - 2017-06-14 17:00:45 --> Fuel\Core\Request::__construct - Creating a new main Request with URI = "mypage"
INFO - 2017-06-14 17:00:45 --> Fuel\Core\Request::execute - Called
INFO - 2017-06-14 17:00:45 --> Fuel\Core\Request::execute - Setting main Request
INFO - 2017-06-14 17:02:00 --> Fuel\Core\Request::__construct - Creating a new main Request with URI = "mypage"
INFO - 2017-06-14 17:02:00 --> Fuel\Core\Request::execute - Called
INFO - 2017-06-14 17:02:00 --> Fuel\Core\Request::execute - Setting main Request
INFO - 2017-06-14 17:04:48 --> Fuel\Core\Request::__construct - Creating a new main Request with URI = "mypage"
INFO - 2017-06-14 17:04:48 --> Fuel\Core\Request::execute - Called
INFO - 2017-06-14 17:04:48 --> Fuel\Core\Request::execute - Setting main Request
INFO - 2017-06-14 17:05:38 --> Fuel\Core\Request::__construct - Creating a new main Request with URI = "mypage"
INFO - 2017-06-14 17:05:38 --> Fuel\Core\Request::execute - Called
INFO - 2017-06-14 17:05:38 --> Fuel\Core\Request::execute - Setting main Request
ERROR - 2017-06-14 17:05:38 --> Fatal Error - Class 'Model_Article' not found in /vagrant/magicalidol/fuel/app/classes/model/user.php on line 17
INFO - 2017-06-14 17:05:54 --> Fuel\Core\Request::__construct - Creating a new main Request with URI = "mypage"
INFO - 2017-06-14 17:05:54 --> Fuel\Core\Request::execute - Called
INFO - 2017-06-14 17:05:54 --> Fuel\Core\Request::execute - Setting main Request
ERROR - 2017-06-14 17:05:54 --> Fatal Error - Call to undefined method Model_User::find() in /vagrant/magicalidol/fuel/app/classes/model/user.php on line 17
INFO - 2017-06-14 17:05:55 --> Fuel\Core\Request::__construct - Creating a new main Request with URI = "mypage"
INFO - 2017-06-14 17:05:55 --> Fuel\Core\Request::execute - Called
INFO - 2017-06-14 17:05:55 --> Fuel\Core\Request::execute - Setting main Request
ERROR - 2017-06-14 17:05:55 --> Fatal Error - Call to undefined method Model_User::find() in /vagrant/magicalidol/fuel/app/classes/model/user.php on line 17
INFO - 2017-06-14 17:06:09 --> Fuel\Core\Request::__construct - Creating a new main Request with URI = "mypage"
INFO - 2017-06-14 17:06:09 --> Fuel\Core\Request::execute - Called
INFO - 2017-06-14 17:06:09 --> Fuel\Core\Request::execute - Setting main Request
ERROR - 2017-06-14 17:06:09 --> Fatal Error - Call to undefined method Model_Basegame::find() in /vagrant/magicalidol/fuel/app/classes/model/user.php on line 17
INFO - 2017-06-14 17:09:28 --> Fuel\Core\Request::__construct - Creating a new main Request with URI = "mypage"
INFO - 2017-06-14 17:09:28 --> Fuel\Core\Request::execute - Called
INFO - 2017-06-14 17:09:28 --> Fuel\Core\Request::execute - Setting main Request
ERROR - 2017-06-14 17:09:28 --> Notice - Undefined property: Model_User::$id in /vagrant/magicalidol/fuel/app/classes/model/user.php on line 23
INFO - 2017-06-14 17:09:37 --> Fuel\Core\Request::__construct - Creating a new main Request with URI = "mypage"
INFO - 2017-06-14 17:09:38 --> Fuel\Core\Request::execute - Called
INFO - 2017-06-14 17:09:38 --> Fuel\Core\Request::execute - Setting main Request
ERROR - 2017-06-14 17:09:38 --> Notice - Array to string conversion in /vagrant/magicalidol/fuel/app/classes/model/user.php on line 29
INFO - 2017-06-14 17:12:28 --> Fuel\Core\Request::__construct - Creating a new main Request with URI = "mypage"
INFO - 2017-06-14 17:12:28 --> Fuel\Core\Request::execute - Called
INFO - 2017-06-14 17:12:28 --> Fuel\Core\Request::execute - Setting main Request
ERROR - 2017-06-14 17:12:28 --> Fatal Error - Class 'Model_Test02' not found in /vagrant/magicalidol/fuel/app/classes/model/user.php on line 17
INFO - 2017-06-14 17:12:40 --> Fuel\Core\Request::__construct - Creating a new main Request with URI = "mypage"
INFO - 2017-06-14 17:12:40 --> Fuel\Core\Request::execute - Called
INFO - 2017-06-14 17:12:40 --> Fuel\Core\Request::execute - Setting main Request
ERROR - 2017-06-14 17:12:40 --> Fatal Error - Call to undefined method Model_User::find() in /vagrant/magicalidol/fuel/app/classes/model/user.php on line 17
INFO - 2017-06-14 17:12:41 --> Fuel\Core\Request::__construct - Creating a new main Request with URI = "mypage"
INFO - 2017-06-14 17:12:41 --> Fuel\Core\Request::execute - Called
INFO - 2017-06-14 17:12:41 --> Fuel\Core\Request::execute - Setting main Request
ERROR - 2017-06-14 17:12:41 --> Fatal Error - Call to undefined method Model_User::find() in /vagrant/magicalidol/fuel/app/classes/model/user.php on line 17
INFO - 2017-06-14 17:15:07 --> Fuel\Core\Request::__construct - Creating a new main Request with URI = "mypage"
INFO - 2017-06-14 17:15:07 --> Fuel\Core\Request::execute - Called
INFO - 2017-06-14 17:15:07 --> Fuel\Core\Request::execute - Setting main Request
INFO - 2017-06-14 17:15:14 --> Fuel\Core\Request::__construct - Creating a new main Request with URI = "mypage"
INFO - 2017-06-14 17:15:14 --> Fuel\Core\Request::execute - Called
INFO - 2017-06-14 17:15:14 --> Fuel\Core\Request::execute - Setting main Request
INFO - 2017-06-14 17:15:30 --> Fuel\Core\Request::__construct - Creating a new main Request with URI = "mypage"
INFO - 2017-06-14 17:15:30 --> Fuel\Core\Request::execute - Called
INFO - 2017-06-14 17:15:30 --> Fuel\Core\Request::execute - Setting main Request
INFO - 2017-06-14 17:21:39 --> Fuel\Core\Request::__construct - Creating a new main Request with URI = "mypage"
INFO - 2017-06-14 17:21:39 --> Fuel\Core\Request::execute - Called
INFO - 2017-06-14 17:21:39 --> Fuel\Core\Request::execute - Setting main Request
INFO - 2017-06-14 17:23:12 --> Fuel\Core\Request::__construct - Creating a new main Request with URI = "mypage"
INFO - 2017-06-14 17:23:12 --> Fuel\Core\Request::execute - Called
INFO - 2017-06-14 17:23:12 --> Fuel\Core\Request::execute - Setting main Request
INFO - 2017-06-14 17:24:02 --> Fuel\Core\Request::__construct - Creating a new main Request with URI = "mypage"
INFO - 2017-06-14 17:24:02 --> Fuel\Core\Request::execute - Called
INFO - 2017-06-14 17:24:02 --> Fuel\Core\Request::execute - Setting main Request
ERROR - 2017-06-14 17:25:02 --> Error - No MySQLi Connection in /vagrant/magicalidol/fuel/core/classes/database/mysqli/connection.php on line 135
INFO - 2017-06-14 17:25:26 --> Fuel\Core\Request::__construct - Creating a new main Request with URI = "mypage"
INFO - 2017-06-14 17:25:26 --> Fuel\Core\Request::execute - Called
INFO - 2017-06-14 17:25:26 --> Fuel\Core\Request::execute - Setting main Request
INFO - 2017-06-14 17:26:17 --> Fuel\Core\Request::__construct - Creating a new main Request with URI = "mypage"
INFO - 2017-06-14 17:26:17 --> Fuel\Core\Request::execute - Called
INFO - 2017-06-14 17:26:17 --> Fuel\Core\Request::execute - Setting main Request
ERROR - 2017-06-14 17:26:26 --> Error - No MySQLi Connection in /vagrant/magicalidol/fuel/core/classes/database/mysqli/connection.php on line 135
INFO - 2017-06-14 17:26:43 --> Fuel\Core\Request::__construct - Creating a new main Request with URI = "mypage"
INFO - 2017-06-14 17:26:43 --> Fuel\Core\Request::execute - Called
INFO - 2017-06-14 17:26:43 --> Fuel\Core\Request::execute - Setting main Request
ERROR - 2017-06-14 17:27:43 --> Error - No MySQLi Connection in /vagrant/magicalidol/fuel/core/classes/database/mysqli/connection.php on line 135
INFO - 2017-06-14 17:32:20 --> Fuel\Core\Request::__construct - Creating a new main Request with URI = "mypage"
INFO - 2017-06-14 17:32:20 --> Fuel\Core\Request::execute - Called
INFO - 2017-06-14 17:32:20 --> Fuel\Core\Request::execute - Setting main Request
ERROR - 2017-06-14 17:32:20 --> Fatal Error - Class 'Model_Article' not found in /vagrant/magicalidol/fuel/app/classes/model/user.php on line 17
INFO - 2017-06-14 17:32:32 --> Fuel\Core\Request::__construct - Creating a new main Request with URI = "mypage"
INFO - 2017-06-14 17:32:32 --> Fuel\Core\Request::execute - Called
INFO - 2017-06-14 17:32:32 --> Fuel\Core\Request::execute - Setting main Request
ERROR - 2017-06-14 17:32:32 --> Fatal Error - Call to undefined method Model_User::find() in /vagrant/magicalidol/fuel/app/classes/model/user.php on line 17
INFO - 2017-06-14 17:34:40 --> Fuel\Core\Request::__construct - Creating a new main Request with URI = "mypage"
INFO - 2017-06-14 17:34:40 --> Fuel\Core\Request::execute - Called
INFO - 2017-06-14 17:34:40 --> Fuel\Core\Request::execute - Setting main Request
ERROR - 2017-06-14 17:34:40 --> Runtime Notice - Accessing static property Model_User::$_conditions as non static in /vagrant/magicalidol/fuel/app/classes/model/user.php on line 24
INFO - 2017-06-14 17:57:09 --> Fuel\Core\Request::__construct - Creating a new main Request with URI = "mypage"
INFO - 2017-06-14 17:57:09 --> Fuel\Core\Request::execute - Called
INFO - 2017-06-14 17:57:09 --> Fuel\Core\Request::execute - Setting main Request
ERROR - 2017-06-14 17:57:10 --> Fatal Error - Class 'Model_Shop' not found in /vagrant/magicalidol/fuel/app/classes/controller/mypage.php on line 14
INFO - 2017-06-14 17:57:38 --> Fuel\Core\Request::__construct - Creating a new main Request with URI = "mypage"
INFO - 2017-06-14 17:57:38 --> Fuel\Core\Request::execute - Called
INFO - 2017-06-14 17:57:38 --> Fuel\Core\Request::execute - Setting main Request
ERROR - 2017-06-14 17:57:39 --> Fatal Error - Call to undefined method Model_User::find() in /vagrant/magicalidol/fuel/app/classes/controller/mypage.php on line 14
INFO - 2017-06-14 18:03:49 --> Fuel\Core\Request::__construct - Creating a new main Request with URI = "mypage"
INFO - 2017-06-14 18:03:49 --> Fuel\Core\Request::execute - Called
INFO - 2017-06-14 18:03:49 --> Fuel\Core\Request::execute - Setting main Request
ERROR - 2017-06-14 18:03:49 --> Fatal Error - Call to undefined method Model_User::find() in /vagrant/magicalidol/fuel/app/classes/controller/mypage.php on line 14
INFO - 2017-06-14 18:10:08 --> Fuel\Core\Request::__construct - Creating a new main Request with URI = "mypage"
INFO - 2017-06-14 18:10:08 --> Fuel\Core\Request::execute - Called
INFO - 2017-06-14 18:10:08 --> Fuel\Core\Request::execute - Setting main Request
INFO - 2017-06-14 18:10:26 --> Fuel\Core\Request::__construct - Creating a new main Request with URI = "mypage"
INFO - 2017-06-14 18:10:26 --> Fuel\Core\Request::execute - Called
INFO - 2017-06-14 18:10:26 --> Fuel\Core\Request::execute - Setting main Request
ERROR - 2017-06-14 18:11:08 --> Error - Listing columns failed, you have to set the model properties with a static $_properties setting in the model. Original exception: No MySQLi Connection in /vagrant/magicalidol/fuel/packages/orm/classes/model.php on line 305
ERROR - 2017-06-14 18:11:26 --> Error - Listing columns failed, you have to set the model properties with a static $_properties setting in the model. Original exception: No MySQLi Connection in /vagrant/magicalidol/fuel/packages/orm/classes/model.php on line 305
INFO - 2017-06-14 18:12:00 --> Fuel\Core\Request::__construct - Creating a new main Request with URI = "mypage"
INFO - 2017-06-14 18:12:00 --> Fuel\Core\Request::execute - Called
INFO - 2017-06-14 18:12:00 --> Fuel\Core\Request::execute - Setting main Request
INFO - 2017-06-14 18:12:09 --> Fuel\Core\Request::__construct - Creating a new main Request with URI = "mypage"
INFO - 2017-06-14 18:12:09 --> Fuel\Core\Request::execute - Called
INFO - 2017-06-14 18:12:09 --> Fuel\Core\Request::execute - Setting main Request
ERROR - 2017-06-14 18:12:09 --> Fatal Error - Call to undefined method Model_User::find() in /vagrant/magicalidol/fuel/app/classes/controller/mypage.php on line 14
ERROR - 2017-06-14 18:13:00 --> Error - Listing columns failed, you have to set the model properties with a static $_properties setting in the model. Original exception: No MySQLi Connection in /vagrant/magicalidol/fuel/packages/orm/classes/model.php on line 305
INFO - 2017-06-14 18:15:00 --> Fuel\Core\Request::__construct - Creating a new main Request with URI = "mypage"
INFO - 2017-06-14 18:15:00 --> Fuel\Core\Request::execute - Called
INFO - 2017-06-14 18:15:00 --> Fuel\Core\Request::execute - Setting main Request
ERROR - 2017-06-14 18:15:00 --> Error - Relation "user" was not found in the model. in /vagrant/magicalidol/fuel/packages/orm/classes/query.php on line 655
INFO - 2017-06-14 18:24:06 --> Fuel\Core\Request::__construct - Creating a new main Request with URI = "mypage"
INFO - 2017-06-14 18:24:06 --> Fuel\Core\Request::execute - Called
INFO - 2017-06-14 18:24:06 --> Fuel\Core\Request::execute - Setting main Request
ERROR - 2017-06-14 18:24:06 --> Fatal Error - Call to undefined method Model_User::find() in /vagrant/magicalidol/fuel/app/classes/controller/mypage.php on line 14
INFO - 2017-06-14 18:24:22 --> Fuel\Core\Request::__construct - Creating a new main Request with URI = "mypage"
INFO - 2017-06-14 18:24:22 --> Fuel\Core\Request::execute - Called
INFO - 2017-06-14 18:24:22 --> Fuel\Core\Request::execute - Setting main Request
ERROR - 2017-06-14 18:24:22 --> Fatal Error - Call to undefined method Model_User::find() in /vagrant/magicalidol/fuel/app/classes/controller/mypage.php on line 14
INFO - 2017-06-14 18:28:38 --> Fuel\Core\Request::__construct - Creating a new main Request with URI = "mypage"
INFO - 2017-06-14 18:28:38 --> Fuel\Core\Request::execute - Called
INFO - 2017-06-14 18:28:38 --> Fuel\Core\Request::execute - Setting main Request
ERROR - 2017-06-14 18:28:38 --> Notice - Undefined property: Model_User::$user in /vagrant/magicalidol/fuel/core/classes/model.php on line 19
INFO - 2017-06-14 18:29:48 --> Fuel\Core\Request::__construct - Creating a new main Request with URI = "mypage"
INFO - 2017-06-14 18:29:48 --> Fuel\Core\Request::execute - Called
INFO - 2017-06-14 18:29:48 --> Fuel\Core\Request::execute - Setting main Request
ERROR - 2017-06-14 18:29:48 --> Fatal Error - Call to undefined method Model_User::getById() in /vagrant/magicalidol/fuel/app/classes/controller/basegame.php on line 28
INFO - 2017-06-14 18:31:43 --> Fuel\Core\Request::__construct - Creating a new main Request with URI = "mypage"
INFO - 2017-06-14 18:31:43 --> Fuel\Core\Request::execute - Called
INFO - 2017-06-14 18:31:43 --> Fuel\Core\Request::execute - Setting main Request
ERROR - 2017-06-14 18:31:43 --> Fatal Error - Call to undefined method Model_User::find() in /vagrant/magicalidol/fuel/app/classes/controller/mypage.php on line 14
INFO - 2017-06-14 18:32:16 --> Fuel\Core\Request::__construct - Creating a new main Request with URI = "mypage"
INFO - 2017-06-14 18:32:16 --> Fuel\Core\Request::execute - Called
INFO - 2017-06-14 18:32:16 --> Fuel\Core\Request::execute - Setting main Request
ERROR - 2017-06-14 18:32:16 --> Notice - Use of undefined constant Model_User - assumed 'Model_User' in /vagrant/magicalidol/fuel/app/classes/controller/mypage.php on line 13
INFO - 2017-06-14 18:32:48 --> Fuel\Core\Request::__construct - Creating a new main Request with URI = "mypage"
INFO - 2017-06-14 18:32:48 --> Fuel\Core\Request::execute - Called
INFO - 2017-06-14 18:32:48 --> Fuel\Core\Request::execute - Setting main Request
ERROR - 2017-06-14 18:32:48 --> Fatal Error - Call to undefined method Model_User::find() in /vagrant/magicalidol/fuel/app/classes/controller/mypage.php on line 14
INFO - 2017-06-14 18:33:06 --> Fuel\Core\Request::__construct - Creating a new main Request with URI = "mypage"
INFO - 2017-06-14 18:33:06 --> Fuel\Core\Request::execute - Called
INFO - 2017-06-14 18:33:06 --> Fuel\Core\Request::execute - Setting main Request
ERROR - 2017-06-14 18:33:06 --> Fatal Error - Call to undefined method Model_User::find() in /vagrant/magicalidol/fuel/app/classes/controller/mypage.php on line 15
INFO - 2017-06-14 18:33:13 --> Fuel\Core\Request::__construct - Creating a new main Request with URI = "mypage"
INFO - 2017-06-14 18:33:13 --> Fuel\Core\Request::execute - Called
INFO - 2017-06-14 18:33:13 --> Fuel\Core\Request::execute - Setting main Request
INFO - 2017-06-14 18:34:33 --> Fuel\Core\Request::__construct - Creating a new main Request with URI = "mypage"
INFO - 2017-06-14 18:34:33 --> Fuel\Core\Request::execute - Called
INFO - 2017-06-14 18:34:33 --> Fuel\Core\Request::execute - Setting main Request
INFO - 2017-06-14 18:34:49 --> Fuel\Core\Request::__construct - Creating a new main Request with URI = "mypage"
INFO - 2017-06-14 18:34:49 --> Fuel\Core\Request::execute - Called
INFO - 2017-06-14 18:34:49 --> Fuel\Core\Request::execute - Setting main Request
ERROR - 2017-06-14 18:34:49 --> Fatal Error - Class 'Model_User' not found in /vagrant/magicalidol/fuel/app/classes/controller/mypage.php on line 13
INFO - 2017-06-14 18:35:22 --> Fuel\Core\Request::__construct - Creating a new main Request with URI = "mypage"
INFO - 2017-06-14 18:35:22 --> Fuel\Core\Request::execute - Called
INFO - 2017-06-14 18:35:22 --> Fuel\Core\Request::execute - Setting main Request
ERROR - 2017-06-14 18:35:22 --> Fatal Error - Class 'model\Model_User' not found in /vagrant/magicalidol/fuel/app/classes/controller/mypage.php on line 13
INFO - 2017-06-14 18:35:33 --> Fuel\Core\Request::__construct - Creating a new main Request with URI = "mypage"
INFO - 2017-06-14 18:35:33 --> Fuel\Core\Request::execute - Called
INFO - 2017-06-14 18:35:33 --> Fuel\Core\Request::execute - Setting main Request
ERROR - 2017-06-14 18:35:33 --> Fatal Error - Class 'Model\Model_User' not found in /vagrant/magicalidol/fuel/app/classes/controller/mypage.php on line 13
INFO - 2017-06-14 18:35:41 --> Fuel\Core\Request::__construct - Creating a new main Request with URI = "mypage"
INFO - 2017-06-14 18:35:41 --> Fuel\Core\Request::execute - Called
INFO - 2017-06-14 18:35:41 --> Fuel\Core\Request::execute - Setting main Request
ERROR - 2017-06-14 18:35:41 --> Fatal Error - Class 'Model\Model_User' not found in /vagrant/magicalidol/fuel/app/classes/controller/mypage.php on line 13
INFO - 2017-06-14 18:36:04 --> Fuel\Core\Request::__construct - Creating a new main Request with URI = "mypage"
INFO - 2017-06-14 18:36:04 --> Fuel\Core\Request::execute - Called
INFO - 2017-06-14 18:36:04 --> Fuel\Core\Request::execute - Setting main Request
ERROR - 2017-06-14 18:36:04 --> Fatal Error - Class 'Model_User' not found in /vagrant/magicalidol/fuel/app/classes/controller/mypage.php on line 13
INFO - 2017-06-14 18:36:45 --> Fuel\Core\Request::__construct - Creating a new main Request with URI = "mypage"
INFO - 2017-06-14 18:36:45 --> Fuel\Core\Request::execute - Called
INFO - 2017-06-14 18:36:45 --> Fuel\Core\Request::execute - Setting main Request
ERROR - 2017-06-14 18:36:45 --> Fatal Error - Class 'Model\Model_User' not found in /vagrant/magicalidol/fuel/app/classes/controller/mypage.php on line 13
INFO - 2017-06-14 18:37:14 --> Fuel\Core\Request::__construct - Creating a new main Request with URI = "mypage"
INFO - 2017-06-14 18:37:14 --> Fuel\Core\Request::execute - Called
INFO - 2017-06-14 18:37:14 --> Fuel\Core\Request::execute - Setting main Request
ERROR - 2017-06-14 18:37:14 --> Fatal Error - Class 'Model\Model_User' not found in /vagrant/magicalidol/fuel/app/classes/controller/mypage.php on line 13
INFO - 2017-06-14 18:37:45 --> Fuel\Core\Request::__construct - Creating a new main Request with URI = "mypage"
INFO - 2017-06-14 18:37:45 --> Fuel\Core\Request::execute - Called
INFO - 2017-06-14 18:37:45 --> Fuel\Core\Request::execute - Setting main Request
ERROR - 2017-06-14 18:37:45 --> Fatal Error - Class 'Model\Model_User' not found in /vagrant/magicalidol/fuel/app/classes/controller/mypage.php on line 15
INFO - 2017-06-14 18:38:09 --> Fuel\Core\Request::__construct - Creating a new main Request with URI = "mypage"
INFO - 2017-06-14 18:38:09 --> Fuel\Core\Request::execute - Called
INFO - 2017-06-14 18:38:09 --> Fuel\Core\Request::execute - Setting main Request
ERROR - 2017-06-14 18:38:09 --> Notice - Undefined variable: Model_User in /vagrant/magicalidol/fuel/app/classes/controller/mypage.php on line 15
INFO - 2017-06-14 18:38:43 --> Fuel\Core\Request::__construct - Creating a new main Request with URI = "mypage"
INFO - 2017-06-14 18:38:43 --> Fuel\Core\Request::execute - Called
INFO - 2017-06-14 18:38:43 --> Fuel\Core\Request::execute - Setting main Request
ERROR - 2017-06-14 18:38:43 --> Notice - Undefined variable: Model_User in /vagrant/magicalidol/fuel/app/classes/controller/mypage.php on line 15
INFO - 2017-06-14 18:39:18 --> Fuel\Core\Request::__construct - Creating a new main Request with URI = "mypage"
INFO - 2017-06-14 18:39:18 --> Fuel\Core\Request::execute - Called
INFO - 2017-06-14 18:39:18 --> Fuel\Core\Request::execute - Setting main Request
ERROR - 2017-06-14 18:39:18 --> Notice - Undefined variable: User in /vagrant/magicalidol/fuel/app/classes/controller/mypage.php on line 15
INFO - 2017-06-14 18:39:27 --> Fuel\Core\Request::__construct - Creating a new main Request with URI = "mypage"
INFO - 2017-06-14 18:39:27 --> Fuel\Core\Request::execute - Called
INFO - 2017-06-14 18:39:27 --> Fuel\Core\Request::execute - Setting main Request
ERROR - 2017-06-14 18:39:27 --> Fatal Error - Call to undefined method Model\User::find() in /vagrant/magicalidol/fuel/app/classes/controller/mypage.php on line 15
INFO - 2017-06-14 18:40:24 --> Fuel\Core\Request::__construct - Creating a new main Request with URI = "mypage"
INFO - 2017-06-14 18:40:24 --> Fuel\Core\Request::execute - Called
INFO - 2017-06-14 18:40:24 --> Fuel\Core\Request::execute - Setting main Request
INFO - 2017-06-14 18:44:01 --> Fuel\Core\Request::__construct - Creating a new main Request with URI = "mypage"
INFO - 2017-06-14 18:44:01 --> Fuel\Core\Request::execute - Called
INFO - 2017-06-14 18:44:01 --> Fuel\Core\Request::execute - Setting main Request
INFO - 2017-06-14 18:44:28 --> Fuel\Core\Request::__construct - Creating a new main Request with URI = "mypage"
INFO - 2017-06-14 18:44:28 --> Fuel\Core\Request::execute - Called
INFO - 2017-06-14 18:44:28 --> Fuel\Core\Request::execute - Setting main Request
ERROR - 2017-06-14 18:44:28 --> Error - Relation "user" was not found in the model. in /vagrant/magicalidol/fuel/packages/orm/classes/query.php on line 655
INFO - 2017-06-14 18:44:49 --> Fuel\Core\Request::__construct - Creating a new main Request with URI = "mypage"
INFO - 2017-06-14 18:44:49 --> Fuel\Core\Request::execute - Called
INFO - 2017-06-14 18:44:49 --> Fuel\Core\Request::execute - Setting main Request
ERROR - 2017-06-14 18:44:49 --> Error - Relation "user" was not found in the model. in /vagrant/magicalidol/fuel/packages/orm/classes/query.php on line 655
INFO - 2017-06-14 18:44:53 --> Fuel\Core\Request::__construct - Creating a new main Request with URI = "mypage"
INFO - 2017-06-14 18:44:53 --> Fuel\Core\Request::execute - Called
INFO - 2017-06-14 18:44:53 --> Fuel\Core\Request::execute - Setting main Request
ERROR - 2017-06-14 18:44:53 --> Error - Relation "user" was not found in the model. in /vagrant/magicalidol/fuel/packages/orm/classes/query.php on line 655
INFO - 2017-06-14 18:45:01 --> Fuel\Core\Request::__construct - Creating a new main Request with URI = "mypage"
INFO - 2017-06-14 18:45:01 --> Fuel\Core\Request::execute - Called
INFO - 2017-06-14 18:45:01 --> Fuel\Core\Request::execute - Setting main Request
ERROR - 2017-06-14 18:45:01 --> Error - Relation "user" was not found in the model. in /vagrant/magicalidol/fuel/packages/orm/classes/query.php on line 655
INFO - 2017-06-14 18:45:30 --> Fuel\Core\Request::__construct - Creating a new main Request with URI = "mypage"
INFO - 2017-06-14 18:45:30 --> Fuel\Core\Request::execute - Called
INFO - 2017-06-14 18:45:30 --> Fuel\Core\Request::execute - Setting main Request
ERROR - 2017-06-14 18:45:30 --> Error - Relation "user" was not found in the model. in /vagrant/magicalidol/fuel/packages/orm/classes/query.php on line 655
INFO - 2017-06-14 18:45:59 --> Fuel\Core\Request::__construct - Creating a new main Request with URI = "mypage"
INFO - 2017-06-14 18:45:59 --> Fuel\Core\Request::execute - Called
INFO - 2017-06-14 18:45:59 --> Fuel\Core\Request::execute - Setting main Request
INFO - 2017-06-14 18:46:20 --> Fuel\Core\Request::__construct - Creating a new main Request with URI = "mypage"
INFO - 2017-06-14 18:46:20 --> Fuel\Core\Request::execute - Called
INFO - 2017-06-14 18:46:20 --> Fuel\Core\Request::execute - Setting main Request
ERROR - 2017-06-14 18:46:59 --> Error - No MySQLi Connection in /vagrant/magicalidol/fuel/core/classes/database/mysqli/connection.php on line 135
ERROR - 2017-06-14 18:47:20 --> Error - No MySQLi Connection in /vagrant/magicalidol/fuel/core/classes/database/mysqli/connection.php on line 135
