<?php defined('COREPATH') or exit('No direct script access allowed'); ?>

INFO - 2016-12-17 10:19:12 --> Fuel\Core\Request::__construct - Creating a new main Request with URI = "admin"
INFO - 2016-12-17 10:19:12 --> Fuel\Core\Request::execute - Called
INFO - 2016-12-17 10:19:12 --> Fuel\Core\Request::execute - Setting main Request
INFO - 2016-12-17 10:19:16 --> Fuel\Core\Request::__construct - Creating a new main Request with URI = "top"
INFO - 2016-12-17 10:19:16 --> Fuel\Core\Request::execute - Called
INFO - 2016-12-17 10:19:16 --> Fuel\Core\Request::execute - Setting main Request
INFO - 2016-12-17 10:19:16 --> Fuel\Core\Request::__construct - Creating a new main Request with URI = "top"
INFO - 2016-12-17 10:19:16 --> Fuel\Core\Request::execute - Called
INFO - 2016-12-17 10:19:16 --> Fuel\Core\Request::execute - Setting main Request
INFO - 2016-12-17 10:19:39 --> Fuel\Core\Request::__construct - Creating a new main Request with URI = "mypage"
INFO - 2016-12-17 10:19:39 --> Fuel\Core\Request::execute - Called
INFO - 2016-12-17 10:19:39 --> Fuel\Core\Request::execute - Setting main Request
INFO - 2016-12-17 10:20:09 --> Fuel\Core\Request::__construct - Creating a new main Request with URI = "shop"
INFO - 2016-12-17 10:20:09 --> Fuel\Core\Request::execute - Called
INFO - 2016-12-17 10:20:09 --> Fuel\Core\Request::execute - Setting main Request
INFO - 2016-12-17 10:20:14 --> Fuel\Core\Request::__construct - Creating a new main Request with URI = "mypage"
INFO - 2016-12-17 10:20:14 --> Fuel\Core\Request::execute - Called
INFO - 2016-12-17 10:20:14 --> Fuel\Core\Request::execute - Setting main Request
INFO - 2016-12-17 15:09:15 --> Fuel\Core\Request::__construct - Creating a new main Request with URI = "admin"
INFO - 2016-12-17 15:09:15 --> Fuel\Core\Request::execute - Called
INFO - 2016-12-17 15:09:15 --> Fuel\Core\Request::execute - Setting main Request
INFO - 2016-12-17 15:09:17 --> Fuel\Core\Request::__construct - Creating a new main Request with URI = "top"
INFO - 2016-12-17 15:09:17 --> Fuel\Core\Request::execute - Called
INFO - 2016-12-17 15:09:17 --> Fuel\Core\Request::execute - Setting main Request
INFO - 2016-12-17 15:09:18 --> Fuel\Core\Request::__construct - Creating a new main Request with URI = "top"
INFO - 2016-12-17 15:09:18 --> Fuel\Core\Request::execute - Called
INFO - 2016-12-17 15:09:18 --> Fuel\Core\Request::execute - Setting main Request
INFO - 2016-12-17 15:09:18 --> Fuel\Core\Request::__construct - Creating a new main Request with URI = "top"
INFO - 2016-12-17 15:09:18 --> Fuel\Core\Request::execute - Called
INFO - 2016-12-17 15:09:18 --> Fuel\Core\Request::execute - Setting main Request
INFO - 2016-12-17 15:09:18 --> Fuel\Core\Request::__construct - Creating a new main Request with URI = "admin"
INFO - 2016-12-17 15:09:18 --> Fuel\Core\Request::execute - Called
INFO - 2016-12-17 15:09:18 --> Fuel\Core\Request::execute - Setting main Request
INFO - 2016-12-17 15:09:22 --> Fuel\Core\Request::__construct - Creating a new main Request with URI = "top"
INFO - 2016-12-17 15:09:22 --> Fuel\Core\Request::execute - Called
INFO - 2016-12-17 15:09:22 --> Fuel\Core\Request::execute - Setting main Request
INFO - 2016-12-17 15:09:22 --> Fuel\Core\Request::__construct - Creating a new main Request with URI = "admin"
INFO - 2016-12-17 15:09:22 --> Fuel\Core\Request::execute - Called
INFO - 2016-12-17 15:09:23 --> Fuel\Core\Request::execute - Setting main Request
INFO - 2016-12-17 15:09:25 --> Fuel\Core\Request::__construct - Creating a new main Request with URI = "top"
INFO - 2016-12-17 15:09:25 --> Fuel\Core\Request::execute - Called
INFO - 2016-12-17 15:09:25 --> Fuel\Core\Request::execute - Setting main Request
INFO - 2016-12-17 15:09:25 --> Fuel\Core\Request::__construct - Creating a new main Request with URI = "top"
INFO - 2016-12-17 15:09:25 --> Fuel\Core\Request::execute - Called
INFO - 2016-12-17 15:09:25 --> Fuel\Core\Request::execute - Setting main Request
