<?php defined('COREPATH') or exit('No direct script access allowed'); ?>

INFO - 2017-04-19 09:59:04 --> Fuel\Core\Request::__construct - Creating a new main Request with URI = "admin"
INFO - 2017-04-19 09:59:04 --> Fuel\Core\Request::execute - Called
INFO - 2017-04-19 09:59:04 --> Fuel\Core\Request::execute - Setting main Request
INFO - 2017-04-19 10:35:54 --> Fuel\Core\Request::__construct - Creating a new main Request with URI = "admin"
INFO - 2017-04-19 10:35:54 --> Fuel\Core\Request::execute - Called
INFO - 2017-04-19 10:35:54 --> Fuel\Core\Request::execute - Setting main Request
INFO - 2017-04-19 10:36:07 --> Fuel\Core\Request::__construct - Creating a new main Request with URI = "admin/memo/server"
INFO - 2017-04-19 10:36:07 --> Fuel\Core\Request::execute - Called
INFO - 2017-04-19 10:36:07 --> Fuel\Core\Request::execute - Setting main Request
INFO - 2017-04-19 10:50:53 --> Fuel\Core\Request::__construct - Creating a new main Request with URI = "admin"
INFO - 2017-04-19 10:50:53 --> Fuel\Core\Request::execute - Called
INFO - 2017-04-19 10:50:53 --> Fuel\Core\Request::execute - Setting main Request
INFO - 2017-04-19 11:36:17 --> Fuel\Core\Request::__construct - Creating a new main Request with URI = "admin"
INFO - 2017-04-19 11:36:17 --> Fuel\Core\Request::execute - Called
INFO - 2017-04-19 11:36:17 --> Fuel\Core\Request::execute - Setting main Request
INFO - 2017-04-19 15:04:27 --> Fuel\Core\Request::__construct - Creating a new main Request with URI = "admin"
INFO - 2017-04-19 15:04:27 --> Fuel\Core\Request::execute - Called
INFO - 2017-04-19 15:04:27 --> Fuel\Core\Request::execute - Setting main Request
INFO - 2017-04-19 15:04:39 --> Fuel\Core\Request::__construct - Creating a new main Request with URI = "admin/memo/server"
INFO - 2017-04-19 15:04:39 --> Fuel\Core\Request::execute - Called
INFO - 2017-04-19 15:04:39 --> Fuel\Core\Request::execute - Setting main Request
INFO - 2017-04-19 15:12:16 --> Fuel\Core\Request::__construct - Creating a new main Request with URI = "admin"
INFO - 2017-04-19 15:12:16 --> Fuel\Core\Request::execute - Called
INFO - 2017-04-19 15:12:16 --> Fuel\Core\Request::execute - Setting main Request
INFO - 2017-04-19 15:12:18 --> Fuel\Core\Request::__construct - Creating a new main Request with URI = "admin/memo/svn"
INFO - 2017-04-19 15:12:18 --> Fuel\Core\Request::execute - Called
INFO - 2017-04-19 15:12:18 --> Fuel\Core\Request::execute - Setting main Request
INFO - 2017-04-19 15:12:28 --> Fuel\Core\Request::__construct - Creating a new main Request with URI = "admin/memo/fuel"
INFO - 2017-04-19 15:12:28 --> Fuel\Core\Request::execute - Called
INFO - 2017-04-19 15:12:28 --> Fuel\Core\Request::execute - Setting main Request
INFO - 2017-04-19 15:12:32 --> Fuel\Core\Request::__construct - Creating a new main Request with URI = "admin/editNews"
INFO - 2017-04-19 15:12:32 --> Fuel\Core\Request::execute - Called
INFO - 2017-04-19 15:12:32 --> Fuel\Core\Request::execute - Setting main Request
INFO - 2017-04-19 15:12:39 --> Fuel\Core\Request::__construct - Creating a new main Request with URI = "admin/memo/server"
INFO - 2017-04-19 15:12:39 --> Fuel\Core\Request::execute - Called
INFO - 2017-04-19 15:12:39 --> Fuel\Core\Request::execute - Setting main Request
INFO - 2017-04-19 16:42:33 --> Fuel\Core\Request::__construct - Creating a new main Request with URI = "admin"
INFO - 2017-04-19 16:42:33 --> Fuel\Core\Request::execute - Called
INFO - 2017-04-19 16:42:33 --> Fuel\Core\Request::execute - Setting main Request
INFO - 2017-04-19 16:44:05 --> Fuel\Core\Request::__construct - Creating a new main Request with URI = "admin/memo/fuel"
INFO - 2017-04-19 16:44:05 --> Fuel\Core\Request::execute - Called
INFO - 2017-04-19 16:44:05 --> Fuel\Core\Request::execute - Setting main Request
INFO - 2017-04-19 16:44:07 --> Fuel\Core\Request::__construct - Creating a new main Request with URI = "admin/memo/svn"
INFO - 2017-04-19 16:44:07 --> Fuel\Core\Request::execute - Called
INFO - 2017-04-19 16:44:07 --> Fuel\Core\Request::execute - Setting main Request
INFO - 2017-04-19 16:44:10 --> Fuel\Core\Request::__construct - Creating a new main Request with URI = "admin/memo/server"
INFO - 2017-04-19 16:44:10 --> Fuel\Core\Request::execute - Called
INFO - 2017-04-19 16:44:10 --> Fuel\Core\Request::execute - Setting main Request
INFO - 2017-04-19 18:19:36 --> Fuel\Core\Request::__construct - Creating a new main Request with URI = "top"
INFO - 2017-04-19 18:19:36 --> Fuel\Core\Request::execute - Called
INFO - 2017-04-19 18:19:36 --> Fuel\Core\Request::execute - Setting main Request
INFO - 2017-04-19 18:19:36 --> Fuel\Core\Request::__construct - Creating a new main Request with URI = "top"
INFO - 2017-04-19 18:19:36 --> Fuel\Core\Request::execute - Called
INFO - 2017-04-19 18:19:36 --> Fuel\Core\Request::execute - Setting main Request
ERROR - 2017-04-19 18:19:36 --> Error - Invalid config type "room". in /home/esmile-sys/www/share/fuel/core/classes/config.php on line 90
INFO - 2017-04-19 18:19:43 --> Fuel\Core\Request::__construct - Creating a new main Request with URI = "top"
INFO - 2017-04-19 18:19:43 --> Fuel\Core\Request::execute - Called
INFO - 2017-04-19 18:19:43 --> Fuel\Core\Request::execute - Setting main Request
ERROR - 2017-04-19 18:19:43 --> Error - Invalid config type "room". in /home/esmile-sys/www/share/fuel/core/classes/config.php on line 90
INFO - 2017-04-19 18:19:53 --> Fuel\Core\Request::__construct - Creating a new main Request with URI = "admin/memo/server"
INFO - 2017-04-19 18:19:53 --> Fuel\Core\Request::execute - Called
INFO - 2017-04-19 18:19:53 --> Fuel\Core\Request::execute - Setting main Request
INFO - 2017-04-19 18:19:59 --> Fuel\Core\Request::__construct - Creating a new main Request with URI = "admin/memo/fuel"
INFO - 2017-04-19 18:19:59 --> Fuel\Core\Request::execute - Called
INFO - 2017-04-19 18:19:59 --> Fuel\Core\Request::execute - Setting main Request
INFO - 2017-04-19 18:20:13 --> Fuel\Core\Request::__construct - Creating a new main Request with URI = "top"
INFO - 2017-04-19 18:20:13 --> Fuel\Core\Request::execute - Called
INFO - 2017-04-19 18:20:13 --> Fuel\Core\Request::execute - Setting main Request
ERROR - 2017-04-19 18:20:13 --> Error - Invalid config type "room". in /home/esmile-sys/www/share/fuel/core/classes/config.php on line 90
INFO - 2017-04-19 18:20:16 --> Fuel\Core\Request::__construct - Creating a new main Request with URI = "top"
INFO - 2017-04-19 18:20:16 --> Fuel\Core\Request::execute - Called
INFO - 2017-04-19 18:20:16 --> Fuel\Core\Request::execute - Setting main Request
ERROR - 2017-04-19 18:20:17 --> Error - Invalid config type "room". in /home/esmile-sys/www/share/fuel/core/classes/config.php on line 90
INFO - 2017-04-19 18:20:21 --> Fuel\Core\Request::__construct - Creating a new main Request with URI = ""
INFO - 2017-04-19 18:20:21 --> Fuel\Core\Request::execute - Called
INFO - 2017-04-19 18:20:21 --> Fuel\Core\Request::execute - Setting main Request
ERROR - 2017-04-19 18:20:21 --> Error - Invalid config type "room". in /home/esmile-sys/www/share/fuel/core/classes/config.php on line 90
INFO - 2017-04-19 18:20:42 --> Fuel\Core\Request::__construct - Creating a new main Request with URI = "top"
INFO - 2017-04-19 18:20:42 --> Fuel\Core\Request::execute - Called
INFO - 2017-04-19 18:20:42 --> Fuel\Core\Request::execute - Setting main Request
ERROR - 2017-04-19 18:20:42 --> Error - Invalid config type "room". in /home/esmile-sys/www/share/fuel/core/classes/config.php on line 90
INFO - 2017-04-19 18:20:48 --> Fuel\Core\Request::__construct - Creating a new main Request with URI = "top"
INFO - 2017-04-19 18:20:48 --> Fuel\Core\Request::execute - Called
INFO - 2017-04-19 18:20:48 --> Fuel\Core\Request::execute - Setting main Request
ERROR - 2017-04-19 18:20:48 --> Error - Invalid config type "room". in /home/esmile-sys/www/share/fuel/core/classes/config.php on line 90
INFO - 2017-04-19 19:03:31 --> Fuel\Core\Request::__construct - Creating a new main Request with URI = "admin"
INFO - 2017-04-19 19:03:31 --> Fuel\Core\Request::execute - Called
INFO - 2017-04-19 19:03:31 --> Fuel\Core\Request::execute - Setting main Request
INFO - 2017-04-19 19:03:46 --> Fuel\Core\Request::__construct - Creating a new main Request with URI = "admin/memo/server"
INFO - 2017-04-19 19:03:46 --> Fuel\Core\Request::execute - Called
INFO - 2017-04-19 19:03:46 --> Fuel\Core\Request::execute - Setting main Request
