<?php defined('COREPATH') or exit('No direct script access allowed'); ?>

INFO - 2017-04-13 02:49:25 --> Fuel\Core\Request::__construct - Creating a new main Request with URI = "admin/memo/fuel"
INFO - 2017-04-13 02:49:25 --> Fuel\Core\Request::execute - Called
INFO - 2017-04-13 02:49:25 --> Fuel\Core\Request::execute - Setting main Request
INFO - 2017-04-13 16:28:01 --> Fuel\Core\Request::__construct - Creating a new main Request with URI = "admin"
INFO - 2017-04-13 16:28:01 --> Fuel\Core\Request::execute - Called
INFO - 2017-04-13 16:28:01 --> Fuel\Core\Request::execute - Setting main Request
INFO - 2017-04-13 17:53:22 --> Fuel\Core\Request::__construct - Creating a new main Request with URI = "admin"
INFO - 2017-04-13 17:53:22 --> Fuel\Core\Request::execute - Called
INFO - 2017-04-13 17:53:22 --> Fuel\Core\Request::execute - Setting main Request
INFO - 2017-04-13 17:53:26 --> Fuel\Core\Request::__construct - Creating a new main Request with URI = "admin/memo/server"
INFO - 2017-04-13 17:53:26 --> Fuel\Core\Request::execute - Called
INFO - 2017-04-13 17:53:26 --> Fuel\Core\Request::execute - Setting main Request
INFO - 2017-04-13 18:40:09 --> Fuel\Core\Request::__construct - Creating a new main Request with URI = "admin"
INFO - 2017-04-13 18:40:09 --> Fuel\Core\Request::execute - Called
INFO - 2017-04-13 18:40:09 --> Fuel\Core\Request::execute - Setting main Request
INFO - 2017-04-13 18:41:34 --> Fuel\Core\Request::__construct - Creating a new main Request with URI = "admin"
INFO - 2017-04-13 18:41:34 --> Fuel\Core\Request::execute - Called
INFO - 2017-04-13 18:41:34 --> Fuel\Core\Request::execute - Setting main Request
INFO - 2017-04-13 18:41:36 --> Fuel\Core\Request::__construct - Creating a new main Request with URI = "admin/memo/server"
INFO - 2017-04-13 18:41:36 --> Fuel\Core\Request::execute - Called
INFO - 2017-04-13 18:41:36 --> Fuel\Core\Request::execute - Setting main Request
