<?php defined('COREPATH') or exit('No direct script access allowed'); ?>

INFO - 2017-04-18 10:17:22 --> Fuel\Core\Request::__construct - Creating a new main Request with URI = "admin"
INFO - 2017-04-18 10:17:22 --> Fuel\Core\Request::execute - Called
INFO - 2017-04-18 10:17:22 --> Fuel\Core\Request::execute - Setting main Request
INFO - 2017-04-18 10:32:35 --> Fuel\Core\Request::__construct - Creating a new main Request with URI = "admin"
INFO - 2017-04-18 10:32:35 --> Fuel\Core\Request::execute - Called
INFO - 2017-04-18 10:32:35 --> Fuel\Core\Request::execute - Setting main Request
INFO - 2017-04-18 10:34:51 --> Fuel\Core\Request::__construct - Creating a new main Request with URI = "admin"
INFO - 2017-04-18 10:34:51 --> Fuel\Core\Request::execute - Called
INFO - 2017-04-18 10:34:51 --> Fuel\Core\Request::execute - Setting main Request
INFO - 2017-04-18 10:35:12 --> Fuel\Core\Request::__construct - Creating a new main Request with URI = "admin/memo/svn"
INFO - 2017-04-18 10:35:12 --> Fuel\Core\Request::execute - Called
INFO - 2017-04-18 10:35:12 --> Fuel\Core\Request::execute - Setting main Request
INFO - 2017-04-18 10:35:16 --> Fuel\Core\Request::__construct - Creating a new main Request with URI = "admin/memo/server"
INFO - 2017-04-18 10:35:16 --> Fuel\Core\Request::execute - Called
INFO - 2017-04-18 10:35:16 --> Fuel\Core\Request::execute - Setting main Request
INFO - 2017-04-18 11:41:14 --> Fuel\Core\Request::__construct - Creating a new main Request with URI = "admin"
INFO - 2017-04-18 11:41:14 --> Fuel\Core\Request::execute - Called
INFO - 2017-04-18 11:41:14 --> Fuel\Core\Request::execute - Setting main Request
INFO - 2017-04-18 12:12:07 --> Fuel\Core\Request::__construct - Creating a new main Request with URI = "admin"
INFO - 2017-04-18 12:12:07 --> Fuel\Core\Request::execute - Called
INFO - 2017-04-18 12:12:07 --> Fuel\Core\Request::execute - Setting main Request
INFO - 2017-04-18 12:12:22 --> Fuel\Core\Request::__construct - Creating a new main Request with URI = "admin/editNews"
INFO - 2017-04-18 12:12:22 --> Fuel\Core\Request::execute - Called
INFO - 2017-04-18 12:12:22 --> Fuel\Core\Request::execute - Setting main Request
INFO - 2017-04-18 12:12:39 --> Fuel\Core\Request::__construct - Creating a new main Request with URI = "admin/memo/server"
INFO - 2017-04-18 12:12:39 --> Fuel\Core\Request::execute - Called
INFO - 2017-04-18 12:12:39 --> Fuel\Core\Request::execute - Setting main Request
INFO - 2017-04-18 12:12:52 --> Fuel\Core\Request::__construct - Creating a new main Request with URI = "admin/memo/svn"
INFO - 2017-04-18 12:12:52 --> Fuel\Core\Request::execute - Called
INFO - 2017-04-18 12:12:52 --> Fuel\Core\Request::execute - Setting main Request
INFO - 2017-04-18 13:01:45 --> Fuel\Core\Request::__construct - Creating a new main Request with URI = "admin"
INFO - 2017-04-18 13:01:45 --> Fuel\Core\Request::execute - Called
INFO - 2017-04-18 13:01:45 --> Fuel\Core\Request::execute - Setting main Request
INFO - 2017-04-18 15:21:28 --> Fuel\Core\Request::__construct - Creating a new main Request with URI = "admin"
INFO - 2017-04-18 15:21:28 --> Fuel\Core\Request::execute - Called
INFO - 2017-04-18 15:21:28 --> Fuel\Core\Request::execute - Setting main Request
