<?php defined('COREPATH') or exit('No direct script access allowed'); ?>

INFO - 2017-04-10 10:32:23 --> Fuel\Core\Request::__construct - Creating a new main Request with URI = "admin"
INFO - 2017-04-10 10:32:23 --> Fuel\Core\Request::execute - Called
INFO - 2017-04-10 10:32:23 --> Fuel\Core\Request::execute - Setting main Request
INFO - 2017-04-10 10:32:29 --> Fuel\Core\Request::__construct - Creating a new main Request with URI = "admin/memo/server"
INFO - 2017-04-10 10:32:29 --> Fuel\Core\Request::execute - Called
INFO - 2017-04-10 10:32:29 --> Fuel\Core\Request::execute - Setting main Request
INFO - 2017-04-10 10:32:59 --> Fuel\Core\Request::__construct - Creating a new main Request with URI = "admin"
INFO - 2017-04-10 10:32:59 --> Fuel\Core\Request::execute - Called
INFO - 2017-04-10 10:32:59 --> Fuel\Core\Request::execute - Setting main Request
INFO - 2017-04-10 11:54:07 --> Fuel\Core\Request::__construct - Creating a new main Request with URI = "admin/memo/server"
INFO - 2017-04-10 11:54:07 --> Fuel\Core\Request::execute - Called
INFO - 2017-04-10 11:54:07 --> Fuel\Core\Request::execute - Setting main Request
INFO - 2017-04-10 17:54:19 --> Fuel\Core\Request::__construct - Creating a new main Request with URI = "admin"
INFO - 2017-04-10 17:54:19 --> Fuel\Core\Request::execute - Called
INFO - 2017-04-10 17:54:19 --> Fuel\Core\Request::execute - Setting main Request
INFO - 2017-04-10 17:54:28 --> Fuel\Core\Request::__construct - Creating a new main Request with URI = "admin"
INFO - 2017-04-10 17:54:28 --> Fuel\Core\Request::execute - Called
INFO - 2017-04-10 17:54:28 --> Fuel\Core\Request::execute - Setting main Request
INFO - 2017-04-10 17:54:30 --> Fuel\Core\Request::__construct - Creating a new main Request with URI = "top"
INFO - 2017-04-10 17:54:31 --> Fuel\Core\Request::execute - Called
INFO - 2017-04-10 17:54:31 --> Fuel\Core\Request::execute - Setting main Request
INFO - 2017-04-10 17:54:31 --> Fuel\Core\Request::__construct - Creating a new main Request with URI = "top"
INFO - 2017-04-10 17:54:31 --> Fuel\Core\Request::execute - Called
INFO - 2017-04-10 17:54:31 --> Fuel\Core\Request::execute - Setting main Request
ERROR - 2017-04-10 17:54:31 --> Error - Invalid config type "room". in /home/esmile-sys/www/share/fuel/core/classes/config.php on line 90
INFO - 2017-04-10 17:54:35 --> Fuel\Core\Request::__construct - Creating a new main Request with URI = "top"
INFO - 2017-04-10 17:54:35 --> Fuel\Core\Request::execute - Called
INFO - 2017-04-10 17:54:35 --> Fuel\Core\Request::execute - Setting main Request
ERROR - 2017-04-10 17:54:35 --> Error - Invalid config type "room". in /home/esmile-sys/www/share/fuel/core/classes/config.php on line 90
INFO - 2017-04-10 17:54:39 --> Fuel\Core\Request::__construct - Creating a new main Request with URI = "top"
INFO - 2017-04-10 17:54:39 --> Fuel\Core\Request::execute - Called
INFO - 2017-04-10 17:54:39 --> Fuel\Core\Request::execute - Setting main Request
ERROR - 2017-04-10 17:54:39 --> Error - Invalid config type "room". in /home/esmile-sys/www/share/fuel/core/classes/config.php on line 90
INFO - 2017-04-10 17:55:02 --> Fuel\Core\Request::__construct - Creating a new main Request with URI = "top"
INFO - 2017-04-10 17:55:02 --> Fuel\Core\Request::execute - Called
INFO - 2017-04-10 17:55:02 --> Fuel\Core\Request::execute - Setting main Request
ERROR - 2017-04-10 17:55:02 --> Error - Invalid config type "room". in /home/esmile-sys/www/share/fuel/core/classes/config.php on line 90
INFO - 2017-04-10 17:55:02 --> Fuel\Core\Request::__construct - Creating a new main Request with URI = "top"
INFO - 2017-04-10 17:55:02 --> Fuel\Core\Request::execute - Called
INFO - 2017-04-10 17:55:02 --> Fuel\Core\Request::execute - Setting main Request
ERROR - 2017-04-10 17:55:02 --> Error - Invalid config type "room". in /home/esmile-sys/www/share/fuel/core/classes/config.php on line 90
INFO - 2017-04-10 18:54:56 --> Fuel\Core\Request::__construct - Creating a new main Request with URI = "admin"
INFO - 2017-04-10 18:54:56 --> Fuel\Core\Request::execute - Called
INFO - 2017-04-10 18:54:56 --> Fuel\Core\Request::execute - Setting main Request
INFO - 2017-04-10 18:55:02 --> Fuel\Core\Request::__construct - Creating a new main Request with URI = "admin"
INFO - 2017-04-10 18:55:02 --> Fuel\Core\Request::execute - Called
INFO - 2017-04-10 18:55:02 --> Fuel\Core\Request::execute - Setting main Request
INFO - 2017-04-10 19:02:14 --> Fuel\Core\Request::__construct - Creating a new main Request with URI = "admin"
INFO - 2017-04-10 19:02:14 --> Fuel\Core\Request::execute - Called
INFO - 2017-04-10 19:02:14 --> Fuel\Core\Request::execute - Setting main Request
