<?php defined('COREPATH') or exit('No direct script access allowed'); ?>

INFO - 2017-04-12 11:02:28 --> Fuel\Core\Request::__construct - Creating a new main Request with URI = "admin"
INFO - 2017-04-12 11:02:28 --> Fuel\Core\Request::execute - Called
INFO - 2017-04-12 11:02:28 --> Fuel\Core\Request::execute - Setting main Request
INFO - 2017-04-12 11:02:32 --> Fuel\Core\Request::__construct - Creating a new main Request with URI = "admin/memo/server"
INFO - 2017-04-12 11:02:32 --> Fuel\Core\Request::execute - Called
INFO - 2017-04-12 11:02:32 --> Fuel\Core\Request::execute - Setting main Request
INFO - 2017-04-12 11:48:14 --> Fuel\Core\Request::__construct - Creating a new main Request with URI = "admin"
INFO - 2017-04-12 11:48:14 --> Fuel\Core\Request::execute - Called
INFO - 2017-04-12 11:48:14 --> Fuel\Core\Request::execute - Setting main Request
INFO - 2017-04-12 11:48:19 --> Fuel\Core\Request::__construct - Creating a new main Request with URI = "admin/memo/server"
INFO - 2017-04-12 11:48:19 --> Fuel\Core\Request::execute - Called
INFO - 2017-04-12 11:48:19 --> Fuel\Core\Request::execute - Setting main Request
INFO - 2017-04-12 12:48:13 --> Fuel\Core\Request::__construct - Creating a new main Request with URI = "admin"
INFO - 2017-04-12 12:48:13 --> Fuel\Core\Request::execute - Called
INFO - 2017-04-12 12:48:13 --> Fuel\Core\Request::execute - Setting main Request
INFO - 2017-04-12 12:48:15 --> Fuel\Core\Request::__construct - Creating a new main Request with URI = "admin/memo/server"
INFO - 2017-04-12 12:48:15 --> Fuel\Core\Request::execute - Called
INFO - 2017-04-12 12:48:15 --> Fuel\Core\Request::execute - Setting main Request
INFO - 2017-04-12 14:34:32 --> Fuel\Core\Request::__construct - Creating a new main Request with URI = "admin"
INFO - 2017-04-12 14:34:32 --> Fuel\Core\Request::execute - Called
INFO - 2017-04-12 14:34:32 --> Fuel\Core\Request::execute - Setting main Request
INFO - 2017-04-12 14:34:40 --> Fuel\Core\Request::__construct - Creating a new main Request with URI = "admin/memo/server"
INFO - 2017-04-12 14:34:40 --> Fuel\Core\Request::execute - Called
INFO - 2017-04-12 14:34:40 --> Fuel\Core\Request::execute - Setting main Request
INFO - 2017-04-12 16:12:42 --> Fuel\Core\Request::__construct - Creating a new main Request with URI = "admin"
INFO - 2017-04-12 16:12:42 --> Fuel\Core\Request::execute - Called
INFO - 2017-04-12 16:12:42 --> Fuel\Core\Request::execute - Setting main Request
INFO - 2017-04-12 16:13:12 --> Fuel\Core\Request::__construct - Creating a new main Request with URI = "admin/memo/server"
INFO - 2017-04-12 16:13:12 --> Fuel\Core\Request::execute - Called
INFO - 2017-04-12 16:13:12 --> Fuel\Core\Request::execute - Setting main Request
INFO - 2017-04-12 16:13:38 --> Fuel\Core\Request::__construct - Creating a new main Request with URI = "admin/memo/server"
INFO - 2017-04-12 16:13:38 --> Fuel\Core\Request::execute - Called
INFO - 2017-04-12 16:13:38 --> Fuel\Core\Request::execute - Setting main Request
INFO - 2017-04-12 16:14:34 --> Fuel\Core\Request::__construct - Creating a new main Request with URI = "admin/memo/server"
INFO - 2017-04-12 16:14:34 --> Fuel\Core\Request::execute - Called
INFO - 2017-04-12 16:14:34 --> Fuel\Core\Request::execute - Setting main Request
INFO - 2017-04-12 16:15:31 --> Fuel\Core\Request::__construct - Creating a new main Request with URI = "admin"
INFO - 2017-04-12 16:15:31 --> Fuel\Core\Request::execute - Called
INFO - 2017-04-12 16:15:31 --> Fuel\Core\Request::execute - Setting main Request
INFO - 2017-04-12 16:15:50 --> Fuel\Core\Request::__construct - Creating a new main Request with URI = "admin/memo/server"
INFO - 2017-04-12 16:15:50 --> Fuel\Core\Request::execute - Called
INFO - 2017-04-12 16:15:50 --> Fuel\Core\Request::execute - Setting main Request
INFO - 2017-04-12 16:51:21 --> Fuel\Core\Request::__construct - Creating a new main Request with URI = "admin"
INFO - 2017-04-12 16:51:21 --> Fuel\Core\Request::execute - Called
INFO - 2017-04-12 16:51:21 --> Fuel\Core\Request::execute - Setting main Request
INFO - 2017-04-12 17:33:24 --> Fuel\Core\Request::__construct - Creating a new main Request with URI = "admin"
INFO - 2017-04-12 17:33:24 --> Fuel\Core\Request::execute - Called
INFO - 2017-04-12 17:33:24 --> Fuel\Core\Request::execute - Setting main Request
INFO - 2017-04-12 17:53:15 --> Fuel\Core\Request::__construct - Creating a new main Request with URI = "admin"
INFO - 2017-04-12 17:53:15 --> Fuel\Core\Request::execute - Called
INFO - 2017-04-12 17:53:15 --> Fuel\Core\Request::execute - Setting main Request
INFO - 2017-04-12 17:53:17 --> Fuel\Core\Request::__construct - Creating a new main Request with URI = "admin/memo/svn"
INFO - 2017-04-12 17:53:17 --> Fuel\Core\Request::execute - Called
INFO - 2017-04-12 17:53:17 --> Fuel\Core\Request::execute - Setting main Request
INFO - 2017-04-12 17:53:18 --> Fuel\Core\Request::__construct - Creating a new main Request with URI = "admin/memo/server"
INFO - 2017-04-12 17:53:18 --> Fuel\Core\Request::execute - Called
INFO - 2017-04-12 17:53:18 --> Fuel\Core\Request::execute - Setting main Request
INFO - 2017-04-12 17:58:35 --> Fuel\Core\Request::__construct - Creating a new main Request with URI = "admin"
INFO - 2017-04-12 17:58:35 --> Fuel\Core\Request::execute - Called
INFO - 2017-04-12 17:58:35 --> Fuel\Core\Request::execute - Setting main Request
