<?php defined('COREPATH') or exit('No direct script access allowed'); ?>

INFO - 2017-04-14 10:27:40 --> Fuel\Core\Request::__construct - Creating a new main Request with URI = "admin"
INFO - 2017-04-14 10:27:40 --> Fuel\Core\Request::execute - Called
INFO - 2017-04-14 10:27:40 --> Fuel\Core\Request::execute - Setting main Request
INFO - 2017-04-14 12:28:37 --> Fuel\Core\Request::__construct - Creating a new main Request with URI = "admin/memo/server"
INFO - 2017-04-14 12:28:37 --> Fuel\Core\Request::execute - Called
INFO - 2017-04-14 12:28:37 --> Fuel\Core\Request::execute - Setting main Request
INFO - 2017-04-14 12:58:09 --> Fuel\Core\Request::__construct - Creating a new main Request with URI = "admin"
INFO - 2017-04-14 12:58:09 --> Fuel\Core\Request::execute - Called
INFO - 2017-04-14 12:58:09 --> Fuel\Core\Request::execute - Setting main Request
INFO - 2017-04-14 15:29:35 --> Fuel\Core\Request::__construct - Creating a new main Request with URI = "admin"
INFO - 2017-04-14 15:29:35 --> Fuel\Core\Request::execute - Called
INFO - 2017-04-14 15:29:35 --> Fuel\Core\Request::execute - Setting main Request
INFO - 2017-04-14 16:05:17 --> Fuel\Core\Request::__construct - Creating a new main Request with URI = "admin"
INFO - 2017-04-14 16:05:17 --> Fuel\Core\Request::execute - Called
INFO - 2017-04-14 16:05:17 --> Fuel\Core\Request::execute - Setting main Request
INFO - 2017-04-14 16:06:34 --> Fuel\Core\Request::__construct - Creating a new main Request with URI = "admin"
INFO - 2017-04-14 16:06:34 --> Fuel\Core\Request::execute - Called
INFO - 2017-04-14 16:06:34 --> Fuel\Core\Request::execute - Setting main Request
INFO - 2017-04-14 16:08:03 --> Fuel\Core\Request::__construct - Creating a new main Request with URI = "admin"
INFO - 2017-04-14 16:08:03 --> Fuel\Core\Request::execute - Called
INFO - 2017-04-14 16:08:03 --> Fuel\Core\Request::execute - Setting main Request
INFO - 2017-04-14 16:08:18 --> Fuel\Core\Request::__construct - Creating a new main Request with URI = "admin/memo/server"
INFO - 2017-04-14 16:08:18 --> Fuel\Core\Request::execute - Called
INFO - 2017-04-14 16:08:18 --> Fuel\Core\Request::execute - Setting main Request
INFO - 2017-04-14 16:08:58 --> Fuel\Core\Request::__construct - Creating a new main Request with URI = "admin"
INFO - 2017-04-14 16:08:58 --> Fuel\Core\Request::execute - Called
INFO - 2017-04-14 16:08:58 --> Fuel\Core\Request::execute - Setting main Request
INFO - 2017-04-14 16:09:00 --> Fuel\Core\Request::__construct - Creating a new main Request with URI = "admin/memo/server"
INFO - 2017-04-14 16:09:00 --> Fuel\Core\Request::execute - Called
INFO - 2017-04-14 16:09:00 --> Fuel\Core\Request::execute - Setting main Request
INFO - 2017-04-14 16:09:18 --> Fuel\Core\Request::__construct - Creating a new main Request with URI = "admin/memo/server"
INFO - 2017-04-14 16:09:18 --> Fuel\Core\Request::execute - Called
INFO - 2017-04-14 16:09:18 --> Fuel\Core\Request::execute - Setting main Request
INFO - 2017-04-14 16:16:41 --> Fuel\Core\Request::__construct - Creating a new main Request with URI = "admin"
INFO - 2017-04-14 16:16:41 --> Fuel\Core\Request::execute - Called
INFO - 2017-04-14 16:16:41 --> Fuel\Core\Request::execute - Setting main Request
