<?php defined('COREPATH') or exit('No direct script access allowed'); ?>

INFO - 2017-04-25 09:59:34 --> Fuel\Core\Request::__construct - Creating a new main Request with URI = "admin"
INFO - 2017-04-25 09:59:34 --> Fuel\Core\Request::execute - Called
INFO - 2017-04-25 09:59:34 --> Fuel\Core\Request::execute - Setting main Request
INFO - 2017-04-25 10:01:26 --> Fuel\Core\Request::__construct - Creating a new main Request with URI = "admin/memo/server"
INFO - 2017-04-25 10:01:26 --> Fuel\Core\Request::execute - Called
INFO - 2017-04-25 10:01:26 --> Fuel\Core\Request::execute - Setting main Request
INFO - 2017-04-25 10:02:12 --> Fuel\Core\Request::__construct - Creating a new main Request with URI = "admin"
INFO - 2017-04-25 10:02:12 --> Fuel\Core\Request::execute - Called
INFO - 2017-04-25 10:02:12 --> Fuel\Core\Request::execute - Setting main Request
INFO - 2017-04-25 10:33:48 --> Fuel\Core\Request::__construct - Creating a new main Request with URI = "admin"
INFO - 2017-04-25 10:33:48 --> Fuel\Core\Request::execute - Called
INFO - 2017-04-25 10:33:48 --> Fuel\Core\Request::execute - Setting main Request
INFO - 2017-04-25 10:51:05 --> Fuel\Core\Request::__construct - Creating a new main Request with URI = ""
INFO - 2017-04-25 10:51:05 --> Fuel\Core\Request::execute - Called
INFO - 2017-04-25 10:51:05 --> Fuel\Core\Request::execute - Setting main Request
INFO - 2017-04-25 10:51:06 --> Fuel\Core\Request::__construct - Creating a new main Request with URI = "admin"
INFO - 2017-04-25 10:51:06 --> Fuel\Core\Request::execute - Called
INFO - 2017-04-25 10:51:06 --> Fuel\Core\Request::execute - Setting main Request
INFO - 2017-04-25 11:37:14 --> Fuel\Core\Request::__construct - Creating a new main Request with URI = "admin"
INFO - 2017-04-25 11:37:14 --> Fuel\Core\Request::execute - Called
INFO - 2017-04-25 11:37:14 --> Fuel\Core\Request::execute - Setting main Request
INFO - 2017-04-25 11:37:15 --> Fuel\Core\Request::__construct - Creating a new main Request with URI = "admin/memo/server"
INFO - 2017-04-25 11:37:15 --> Fuel\Core\Request::execute - Called
INFO - 2017-04-25 11:37:15 --> Fuel\Core\Request::execute - Setting main Request
INFO - 2017-04-25 11:42:28 --> Fuel\Core\Request::__construct - Creating a new main Request with URI = "admin"
INFO - 2017-04-25 11:42:28 --> Fuel\Core\Request::execute - Called
INFO - 2017-04-25 11:42:28 --> Fuel\Core\Request::execute - Setting main Request
INFO - 2017-04-25 12:06:13 --> Fuel\Core\Request::__construct - Creating a new main Request with URI = "admin"
INFO - 2017-04-25 12:06:13 --> Fuel\Core\Request::execute - Called
INFO - 2017-04-25 12:06:13 --> Fuel\Core\Request::execute - Setting main Request
INFO - 2017-04-25 12:08:13 --> Fuel\Core\Request::__construct - Creating a new main Request with URI = "admin"
INFO - 2017-04-25 12:08:13 --> Fuel\Core\Request::execute - Called
INFO - 2017-04-25 12:08:13 --> Fuel\Core\Request::execute - Setting main Request
