<?php defined('COREPATH') or exit('No direct script access allowed'); ?>

INFO - 2017-04-21 10:23:10 --> Fuel\Core\Request::__construct - Creating a new main Request with URI = "admin"
INFO - 2017-04-21 10:23:10 --> Fuel\Core\Request::execute - Called
INFO - 2017-04-21 10:23:10 --> Fuel\Core\Request::execute - Setting main Request
INFO - 2017-04-21 10:36:43 --> Fuel\Core\Request::__construct - Creating a new main Request with URI = "admin"
INFO - 2017-04-21 10:36:43 --> Fuel\Core\Request::execute - Called
INFO - 2017-04-21 10:36:43 --> Fuel\Core\Request::execute - Setting main Request
INFO - 2017-04-21 10:43:26 --> Fuel\Core\Request::__construct - Creating a new main Request with URI = "admin"
INFO - 2017-04-21 10:43:26 --> Fuel\Core\Request::execute - Called
INFO - 2017-04-21 10:43:26 --> Fuel\Core\Request::execute - Setting main Request
INFO - 2017-04-21 10:43:29 --> Fuel\Core\Request::__construct - Creating a new main Request with URI = "admin/memo/server"
INFO - 2017-04-21 10:43:29 --> Fuel\Core\Request::execute - Called
INFO - 2017-04-21 10:43:29 --> Fuel\Core\Request::execute - Setting main Request
INFO - 2017-04-21 11:10:24 --> Fuel\Core\Request::__construct - Creating a new main Request with URI = ""
INFO - 2017-04-21 11:10:24 --> Fuel\Core\Request::execute - Called
INFO - 2017-04-21 11:10:24 --> Fuel\Core\Request::execute - Setting main Request
INFO - 2017-04-21 11:10:25 --> Fuel\Core\Request::__construct - Creating a new main Request with URI = "admin"
INFO - 2017-04-21 11:10:25 --> Fuel\Core\Request::execute - Called
INFO - 2017-04-21 11:10:25 --> Fuel\Core\Request::execute - Setting main Request
INFO - 2017-04-21 11:10:33 --> Fuel\Core\Request::__construct - Creating a new main Request with URI = "top"
INFO - 2017-04-21 11:10:33 --> Fuel\Core\Request::execute - Called
INFO - 2017-04-21 11:10:33 --> Fuel\Core\Request::execute - Setting main Request
INFO - 2017-04-21 11:10:33 --> Fuel\Core\Request::__construct - Creating a new main Request with URI = "top"
INFO - 2017-04-21 11:10:33 --> Fuel\Core\Request::execute - Called
INFO - 2017-04-21 11:10:33 --> Fuel\Core\Request::execute - Setting main Request
INFO - 2017-04-21 11:10:34 --> Fuel\Core\Request::__construct - Creating a new main Request with URI = "admin"
INFO - 2017-04-21 11:10:34 --> Fuel\Core\Request::execute - Called
INFO - 2017-04-21 11:10:34 --> Fuel\Core\Request::execute - Setting main Request
INFO - 2017-04-21 11:10:45 --> Fuel\Core\Request::__construct - Creating a new main Request with URI = "top"
INFO - 2017-04-21 11:10:45 --> Fuel\Core\Request::execute - Called
INFO - 2017-04-21 11:10:45 --> Fuel\Core\Request::execute - Setting main Request
INFO - 2017-04-21 11:10:45 --> Fuel\Core\Request::__construct - Creating a new main Request with URI = "top"
INFO - 2017-04-21 11:10:45 --> Fuel\Core\Request::execute - Called
INFO - 2017-04-21 11:10:45 --> Fuel\Core\Request::execute - Setting main Request
ERROR - 2017-04-21 11:10:45 --> Error - Invalid config type "room". in /home/esmile-sys/www/share/fuel/core/classes/config.php on line 90
INFO - 2017-04-21 11:10:52 --> Fuel\Core\Request::__construct - Creating a new main Request with URI = "top"
INFO - 2017-04-21 11:10:52 --> Fuel\Core\Request::execute - Called
INFO - 2017-04-21 11:10:52 --> Fuel\Core\Request::execute - Setting main Request
ERROR - 2017-04-21 11:10:52 --> Error - Invalid config type "room". in /home/esmile-sys/www/share/fuel/core/classes/config.php on line 90
INFO - 2017-04-21 11:11:18 --> Fuel\Core\Request::__construct - Creating a new main Request with URI = "top"
INFO - 2017-04-21 11:11:18 --> Fuel\Core\Request::execute - Called
INFO - 2017-04-21 11:11:18 --> Fuel\Core\Request::execute - Setting main Request
ERROR - 2017-04-21 11:11:18 --> Error - Invalid config type "room". in /home/esmile-sys/www/share/fuel/core/classes/config.php on line 90
INFO - 2017-04-21 11:11:26 --> Fuel\Core\Request::__construct - Creating a new main Request with URI = "top"
INFO - 2017-04-21 11:11:26 --> Fuel\Core\Request::execute - Called
INFO - 2017-04-21 11:11:26 --> Fuel\Core\Request::execute - Setting main Request
ERROR - 2017-04-21 11:11:26 --> Error - Invalid config type "room". in /home/esmile-sys/www/share/fuel/core/classes/config.php on line 90
INFO - 2017-04-21 11:11:33 --> Fuel\Core\Request::__construct - Creating a new main Request with URI = "admin"
INFO - 2017-04-21 11:11:33 --> Fuel\Core\Request::execute - Called
INFO - 2017-04-21 11:11:33 --> Fuel\Core\Request::execute - Setting main Request
INFO - 2017-04-21 11:11:34 --> Fuel\Core\Request::__construct - Creating a new main Request with URI = "admin"
INFO - 2017-04-21 11:11:34 --> Fuel\Core\Request::execute - Called
INFO - 2017-04-21 11:11:34 --> Fuel\Core\Request::execute - Setting main Request
INFO - 2017-04-21 11:11:34 --> Fuel\Core\Request::__construct - Creating a new main Request with URI = "admin"
INFO - 2017-04-21 11:11:34 --> Fuel\Core\Request::execute - Called
INFO - 2017-04-21 11:11:34 --> Fuel\Core\Request::execute - Setting main Request
INFO - 2017-04-21 11:11:37 --> Fuel\Core\Request::__construct - Creating a new main Request with URI = "top"
INFO - 2017-04-21 11:11:37 --> Fuel\Core\Request::execute - Called
INFO - 2017-04-21 11:11:37 --> Fuel\Core\Request::execute - Setting main Request
INFO - 2017-04-21 11:11:37 --> Fuel\Core\Request::__construct - Creating a new main Request with URI = "top"
INFO - 2017-04-21 11:11:37 --> Fuel\Core\Request::execute - Called
INFO - 2017-04-21 11:11:37 --> Fuel\Core\Request::execute - Setting main Request
INFO - 2017-04-21 11:11:37 --> Fuel\Core\Request::__construct - Creating a new main Request with URI = "admin/createpage/544"
INFO - 2017-04-21 11:11:37 --> Fuel\Core\Request::execute - Called
INFO - 2017-04-21 11:11:37 --> Fuel\Core\Request::execute - Setting main Request
INFO - 2017-04-21 11:11:39 --> Fuel\Core\Request::__construct - Creating a new main Request with URI = "admin/create"
INFO - 2017-04-21 11:11:39 --> Fuel\Core\Request::execute - Called
INFO - 2017-04-21 11:11:39 --> Fuel\Core\Request::execute - Setting main Request
INFO - 2017-04-21 11:11:40 --> Fuel\Core\Request::__construct - Creating a new main Request with URI = "top"
INFO - 2017-04-21 11:11:40 --> Fuel\Core\Request::execute - Called
INFO - 2017-04-21 11:11:40 --> Fuel\Core\Request::execute - Setting main Request
INFO - 2017-04-21 11:11:42 --> Fuel\Core\Request::__construct - Creating a new main Request with URI = "mypage"
INFO - 2017-04-21 11:11:42 --> Fuel\Core\Request::execute - Called
INFO - 2017-04-21 11:11:42 --> Fuel\Core\Request::execute - Setting main Request
INFO - 2017-04-21 11:12:11 --> Fuel\Core\Request::__construct - Creating a new main Request with URI = "shop"
INFO - 2017-04-21 11:12:11 --> Fuel\Core\Request::execute - Called
INFO - 2017-04-21 11:12:11 --> Fuel\Core\Request::execute - Setting main Request
INFO - 2017-04-21 11:12:15 --> Fuel\Core\Request::__construct - Creating a new main Request with URI = "itemshop"
INFO - 2017-04-21 11:12:15 --> Fuel\Core\Request::execute - Called
INFO - 2017-04-21 11:12:15 --> Fuel\Core\Request::execute - Setting main Request
INFO - 2017-04-21 11:19:46 --> Fuel\Core\Request::__construct - Creating a new main Request with URI = "itemshop/select/1"
INFO - 2017-04-21 11:19:46 --> Fuel\Core\Request::execute - Called
INFO - 2017-04-21 11:19:46 --> Fuel\Core\Request::execute - Setting main Request
INFO - 2017-04-21 11:19:46 --> Fuel\Core\Request::__construct - Creating a new main Request with URI = "itemshop/select/2"
INFO - 2017-04-21 11:19:46 --> Fuel\Core\Request::execute - Called
INFO - 2017-04-21 11:19:46 --> Fuel\Core\Request::execute - Setting main Request
INFO - 2017-04-21 11:19:47 --> Fuel\Core\Request::__construct - Creating a new main Request with URI = "itemshop/select/3"
INFO - 2017-04-21 11:19:47 --> Fuel\Core\Request::execute - Called
INFO - 2017-04-21 11:19:47 --> Fuel\Core\Request::execute - Setting main Request
INFO - 2017-04-21 11:19:49 --> Fuel\Core\Request::__construct - Creating a new main Request with URI = "itemshop/select/2"
INFO - 2017-04-21 11:19:49 --> Fuel\Core\Request::execute - Called
INFO - 2017-04-21 11:19:49 --> Fuel\Core\Request::execute - Setting main Request
INFO - 2017-04-21 11:19:51 --> Fuel\Core\Request::__construct - Creating a new main Request with URI = "itemshop/select/1"
INFO - 2017-04-21 11:19:51 --> Fuel\Core\Request::execute - Called
INFO - 2017-04-21 11:19:51 --> Fuel\Core\Request::execute - Setting main Request
INFO - 2017-04-21 11:21:19 --> Fuel\Core\Request::__construct - Creating a new main Request with URI = "itemshop/select/3"
INFO - 2017-04-21 11:21:19 --> Fuel\Core\Request::execute - Called
INFO - 2017-04-21 11:21:19 --> Fuel\Core\Request::execute - Setting main Request
INFO - 2017-04-21 11:40:33 --> Fuel\Core\Request::__construct - Creating a new main Request with URI = "itemshop/buyresult"
INFO - 2017-04-21 11:40:33 --> Fuel\Core\Request::execute - Called
INFO - 2017-04-21 11:40:33 --> Fuel\Core\Request::execute - Setting main Request
INFO - 2017-04-21 11:40:33 --> Fuel\Core\Request::__construct - Creating a new main Request with URI = "itemshop/select/1/1"
INFO - 2017-04-21 11:40:33 --> Fuel\Core\Request::execute - Called
INFO - 2017-04-21 11:40:33 --> Fuel\Core\Request::execute - Setting main Request
INFO - 2017-04-21 11:40:34 --> Fuel\Core\Request::__construct - Creating a new main Request with URI = "itemshop/buyresult"
INFO - 2017-04-21 11:40:34 --> Fuel\Core\Request::execute - Called
INFO - 2017-04-21 11:40:34 --> Fuel\Core\Request::execute - Setting main Request
INFO - 2017-04-21 11:40:34 --> Fuel\Core\Request::__construct - Creating a new main Request with URI = "itemshop/buyresult"
INFO - 2017-04-21 11:40:34 --> Fuel\Core\Request::execute - Called
INFO - 2017-04-21 11:40:34 --> Fuel\Core\Request::execute - Setting main Request
INFO - 2017-04-21 11:40:34 --> Fuel\Core\Request::__construct - Creating a new main Request with URI = "itemshop/buyresult"
INFO - 2017-04-21 11:40:34 --> Fuel\Core\Request::execute - Called
INFO - 2017-04-21 11:40:34 --> Fuel\Core\Request::execute - Setting main Request
INFO - 2017-04-21 11:40:34 --> Fuel\Core\Request::__construct - Creating a new main Request with URI = "itemshop/buyresult"
INFO - 2017-04-21 11:40:34 --> Fuel\Core\Request::execute - Called
INFO - 2017-04-21 11:40:34 --> Fuel\Core\Request::execute - Setting main Request
INFO - 2017-04-21 11:40:34 --> Fuel\Core\Request::__construct - Creating a new main Request with URI = "itemshop/buyresult"
INFO - 2017-04-21 11:40:34 --> Fuel\Core\Request::execute - Called
INFO - 2017-04-21 11:40:34 --> Fuel\Core\Request::execute - Setting main Request
INFO - 2017-04-21 11:40:35 --> Fuel\Core\Request::__construct - Creating a new main Request with URI = "itemshop/buyresult"
INFO - 2017-04-21 11:40:35 --> Fuel\Core\Request::execute - Called
INFO - 2017-04-21 11:40:35 --> Fuel\Core\Request::execute - Setting main Request
INFO - 2017-04-21 11:40:35 --> Fuel\Core\Request::__construct - Creating a new main Request with URI = "itemshop/buyresult"
INFO - 2017-04-21 11:40:35 --> Fuel\Core\Request::execute - Called
INFO - 2017-04-21 11:40:35 --> Fuel\Core\Request::execute - Setting main Request
INFO - 2017-04-21 11:40:35 --> Fuel\Core\Request::__construct - Creating a new main Request with URI = "itemshop/buyresult"
INFO - 2017-04-21 11:40:35 --> Fuel\Core\Request::execute - Called
INFO - 2017-04-21 11:40:35 --> Fuel\Core\Request::execute - Setting main Request
INFO - 2017-04-21 11:40:35 --> Fuel\Core\Request::__construct - Creating a new main Request with URI = "itemshop/buyresult"
INFO - 2017-04-21 11:40:35 --> Fuel\Core\Request::execute - Called
INFO - 2017-04-21 11:40:35 --> Fuel\Core\Request::execute - Setting main Request
INFO - 2017-04-21 11:40:35 --> Fuel\Core\Request::__construct - Creating a new main Request with URI = "itemshop/buyresult"
INFO - 2017-04-21 11:40:35 --> Fuel\Core\Request::execute - Called
INFO - 2017-04-21 11:40:35 --> Fuel\Core\Request::execute - Setting main Request
INFO - 2017-04-21 11:40:36 --> Fuel\Core\Request::__construct - Creating a new main Request with URI = "itemshop/select/1/0"
INFO - 2017-04-21 11:40:36 --> Fuel\Core\Request::execute - Called
INFO - 2017-04-21 11:40:36 --> Fuel\Core\Request::execute - Setting main Request
INFO - 2017-04-21 11:40:36 --> Fuel\Core\Request::__construct - Creating a new main Request with URI = "itemshop/select/1"
INFO - 2017-04-21 11:40:36 --> Fuel\Core\Request::execute - Called
INFO - 2017-04-21 11:40:36 --> Fuel\Core\Request::execute - Setting main Request
INFO - 2017-04-21 11:40:41 --> Fuel\Core\Request::__construct - Creating a new main Request with URI = "shop"
INFO - 2017-04-21 11:40:41 --> Fuel\Core\Request::execute - Called
INFO - 2017-04-21 11:40:41 --> Fuel\Core\Request::execute - Setting main Request
INFO - 2017-04-21 11:40:49 --> Fuel\Core\Request::__construct - Creating a new main Request with URI = "itemshop"
INFO - 2017-04-21 11:40:49 --> Fuel\Core\Request::execute - Called
INFO - 2017-04-21 11:40:49 --> Fuel\Core\Request::execute - Setting main Request
INFO - 2017-04-21 11:51:07 --> Fuel\Core\Request::__construct - Creating a new main Request with URI = "admin"
INFO - 2017-04-21 11:51:07 --> Fuel\Core\Request::execute - Called
INFO - 2017-04-21 11:51:07 --> Fuel\Core\Request::execute - Setting main Request
INFO - 2017-04-21 12:12:28 --> Fuel\Core\Request::__construct - Creating a new main Request with URI = ""
INFO - 2017-04-21 12:12:28 --> Fuel\Core\Request::execute - Called
INFO - 2017-04-21 12:12:28 --> Fuel\Core\Request::execute - Setting main Request
INFO - 2017-04-21 12:12:28 --> Fuel\Core\Request::__construct - Creating a new main Request with URI = "admin"
INFO - 2017-04-21 12:12:28 --> Fuel\Core\Request::execute - Called
INFO - 2017-04-21 12:12:28 --> Fuel\Core\Request::execute - Setting main Request
INFO - 2017-04-21 14:47:32 --> Fuel\Core\Request::__construct - Creating a new main Request with URI = "admin"
INFO - 2017-04-21 14:47:32 --> Fuel\Core\Request::execute - Called
INFO - 2017-04-21 14:47:32 --> Fuel\Core\Request::execute - Setting main Request
INFO - 2017-04-21 14:47:34 --> Fuel\Core\Request::__construct - Creating a new main Request with URI = "admin/memo/server"
INFO - 2017-04-21 14:47:34 --> Fuel\Core\Request::execute - Called
INFO - 2017-04-21 14:47:34 --> Fuel\Core\Request::execute - Setting main Request
INFO - 2017-04-21 14:47:39 --> Fuel\Core\Request::__construct - Creating a new main Request with URI = "admin"
INFO - 2017-04-21 14:47:39 --> Fuel\Core\Request::execute - Called
INFO - 2017-04-21 14:47:39 --> Fuel\Core\Request::execute - Setting main Request
INFO - 2017-04-21 14:47:43 --> Fuel\Core\Request::__construct - Creating a new main Request with URI = "top"
INFO - 2017-04-21 14:47:43 --> Fuel\Core\Request::execute - Called
INFO - 2017-04-21 14:47:43 --> Fuel\Core\Request::execute - Setting main Request
INFO - 2017-04-21 14:47:43 --> Fuel\Core\Request::__construct - Creating a new main Request with URI = "top"
INFO - 2017-04-21 14:47:43 --> Fuel\Core\Request::execute - Called
INFO - 2017-04-21 14:47:43 --> Fuel\Core\Request::execute - Setting main Request
INFO - 2017-04-21 14:47:43 --> Fuel\Core\Request::__construct - Creating a new main Request with URI = "admin/createpage/011"
INFO - 2017-04-21 14:47:43 --> Fuel\Core\Request::execute - Called
INFO - 2017-04-21 14:47:43 --> Fuel\Core\Request::execute - Setting main Request
INFO - 2017-04-21 14:47:47 --> Fuel\Core\Request::__construct - Creating a new main Request with URI = "admin/create"
INFO - 2017-04-21 14:47:47 --> Fuel\Core\Request::execute - Called
INFO - 2017-04-21 14:47:47 --> Fuel\Core\Request::execute - Setting main Request
INFO - 2017-04-21 14:47:48 --> Fuel\Core\Request::__construct - Creating a new main Request with URI = "top"
INFO - 2017-04-21 14:47:48 --> Fuel\Core\Request::execute - Called
INFO - 2017-04-21 14:47:48 --> Fuel\Core\Request::execute - Setting main Request
INFO - 2017-04-21 14:48:04 --> Fuel\Core\Request::__construct - Creating a new main Request with URI = "mypage"
INFO - 2017-04-21 14:48:04 --> Fuel\Core\Request::execute - Called
INFO - 2017-04-21 14:48:04 --> Fuel\Core\Request::execute - Setting main Request
INFO - 2017-04-21 15:54:57 --> Fuel\Core\Request::__construct - Creating a new main Request with URI = "admin"
INFO - 2017-04-21 15:54:57 --> Fuel\Core\Request::execute - Called
INFO - 2017-04-21 15:54:57 --> Fuel\Core\Request::execute - Setting main Request
INFO - 2017-04-21 15:58:50 --> Fuel\Core\Request::__construct - Creating a new main Request with URI = "admin/memo/server"
INFO - 2017-04-21 15:58:50 --> Fuel\Core\Request::execute - Called
INFO - 2017-04-21 15:58:50 --> Fuel\Core\Request::execute - Setting main Request
INFO - 2017-04-21 17:07:29 --> Fuel\Core\Request::__construct - Creating a new main Request with URI = "admin/memo/svn"
INFO - 2017-04-21 17:07:29 --> Fuel\Core\Request::execute - Called
INFO - 2017-04-21 17:07:29 --> Fuel\Core\Request::execute - Setting main Request
INFO - 2017-04-21 17:56:44 --> Fuel\Core\Request::__construct - Creating a new main Request with URI = "admin"
INFO - 2017-04-21 17:56:44 --> Fuel\Core\Request::execute - Called
INFO - 2017-04-21 17:56:44 --> Fuel\Core\Request::execute - Setting main Request
INFO - 2017-04-21 18:02:14 --> Fuel\Core\Request::__construct - Creating a new main Request with URI = "admin"
INFO - 2017-04-21 18:02:14 --> Fuel\Core\Request::execute - Called
INFO - 2017-04-21 18:02:14 --> Fuel\Core\Request::execute - Setting main Request
INFO - 2017-04-21 18:02:22 --> Fuel\Core\Request::__construct - Creating a new main Request with URI = "admin/memo/server"
INFO - 2017-04-21 18:02:22 --> Fuel\Core\Request::execute - Called
INFO - 2017-04-21 18:02:22 --> Fuel\Core\Request::execute - Setting main Request
INFO - 2017-04-21 18:05:02 --> Fuel\Core\Request::__construct - Creating a new main Request with URI = "admin"
INFO - 2017-04-21 18:05:02 --> Fuel\Core\Request::execute - Called
INFO - 2017-04-21 18:05:02 --> Fuel\Core\Request::execute - Setting main Request
INFO - 2017-04-21 18:05:09 --> Fuel\Core\Request::__construct - Creating a new main Request with URI = "top"
INFO - 2017-04-21 18:05:09 --> Fuel\Core\Request::execute - Called
INFO - 2017-04-21 18:05:09 --> Fuel\Core\Request::execute - Setting main Request
INFO - 2017-04-21 18:05:09 --> Fuel\Core\Request::__construct - Creating a new main Request with URI = "top"
INFO - 2017-04-21 18:05:09 --> Fuel\Core\Request::execute - Called
INFO - 2017-04-21 18:05:09 --> Fuel\Core\Request::execute - Setting main Request
INFO - 2017-04-21 18:05:09 --> Fuel\Core\Request::__construct - Creating a new main Request with URI = "admin/createpage/1928912"
INFO - 2017-04-21 18:05:09 --> Fuel\Core\Request::execute - Called
INFO - 2017-04-21 18:05:09 --> Fuel\Core\Request::execute - Setting main Request
INFO - 2017-04-21 18:05:13 --> Fuel\Core\Request::__construct - Creating a new main Request with URI = "admin/create"
INFO - 2017-04-21 18:05:13 --> Fuel\Core\Request::execute - Called
INFO - 2017-04-21 18:05:13 --> Fuel\Core\Request::execute - Setting main Request
INFO - 2017-04-21 18:05:13 --> Fuel\Core\Request::__construct - Creating a new main Request with URI = "top"
INFO - 2017-04-21 18:05:13 --> Fuel\Core\Request::execute - Called
INFO - 2017-04-21 18:05:13 --> Fuel\Core\Request::execute - Setting main Request
