<?php defined('COREPATH') or exit('No direct script access allowed'); ?>

INFO - 2017-04-28 09:57:03 --> Fuel\Core\Request::__construct - Creating a new main Request with URI = ""
INFO - 2017-04-28 09:57:03 --> Fuel\Core\Request::execute - Called
INFO - 2017-04-28 09:57:03 --> Fuel\Core\Request::execute - Setting main Request
INFO - 2017-04-28 09:57:04 --> Fuel\Core\Request::__construct - Creating a new main Request with URI = "admin"
INFO - 2017-04-28 09:57:04 --> Fuel\Core\Request::execute - Called
INFO - 2017-04-28 09:57:04 --> Fuel\Core\Request::execute - Setting main Request
INFO - 2017-04-28 09:57:09 --> Fuel\Core\Request::__construct - Creating a new main Request with URI = "itemshop/select/2"
INFO - 2017-04-28 09:57:09 --> Fuel\Core\Request::execute - Called
INFO - 2017-04-28 09:57:09 --> Fuel\Core\Request::execute - Setting main Request
INFO - 2017-04-28 09:57:09 --> Fuel\Core\Request::__construct - Creating a new main Request with URI = "admin"
INFO - 2017-04-28 09:57:09 --> Fuel\Core\Request::execute - Called
INFO - 2017-04-28 09:57:09 --> Fuel\Core\Request::execute - Setting main Request
INFO - 2017-04-28 09:58:34 --> Fuel\Core\Request::__construct - Creating a new main Request with URI = "admin"
INFO - 2017-04-28 09:58:34 --> Fuel\Core\Request::execute - Called
INFO - 2017-04-28 09:58:34 --> Fuel\Core\Request::execute - Setting main Request
INFO - 2017-04-28 12:38:40 --> Fuel\Core\Request::__construct - Creating a new main Request with URI = "admin"
INFO - 2017-04-28 12:38:40 --> Fuel\Core\Request::execute - Called
INFO - 2017-04-28 12:38:40 --> Fuel\Core\Request::execute - Setting main Request
INFO - 2017-04-28 15:43:17 --> Fuel\Core\Request::__construct - Creating a new main Request with URI = "admin"
INFO - 2017-04-28 15:43:17 --> Fuel\Core\Request::execute - Called
INFO - 2017-04-28 15:43:17 --> Fuel\Core\Request::execute - Setting main Request
INFO - 2017-04-28 15:50:49 --> Fuel\Core\Request::__construct - Creating a new main Request with URI = "admin"
INFO - 2017-04-28 15:50:49 --> Fuel\Core\Request::execute - Called
INFO - 2017-04-28 15:50:49 --> Fuel\Core\Request::execute - Setting main Request
INFO - 2017-04-28 15:50:50 --> Fuel\Core\Request::__construct - Creating a new main Request with URI = "admin/memo/server"
INFO - 2017-04-28 15:50:50 --> Fuel\Core\Request::execute - Called
INFO - 2017-04-28 15:50:50 --> Fuel\Core\Request::execute - Setting main Request
INFO - 2017-04-28 15:50:52 --> Fuel\Core\Request::__construct - Creating a new main Request with URI = "admin"
INFO - 2017-04-28 15:50:52 --> Fuel\Core\Request::execute - Called
INFO - 2017-04-28 15:50:52 --> Fuel\Core\Request::execute - Setting main Request
INFO - 2017-04-28 18:37:54 --> Fuel\Core\Request::__construct - Creating a new main Request with URI = "admin"
INFO - 2017-04-28 18:37:54 --> Fuel\Core\Request::execute - Called
INFO - 2017-04-28 18:37:54 --> Fuel\Core\Request::execute - Setting main Request
