<?php defined('COREPATH') or exit('No direct script access allowed'); ?>

INFO - 2017-04-24 09:47:08 --> Fuel\Core\Request::__construct - Creating a new main Request with URI = "admin"
INFO - 2017-04-24 09:47:08 --> Fuel\Core\Request::execute - Called
INFO - 2017-04-24 09:47:08 --> Fuel\Core\Request::execute - Setting main Request
INFO - 2017-04-24 10:08:49 --> Fuel\Core\Request::__construct - Creating a new main Request with URI = "admin"
INFO - 2017-04-24 10:08:49 --> Fuel\Core\Request::execute - Called
INFO - 2017-04-24 10:08:49 --> Fuel\Core\Request::execute - Setting main Request
INFO - 2017-04-24 10:09:07 --> Fuel\Core\Request::__construct - Creating a new main Request with URI = "admin"
INFO - 2017-04-24 10:09:07 --> Fuel\Core\Request::execute - Called
INFO - 2017-04-24 10:09:07 --> Fuel\Core\Request::execute - Setting main Request
INFO - 2017-04-24 10:09:13 --> Fuel\Core\Request::__construct - Creating a new main Request with URI = "admin/memo/svn"
INFO - 2017-04-24 10:09:13 --> Fuel\Core\Request::execute - Called
INFO - 2017-04-24 10:09:13 --> Fuel\Core\Request::execute - Setting main Request
INFO - 2017-04-24 10:09:22 --> Fuel\Core\Request::__construct - Creating a new main Request with URI = "admin/memo/server"
INFO - 2017-04-24 10:09:22 --> Fuel\Core\Request::execute - Called
INFO - 2017-04-24 10:09:22 --> Fuel\Core\Request::execute - Setting main Request
INFO - 2017-04-24 12:20:43 --> Fuel\Core\Request::__construct - Creating a new main Request with URI = "admin"
INFO - 2017-04-24 12:20:43 --> Fuel\Core\Request::execute - Called
INFO - 2017-04-24 12:20:43 --> Fuel\Core\Request::execute - Setting main Request
INFO - 2017-04-24 12:20:50 --> Fuel\Core\Request::__construct - Creating a new main Request with URI = "admin/memo/server"
INFO - 2017-04-24 12:20:50 --> Fuel\Core\Request::execute - Called
INFO - 2017-04-24 12:20:50 --> Fuel\Core\Request::execute - Setting main Request
INFO - 2017-04-24 15:02:40 --> Fuel\Core\Request::__construct - Creating a new main Request with URI = "admin"
INFO - 2017-04-24 15:02:40 --> Fuel\Core\Request::execute - Called
INFO - 2017-04-24 15:02:40 --> Fuel\Core\Request::execute - Setting main Request
INFO - 2017-04-24 18:59:41 --> Fuel\Core\Request::__construct - Creating a new main Request with URI = "admin"
INFO - 2017-04-24 18:59:41 --> Fuel\Core\Request::execute - Called
INFO - 2017-04-24 18:59:41 --> Fuel\Core\Request::execute - Setting main Request
INFO - 2017-04-24 20:33:19 --> Fuel\Core\Request::__construct - Creating a new main Request with URI = "admin"
INFO - 2017-04-24 20:33:19 --> Fuel\Core\Request::execute - Called
INFO - 2017-04-24 20:33:19 --> Fuel\Core\Request::execute - Setting main Request
