<?php defined('COREPATH') or exit('No direct script access allowed'); ?>

INFO - 2017-04-27 10:43:12 --> Fuel\Core\Request::__construct - Creating a new main Request with URI = "admin"
INFO - 2017-04-27 10:43:12 --> Fuel\Core\Request::execute - Called
INFO - 2017-04-27 10:43:12 --> Fuel\Core\Request::execute - Setting main Request
INFO - 2017-04-27 10:55:55 --> Fuel\Core\Request::__construct - Creating a new main Request with URI = "admin"
INFO - 2017-04-27 10:55:55 --> Fuel\Core\Request::execute - Called
INFO - 2017-04-27 10:55:55 --> Fuel\Core\Request::execute - Setting main Request
INFO - 2017-04-27 10:56:00 --> Fuel\Core\Request::__construct - Creating a new main Request with URI = "admin"
INFO - 2017-04-27 10:56:00 --> Fuel\Core\Request::execute - Called
INFO - 2017-04-27 10:56:00 --> Fuel\Core\Request::execute - Setting main Request
INFO - 2017-04-27 12:28:18 --> Fuel\Core\Request::__construct - Creating a new main Request with URI = "admin/memo/svn"
INFO - 2017-04-27 12:28:18 --> Fuel\Core\Request::execute - Called
INFO - 2017-04-27 12:28:18 --> Fuel\Core\Request::execute - Setting main Request
INFO - 2017-04-27 12:36:04 --> Fuel\Core\Request::__construct - Creating a new main Request with URI = "admin/editNews"
INFO - 2017-04-27 12:36:04 --> Fuel\Core\Request::execute - Called
INFO - 2017-04-27 12:36:04 --> Fuel\Core\Request::execute - Setting main Request
INFO - 2017-04-27 17:58:09 --> Fuel\Core\Request::__construct - Creating a new main Request with URI = "admin"
INFO - 2017-04-27 17:58:09 --> Fuel\Core\Request::execute - Called
INFO - 2017-04-27 17:58:09 --> Fuel\Core\Request::execute - Setting main Request
INFO - 2017-04-27 18:32:51 --> Fuel\Core\Request::__construct - Creating a new main Request with URI = "admin"
INFO - 2017-04-27 18:32:51 --> Fuel\Core\Request::execute - Called
INFO - 2017-04-27 18:32:51 --> Fuel\Core\Request::execute - Setting main Request
